{"numTotalTestSuites":24,"numPassedTestSuites":24,"numFailedTestSuites":0,"numPendingTestSuites":0,"numTotalTests":64,"numPassedTests":64,"numFailedTests":0,"numPendingTests":0,"numTodoTests":0,"snapshot":{"added":0,"failure":false,"filesAdded":0,"filesRemoved":0,"filesRemovedList":[],"filesUnmatched":0,"filesUpdated":0,"matched":0,"total":0,"unchecked":0,"uncheckedKeysByFile":[],"unmatched":0,"updated":0,"didUpdate":false},"startTime":1753736872118,"success":true,"testResults":[{"assertionResults":[{"ancestorTitles":["HyprlandEventSystem","Connection Management"],"fullName":"HyprlandEventSystem Connection Management should connect to event socket successfully","status":"passed","title":"should connect to event socket successfully","duration":4.608109000000013,"failureMessages":[],"meta":{}},{"ancestorTitles":["HyprlandEventSystem","Connection Management"],"fullName":"HyprlandEventSystem Connection Management should handle connection errors gracefully","status":"passed","title":"should handle connection errors gracefully","duration":1.1744049999999788,"failureMessages":[],"meta":{}},{"ancestorTitles":["HyprlandEventSystem","Connection Management"],"fullName":"HyprlandEventSystem Connection Management should not connect if already connected","status":"passed","title":"should not connect if already connected","duration":0.7217000000000553,"failureMessages":[],"meta":{}},{"ancestorTitles":["HyprlandEventSystem","Connection Management"],"fullName":"HyprlandEventSystem Connection Management should disconnect cleanly","status":"passed","title":"should disconnect cleanly","duration":0.327686999999969,"failureMessages":[],"meta":{}},{"ancestorTitles":["HyprlandEventSystem","Connection Management"],"fullName":"HyprlandEventSystem Connection Management should prevent connection during shutdown","status":"passed","title":"should prevent connection during shutdown","duration":0.7352889999999661,"failureMessages":[],"meta":{}},{"ancestorTitles":["HyprlandEventSystem","Event Subscription"],"fullName":"HyprlandEventSystem Event Subscription should subscribe to single event type","status":"passed","title":"should subscribe to single event type","duration":1.0752280000000383,"failureMessages":[],"meta":{}},{"ancestorTitles":["HyprlandEventSystem","Event Subscription"],"fullName":"HyprlandEventSystem Event Subscription should subscribe to multiple event types","status":"passed","title":"should subscribe to multiple event types","duration":0.8430650000000242,"failureMessages":[],"meta":{}},{"ancestorTitles":["HyprlandEventSystem","Event Subscription"],"fullName":"HyprlandEventSystem Event Subscription should unsubscribe successfully","status":"passed","title":"should unsubscribe successfully","duration":0.4642350000000306,"failureMessages":[],"meta":{}},{"ancestorTitles":["HyprlandEventSystem","Event Subscription"],"fullName":"HyprlandEventSystem Event Subscription should enforce subscription limits per event type","status":"passed","title":"should enforce subscription limits per event type","duration":1.1057090000000471,"failureMessages":[],"meta":{}},{"ancestorTitles":["HyprlandEventSystem","Event Subscription"],"fullName":"HyprlandEventSystem Event Subscription should handle subscription options correctly","status":"passed","title":"should handle subscription options correctly","duration":0.44587799999999334,"failureMessages":[],"meta":{}},{"ancestorTitles":["HyprlandEventSystem","Event Processing"],"fullName":"HyprlandEventSystem Event Processing should process valid events","status":"passed","title":"should process valid events","duration":13.574339000000009,"failureMessages":[],"meta":{}},{"ancestorTitles":["HyprlandEventSystem","Event Processing"],"fullName":"HyprlandEventSystem Event Processing should filter events based on event type","status":"passed","title":"should filter events based on event type","duration":10.846192999999971,"failureMessages":[],"meta":{}},{"ancestorTitles":["HyprlandEventSystem","Event Processing"],"fullName":"HyprlandEventSystem Event Processing should handle wildcard subscriptions","status":"passed","title":"should handle wildcard subscriptions","duration":11.194075999999995,"failureMessages":[],"meta":{}},{"ancestorTitles":["HyprlandEventSystem","Event Processing"],"fullName":"HyprlandEventSystem Event Processing should deduplicate events","status":"passed","title":"should deduplicate events","duration":11.560712999999964,"failureMessages":[],"meta":{}},{"ancestorTitles":["HyprlandEventSystem","Event Processing"],"fullName":"HyprlandEventSystem Event Processing should maintain event ordering","status":"passed","title":"should maintain event ordering","duration":51.18405400000006,"failureMessages":[],"meta":{}},{"ancestorTitles":["HyprlandEventSystem","Event Filtering and Transformation"],"fullName":"HyprlandEventSystem Event Filtering and Transformation should filter events using predicate","status":"passed","title":"should filter events using predicate","duration":12.201325999999995,"failureMessages":[],"meta":{}},{"ancestorTitles":["HyprlandEventSystem","Event Filtering and Transformation"],"fullName":"HyprlandEventSystem Event Filtering and Transformation should transform events before delivery","status":"passed","title":"should transform events before delivery","duration":11.762724000000048,"failureMessages":[],"meta":{}},{"ancestorTitles":["HyprlandEventSystem","Event Filtering and Transformation"],"fullName":"HyprlandEventSystem Event Filtering and Transformation should apply both filter and transform","status":"passed","title":"should apply both filter and transform","duration":11.760808999999995,"failureMessages":[],"meta":{}},{"ancestorTitles":["HyprlandEventSystem","Event Buffering and Backpressure"],"fullName":"HyprlandEventSystem Event Buffering and Backpressure should buffer events when processing is slow","status":"passed","title":"should buffer events when processing is slow","duration":51.19704899999999,"failureMessages":[],"meta":{}},{"ancestorTitles":["HyprlandEventSystem","Event Buffering and Backpressure"],"fullName":"HyprlandEventSystem Event Buffering and Backpressure should drop old events when buffer overflows","status":"passed","title":"should drop old events when buffer overflows","duration":201.667549,"failureMessages":[],"meta":{}},{"ancestorTitles":["HyprlandEventSystem","Event Replay"],"fullName":"HyprlandEventSystem Event Replay should replay events for subscriptions with replay enabled","status":"passed","title":"should replay events for subscriptions with replay enabled","duration":11.529200999999944,"failureMessages":[],"meta":{}},{"ancestorTitles":["HyprlandEventSystem","Event Replay"],"fullName":"HyprlandEventSystem Event Replay should replay events from specific timestamp","status":"passed","title":"should replay events from specific timestamp","duration":19.974143000000026,"failureMessages":[],"meta":{}},{"ancestorTitles":["HyprlandEventSystem","Error Handling"],"fullName":"HyprlandEventSystem Error Handling should handle subscription errors gracefully","status":"passed","title":"should handle subscription errors gracefully","duration":10.89738699999998,"failureMessages":[],"meta":{}},{"ancestorTitles":["HyprlandEventSystem","Error Handling"],"fullName":"HyprlandEventSystem Error Handling should handle connection errors","status":"passed","title":"should handle connection errors","duration":0.8857720000000882,"failureMessages":[],"meta":{}},{"ancestorTitles":["HyprlandEventSystem","Error Handling"],"fullName":"HyprlandEventSystem Error Handling should handle event validation errors","status":"passed","title":"should handle event validation errors","duration":51.096647000000075,"failureMessages":[],"meta":{}},{"ancestorTitles":["HyprlandEventSystem","Statistics and Monitoring"],"fullName":"HyprlandEventSystem Statistics and Monitoring should track event statistics","status":"passed","title":"should track event statistics","duration":20.835767999999916,"failureMessages":[],"meta":{}},{"ancestorTitles":["HyprlandEventSystem","Statistics and Monitoring"],"fullName":"HyprlandEventSystem Statistics and Monitoring should track subscription statistics","status":"passed","title":"should track subscription statistics","duration":10.936308999999937,"failureMessages":[],"meta":{}},{"ancestorTitles":["HyprlandEventSystem","Statistics and Monitoring"],"fullName":"HyprlandEventSystem Statistics and Monitoring should emit statistics reports","status":"passed","title":"should emit statistics reports","duration":0.6623620000000301,"failureMessages":[],"meta":{}},{"ancestorTitles":["HyprlandEventSystem","Concurrency Safety"],"fullName":"HyprlandEventSystem Concurrency Safety should handle concurrent subscriptions safely","status":"passed","title":"should handle concurrent subscriptions safely","duration":1.4782000000000153,"failureMessages":[],"meta":{}},{"ancestorTitles":["HyprlandEventSystem","Concurrency Safety"],"fullName":"HyprlandEventSystem Concurrency Safety should handle concurrent event processing safely","status":"passed","title":"should handle concurrent event processing safely","duration":52.03195299999993,"failureMessages":[],"meta":{}},{"ancestorTitles":["HyprlandEventSystem","Resource Cleanup"],"fullName":"HyprlandEventSystem Resource Cleanup should clean up resources on disconnect","status":"passed","title":"should clean up resources on disconnect","duration":100.57394,"failureMessages":[],"meta":{}},{"ancestorTitles":["HyprlandEventSystem","Resource Cleanup"],"fullName":"HyprlandEventSystem Resource Cleanup should perform periodic cleanup","status":"passed","title":"should perform periodic cleanup","duration":302.495715,"failureMessages":[],"meta":{}}],"startTime":1753736872417,"endTime":1753736873400.4956,"status":"passed","message":"","name":"/home/connerohnesorge/Documents/001Repos/hyprland-ts/src/event-system.spec.ts"},{"assertionResults":[{"ancestorTitles":["src/event-system.spec.ts","HyprlandEventSystem","Connection Management"],"fullName":"src/event-system.spec.ts HyprlandEventSystem Connection Management should connect to event socket successfully","status":"passed","title":"should connect to event socket successfully","failureMessages":[],"meta":{"typecheck":true}},{"ancestorTitles":["src/event-system.spec.ts","HyprlandEventSystem","Connection Management"],"fullName":"src/event-system.spec.ts HyprlandEventSystem Connection Management should handle connection errors gracefully","status":"passed","title":"should handle connection errors gracefully","failureMessages":[],"meta":{"typecheck":true}},{"ancestorTitles":["src/event-system.spec.ts","HyprlandEventSystem","Connection Management"],"fullName":"src/event-system.spec.ts HyprlandEventSystem Connection Management should not connect if already connected","status":"passed","title":"should not connect if already connected","failureMessages":[],"meta":{"typecheck":true}},{"ancestorTitles":["src/event-system.spec.ts","HyprlandEventSystem","Connection Management"],"fullName":"src/event-system.spec.ts HyprlandEventSystem Connection Management should disconnect cleanly","status":"passed","title":"should disconnect cleanly","failureMessages":[],"meta":{"typecheck":true}},{"ancestorTitles":["src/event-system.spec.ts","HyprlandEventSystem","Connection Management"],"fullName":"src/event-system.spec.ts HyprlandEventSystem Connection Management should prevent connection during shutdown","status":"passed","title":"should prevent connection during shutdown","failureMessages":[],"meta":{"typecheck":true}},{"ancestorTitles":["src/event-system.spec.ts","HyprlandEventSystem","Event Subscription"],"fullName":"src/event-system.spec.ts HyprlandEventSystem Event Subscription should subscribe to single event type","status":"passed","title":"should subscribe to single event type","failureMessages":[],"meta":{"typecheck":true}},{"ancestorTitles":["src/event-system.spec.ts","HyprlandEventSystem","Event Subscription"],"fullName":"src/event-system.spec.ts HyprlandEventSystem Event Subscription should subscribe to multiple event types","status":"passed","title":"should subscribe to multiple event types","failureMessages":[],"meta":{"typecheck":true}},{"ancestorTitles":["src/event-system.spec.ts","HyprlandEventSystem","Event Subscription"],"fullName":"src/event-system.spec.ts HyprlandEventSystem Event Subscription should unsubscribe successfully","status":"passed","title":"should unsubscribe successfully","failureMessages":[],"meta":{"typecheck":true}},{"ancestorTitles":["src/event-system.spec.ts","HyprlandEventSystem","Event Subscription"],"fullName":"src/event-system.spec.ts HyprlandEventSystem Event Subscription should enforce subscription limits per event type","status":"passed","title":"should enforce subscription limits per event type","failureMessages":[],"meta":{"typecheck":true}},{"ancestorTitles":["src/event-system.spec.ts","HyprlandEventSystem","Event Subscription"],"fullName":"src/event-system.spec.ts HyprlandEventSystem Event Subscription should handle subscription options correctly","status":"passed","title":"should handle subscription options correctly","failureMessages":[],"meta":{"typecheck":true}},{"ancestorTitles":["src/event-system.spec.ts","HyprlandEventSystem","Event Processing"],"fullName":"src/event-system.spec.ts HyprlandEventSystem Event Processing should process valid events","status":"passed","title":"should process valid events","failureMessages":[],"meta":{"typecheck":true}},{"ancestorTitles":["src/event-system.spec.ts","HyprlandEventSystem","Event Processing"],"fullName":"src/event-system.spec.ts HyprlandEventSystem Event Processing should filter events based on event type","status":"passed","title":"should filter events based on event type","failureMessages":[],"meta":{"typecheck":true}},{"ancestorTitles":["src/event-system.spec.ts","HyprlandEventSystem","Event Processing"],"fullName":"src/event-system.spec.ts HyprlandEventSystem Event Processing should handle wildcard subscriptions","status":"passed","title":"should handle wildcard subscriptions","failureMessages":[],"meta":{"typecheck":true}},{"ancestorTitles":["src/event-system.spec.ts","HyprlandEventSystem","Event Processing"],"fullName":"src/event-system.spec.ts HyprlandEventSystem Event Processing should deduplicate events","status":"passed","title":"should deduplicate events","failureMessages":[],"meta":{"typecheck":true}},{"ancestorTitles":["src/event-system.spec.ts","HyprlandEventSystem","Event Processing"],"fullName":"src/event-system.spec.ts HyprlandEventSystem Event Processing should maintain event ordering","status":"passed","title":"should maintain event ordering","failureMessages":[],"meta":{"typecheck":true}},{"ancestorTitles":["src/event-system.spec.ts","HyprlandEventSystem","Event Filtering and Transformation"],"fullName":"src/event-system.spec.ts HyprlandEventSystem Event Filtering and Transformation should filter events using predicate","status":"passed","title":"should filter events using predicate","failureMessages":[],"meta":{"typecheck":true}},{"ancestorTitles":["src/event-system.spec.ts","HyprlandEventSystem","Event Filtering and Transformation"],"fullName":"src/event-system.spec.ts HyprlandEventSystem Event Filtering and Transformation should transform events before delivery","status":"passed","title":"should transform events before delivery","failureMessages":[],"meta":{"typecheck":true}},{"ancestorTitles":["src/event-system.spec.ts","HyprlandEventSystem","Event Filtering and Transformation"],"fullName":"src/event-system.spec.ts HyprlandEventSystem Event Filtering and Transformation should apply both filter and transform","status":"passed","title":"should apply both filter and transform","failureMessages":[],"meta":{"typecheck":true}},{"ancestorTitles":["src/event-system.spec.ts","HyprlandEventSystem","Event Buffering and Backpressure"],"fullName":"src/event-system.spec.ts HyprlandEventSystem Event Buffering and Backpressure should buffer events when processing is slow","status":"passed","title":"should buffer events when processing is slow","failureMessages":[],"meta":{"typecheck":true}},{"ancestorTitles":["src/event-system.spec.ts","HyprlandEventSystem","Event Buffering and Backpressure"],"fullName":"src/event-system.spec.ts HyprlandEventSystem Event Buffering and Backpressure should drop old events when buffer overflows","status":"passed","title":"should drop old events when buffer overflows","failureMessages":[],"meta":{"typecheck":true}},{"ancestorTitles":["src/event-system.spec.ts","HyprlandEventSystem","Event Replay"],"fullName":"src/event-system.spec.ts HyprlandEventSystem Event Replay should replay events for subscriptions with replay enabled","status":"passed","title":"should replay events for subscriptions with replay enabled","failureMessages":[],"meta":{"typecheck":true}},{"ancestorTitles":["src/event-system.spec.ts","HyprlandEventSystem","Event Replay"],"fullName":"src/event-system.spec.ts HyprlandEventSystem Event Replay should replay events from specific timestamp","status":"passed","title":"should replay events from specific timestamp","failureMessages":[],"meta":{"typecheck":true}},{"ancestorTitles":["src/event-system.spec.ts","HyprlandEventSystem","Error Handling"],"fullName":"src/event-system.spec.ts HyprlandEventSystem Error Handling should handle subscription errors gracefully","status":"passed","title":"should handle subscription errors gracefully","failureMessages":[],"meta":{"typecheck":true}},{"ancestorTitles":["src/event-system.spec.ts","HyprlandEventSystem","Error Handling"],"fullName":"src/event-system.spec.ts HyprlandEventSystem Error Handling should handle connection errors","status":"passed","title":"should handle connection errors","failureMessages":[],"meta":{"typecheck":true}},{"ancestorTitles":["src/event-system.spec.ts","HyprlandEventSystem","Error Handling"],"fullName":"src/event-system.spec.ts HyprlandEventSystem Error Handling should handle event validation errors","status":"passed","title":"should handle event validation errors","failureMessages":[],"meta":{"typecheck":true}},{"ancestorTitles":["src/event-system.spec.ts","HyprlandEventSystem","Statistics and Monitoring"],"fullName":"src/event-system.spec.ts HyprlandEventSystem Statistics and Monitoring should track event statistics","status":"passed","title":"should track event statistics","failureMessages":[],"meta":{"typecheck":true}},{"ancestorTitles":["src/event-system.spec.ts","HyprlandEventSystem","Statistics and Monitoring"],"fullName":"src/event-system.spec.ts HyprlandEventSystem Statistics and Monitoring should track subscription statistics","status":"passed","title":"should track subscription statistics","failureMessages":[],"meta":{"typecheck":true}},{"ancestorTitles":["src/event-system.spec.ts","HyprlandEventSystem","Statistics and Monitoring"],"fullName":"src/event-system.spec.ts HyprlandEventSystem Statistics and Monitoring should emit statistics reports","status":"passed","title":"should emit statistics reports","failureMessages":[],"meta":{"typecheck":true}},{"ancestorTitles":["src/event-system.spec.ts","HyprlandEventSystem","Concurrency Safety"],"fullName":"src/event-system.spec.ts HyprlandEventSystem Concurrency Safety should handle concurrent subscriptions safely","status":"passed","title":"should handle concurrent subscriptions safely","failureMessages":[],"meta":{"typecheck":true}},{"ancestorTitles":["src/event-system.spec.ts","HyprlandEventSystem","Concurrency Safety"],"fullName":"src/event-system.spec.ts HyprlandEventSystem Concurrency Safety should handle concurrent event processing safely","status":"passed","title":"should handle concurrent event processing safely","failureMessages":[],"meta":{"typecheck":true}},{"ancestorTitles":["src/event-system.spec.ts","HyprlandEventSystem","Resource Cleanup"],"fullName":"src/event-system.spec.ts HyprlandEventSystem Resource Cleanup should clean up resources on disconnect","status":"passed","title":"should clean up resources on disconnect","failureMessages":[],"meta":{"typecheck":true}},{"ancestorTitles":["src/event-system.spec.ts","HyprlandEventSystem","Resource Cleanup"],"fullName":"src/event-system.spec.ts HyprlandEventSystem Resource Cleanup should perform periodic cleanup","status":"passed","title":"should perform periodic cleanup","failureMessages":[],"meta":{"typecheck":true}}],"startTime":1753736872118,"endTime":1753736872118,"status":"passed","message":"","name":"/home/connerohnesorge/Documents/001Repos/hyprland-ts/src/event-system.spec.ts"}]}