{"numTotalTestSuites":32,"numPassedTestSuites":32,"numFailedTestSuites":0,"numPendingTestSuites":0,"numTotalTests":54,"numPassedTests":54,"numFailedTests":0,"numPendingTests":0,"numTodoTests":0,"snapshot":{"added":0,"failure":false,"filesAdded":0,"filesRemoved":0,"filesRemovedList":[],"filesUnmatched":0,"filesUpdated":0,"matched":0,"total":0,"unchecked":0,"uncheckedKeysByFile":[],"unmatched":0,"updated":0,"didUpdate":false},"startTime":1753573128845,"success":true,"testResults":[{"assertionResults":[{"ancestorTitles":["Simple Test Suite Verification"],"fullName":"Simple Test Suite Verification should create mock window","status":"passed","title":"should create mock window","duration":3.623202999999876,"failureMessages":[],"meta":{}},{"ancestorTitles":["Simple Test Suite Verification"],"fullName":"Simple Test Suite Verification should handle custom window properties","status":"passed","title":"should handle custom window properties","duration":0.5635889999998653,"failureMessages":[],"meta":{}}],"startTime":1753573129676,"endTime":1753573129680.5635,"status":"passed","message":"","name":"/home/connerohnesorge/Documents/001Repos/hyprland-ts/src/basic.spec.ts"},{"assertionResults":[{"ancestorTitles":["utils"],"fullName":"utils should run basic test to verify vitest setup","status":"passed","title":"should run basic test to verify vitest setup","duration":1.7938950000000204,"failureMessages":[],"meta":{}},{"ancestorTitles":["utils"],"fullName":"utils should handle async operations","status":"passed","title":"should handle async operations","duration":11.420109000000025,"failureMessages":[],"meta":{}},{"ancestorTitles":["utils"],"fullName":"utils should handle error cases","status":"passed","title":"should handle error cases","duration":1.7435350000000653,"failureMessages":[],"meta":{}}],"startTime":1753573129171,"endTime":1753573129185.7437,"status":"passed","message":"","name":"/home/connerohnesorge/Documents/001Repos/hyprland-ts/src/utils.spec.ts"},{"assertionResults":[{"ancestorTitles":["Validation Functions","validateHyprlandWindow"],"fullName":"Validation Functions validateHyprlandWindow validates correct window objects","status":"passed","title":"validates correct window objects","duration":3.235725000000002,"failureMessages":[],"meta":{}},{"ancestorTitles":["Validation Functions","validateHyprlandWindow"],"fullName":"Validation Functions validateHyprlandWindow rejects invalid window objects","status":"passed","title":"rejects invalid window objects","duration":0.5512650000000576,"failureMessages":[],"meta":{}},{"ancestorTitles":["Validation Functions","validateHyprlandWindow"],"fullName":"Validation Functions validateHyprlandWindow validates window with custom properties","status":"passed","title":"validates window with custom properties","duration":0.4850269999999455,"failureMessages":[],"meta":{}},{"ancestorTitles":["Validation Functions","validateHyprlandWorkspace"],"fullName":"Validation Functions validateHyprlandWorkspace validates correct workspace objects","status":"passed","title":"validates correct workspace objects","duration":0.4123770000001059,"failureMessages":[],"meta":{}},{"ancestorTitles":["Validation Functions","validateHyprlandWorkspace"],"fullName":"Validation Functions validateHyprlandWorkspace validates empty workspace","status":"passed","title":"validates empty workspace","duration":0.27512799999999515,"failureMessages":[],"meta":{}},{"ancestorTitles":["Validation Functions","validateHyprlandMonitor"],"fullName":"Validation Functions validateHyprlandMonitor validates correct monitor objects","status":"passed","title":"validates correct monitor objects","duration":0.588092999999958,"failureMessages":[],"meta":{}},{"ancestorTitles":["Validation Functions","validateHyprlandMonitor"],"fullName":"Validation Functions validateHyprlandMonitor validates monitor with different configurations","status":"passed","title":"validates monitor with different configurations","duration":0.2966910000000098,"failureMessages":[],"meta":{}},{"ancestorTitles":["Validation Functions","Array Validation"],"fullName":"Validation Functions Array Validation validates window arrays","status":"passed","title":"validates window arrays","duration":1.6684420000000273,"failureMessages":[],"meta":{}},{"ancestorTitles":["Validation Functions","Array Validation"],"fullName":"Validation Functions Array Validation validates workspace arrays","status":"passed","title":"validates workspace arrays","duration":0.936467000000107,"failureMessages":[],"meta":{}},{"ancestorTitles":["Validation Functions","Array Validation"],"fullName":"Validation Functions Array Validation validates monitor arrays","status":"passed","title":"validates monitor arrays","duration":0.6459249999999201,"failureMessages":[],"meta":{}},{"ancestorTitles":["Type Guards","isHyprlandWindow"],"fullName":"Type Guards isHyprlandWindow identifies valid windows","status":"passed","title":"identifies valid windows","duration":0.25773900000001504,"failureMessages":[],"meta":{}},{"ancestorTitles":["Type Guards","isHyprlandWindow"],"fullName":"Type Guards isHyprlandWindow rejects invalid data","status":"passed","title":"rejects invalid data","duration":0.2553850000000466,"failureMessages":[],"meta":{}},{"ancestorTitles":["Type Guards","isHyprlandWindow"],"fullName":"Type Guards isHyprlandWindow validates all required properties","status":"passed","title":"validates all required properties","duration":0.13770899999997255,"failureMessages":[],"meta":{}},{"ancestorTitles":["Type Guards","isHyprlandWorkspace"],"fullName":"Type Guards isHyprlandWorkspace identifies valid workspaces","status":"passed","title":"identifies valid workspaces","duration":0.21056900000007772,"failureMessages":[],"meta":{}},{"ancestorTitles":["Type Guards","isHyprlandWorkspace"],"fullName":"Type Guards isHyprlandWorkspace rejects invalid data","status":"passed","title":"rejects invalid data","duration":0.16704700000002504,"failureMessages":[],"meta":{}},{"ancestorTitles":["Type Guards","isHyprlandMonitor"],"fullName":"Type Guards isHyprlandMonitor identifies valid monitors","status":"passed","title":"identifies valid monitors","duration":0.24650199999996403,"failureMessages":[],"meta":{}},{"ancestorTitles":["Type Guards","isHyprlandMonitor"],"fullName":"Type Guards isHyprlandMonitor rejects invalid data","status":"passed","title":"rejects invalid data","duration":0.17336099999999988,"failureMessages":[],"meta":{}},{"ancestorTitles":["Type Guards","isHyprlandWorkspaceInfo"],"fullName":"Type Guards isHyprlandWorkspaceInfo identifies valid workspace info","status":"passed","title":"identifies valid workspace info","duration":0.15635200000008354,"failureMessages":[],"meta":{}},{"ancestorTitles":["Type Guards","isHyprlandWorkspaceInfo"],"fullName":"Type Guards isHyprlandWorkspaceInfo handles special workspace IDs","status":"passed","title":"handles special workspace IDs","duration":0.12529099999994742,"failureMessages":[],"meta":{}},{"ancestorTitles":["Edge Cases"],"fullName":"Edge Cases handles extreme numeric values","status":"passed","title":"handles extreme numeric values","duration":0.2167459999999437,"failureMessages":[],"meta":{}},{"ancestorTitles":["Edge Cases"],"fullName":"Edge Cases handles empty strings","status":"passed","title":"handles empty strings","duration":0.16685099999995145,"failureMessages":[],"meta":{}},{"ancestorTitles":["Edge Cases"],"fullName":"Edge Cases handles Unicode strings","status":"passed","title":"handles Unicode strings","duration":0.14561600000001818,"failureMessages":[],"meta":{}}],"startTime":1753573129252,"endTime":1753573129265.2168,"status":"passed","message":"","name":"/home/connerohnesorge/Documents/001Repos/hyprland-ts/src/validation.spec.ts"},{"assertionResults":[{"ancestorTitles":["src/basic.spec.ts","Simple Test Suite Verification"],"fullName":"src/basic.spec.ts Simple Test Suite Verification should create mock window","status":"passed","title":"should create mock window","failureMessages":[],"meta":{"typecheck":true}},{"ancestorTitles":["src/basic.spec.ts","Simple Test Suite Verification"],"fullName":"src/basic.spec.ts Simple Test Suite Verification should handle custom window properties","status":"passed","title":"should handle custom window properties","failureMessages":[],"meta":{"typecheck":true}}],"startTime":1753573128845,"endTime":1753573128845,"status":"passed","message":"","name":"/home/connerohnesorge/Documents/001Repos/hyprland-ts/src/basic.spec.ts"},{"assertionResults":[{"ancestorTitles":["src/utils.spec.ts","utils"],"fullName":"src/utils.spec.ts utils should run basic test to verify vitest setup","status":"passed","title":"should run basic test to verify vitest setup","failureMessages":[],"meta":{"typecheck":true}},{"ancestorTitles":["src/utils.spec.ts","utils"],"fullName":"src/utils.spec.ts utils should handle async operations","status":"passed","title":"should handle async operations","failureMessages":[],"meta":{"typecheck":true}},{"ancestorTitles":["src/utils.spec.ts","utils"],"fullName":"src/utils.spec.ts utils should handle error cases","status":"passed","title":"should handle error cases","failureMessages":[],"meta":{"typecheck":true}}],"startTime":1753573128845,"endTime":1753573128845,"status":"passed","message":"","name":"/home/connerohnesorge/Documents/001Repos/hyprland-ts/src/utils.spec.ts"},{"assertionResults":[{"ancestorTitles":["src/validation.spec.ts","Validation Functions","validateHyprlandWindow"],"fullName":"src/validation.spec.ts Validation Functions validateHyprlandWindow validates correct window objects","status":"passed","title":"validates correct window objects","failureMessages":[],"meta":{"typecheck":true}},{"ancestorTitles":["src/validation.spec.ts","Validation Functions","validateHyprlandWindow"],"fullName":"src/validation.spec.ts Validation Functions validateHyprlandWindow rejects invalid window objects","status":"passed","title":"rejects invalid window objects","failureMessages":[],"meta":{"typecheck":true}},{"ancestorTitles":["src/validation.spec.ts","Validation Functions","validateHyprlandWindow"],"fullName":"src/validation.spec.ts Validation Functions validateHyprlandWindow validates window with custom properties","status":"passed","title":"validates window with custom properties","failureMessages":[],"meta":{"typecheck":true}},{"ancestorTitles":["src/validation.spec.ts","Validation Functions","validateHyprlandWorkspace"],"fullName":"src/validation.spec.ts Validation Functions validateHyprlandWorkspace validates correct workspace objects","status":"passed","title":"validates correct workspace objects","failureMessages":[],"meta":{"typecheck":true}},{"ancestorTitles":["src/validation.spec.ts","Validation Functions","validateHyprlandWorkspace"],"fullName":"src/validation.spec.ts Validation Functions validateHyprlandWorkspace validates empty workspace","status":"passed","title":"validates empty workspace","failureMessages":[],"meta":{"typecheck":true}},{"ancestorTitles":["src/validation.spec.ts","Validation Functions","validateHyprlandMonitor"],"fullName":"src/validation.spec.ts Validation Functions validateHyprlandMonitor validates correct monitor objects","status":"passed","title":"validates correct monitor objects","failureMessages":[],"meta":{"typecheck":true}},{"ancestorTitles":["src/validation.spec.ts","Validation Functions","validateHyprlandMonitor"],"fullName":"src/validation.spec.ts Validation Functions validateHyprlandMonitor validates monitor with different configurations","status":"passed","title":"validates monitor with different configurations","failureMessages":[],"meta":{"typecheck":true}},{"ancestorTitles":["src/validation.spec.ts","Validation Functions","Array Validation"],"fullName":"src/validation.spec.ts Validation Functions Array Validation validates window arrays","status":"passed","title":"validates window arrays","failureMessages":[],"meta":{"typecheck":true}},{"ancestorTitles":["src/validation.spec.ts","Validation Functions","Array Validation"],"fullName":"src/validation.spec.ts Validation Functions Array Validation validates workspace arrays","status":"passed","title":"validates workspace arrays","failureMessages":[],"meta":{"typecheck":true}},{"ancestorTitles":["src/validation.spec.ts","Validation Functions","Array Validation"],"fullName":"src/validation.spec.ts Validation Functions Array Validation validates monitor arrays","status":"passed","title":"validates monitor arrays","failureMessages":[],"meta":{"typecheck":true}},{"ancestorTitles":["src/validation.spec.ts","Type Guards","isHyprlandWindow"],"fullName":"src/validation.spec.ts Type Guards isHyprlandWindow identifies valid windows","status":"passed","title":"identifies valid windows","failureMessages":[],"meta":{"typecheck":true}},{"ancestorTitles":["src/validation.spec.ts","Type Guards","isHyprlandWindow"],"fullName":"src/validation.spec.ts Type Guards isHyprlandWindow rejects invalid data","status":"passed","title":"rejects invalid data","failureMessages":[],"meta":{"typecheck":true}},{"ancestorTitles":["src/validation.spec.ts","Type Guards","isHyprlandWindow"],"fullName":"src/validation.spec.ts Type Guards isHyprlandWindow validates all required properties","status":"passed","title":"validates all required properties","failureMessages":[],"meta":{"typecheck":true}},{"ancestorTitles":["src/validation.spec.ts","Type Guards","isHyprlandWorkspace"],"fullName":"src/validation.spec.ts Type Guards isHyprlandWorkspace identifies valid workspaces","status":"passed","title":"identifies valid workspaces","failureMessages":[],"meta":{"typecheck":true}},{"ancestorTitles":["src/validation.spec.ts","Type Guards","isHyprlandWorkspace"],"fullName":"src/validation.spec.ts Type Guards isHyprlandWorkspace rejects invalid data","status":"passed","title":"rejects invalid data","failureMessages":[],"meta":{"typecheck":true}},{"ancestorTitles":["src/validation.spec.ts","Type Guards","isHyprlandMonitor"],"fullName":"src/validation.spec.ts Type Guards isHyprlandMonitor identifies valid monitors","status":"passed","title":"identifies valid monitors","failureMessages":[],"meta":{"typecheck":true}},{"ancestorTitles":["src/validation.spec.ts","Type Guards","isHyprlandMonitor"],"fullName":"src/validation.spec.ts Type Guards isHyprlandMonitor rejects invalid data","status":"passed","title":"rejects invalid data","failureMessages":[],"meta":{"typecheck":true}},{"ancestorTitles":["src/validation.spec.ts","Type Guards","isHyprlandWorkspaceInfo"],"fullName":"src/validation.spec.ts Type Guards isHyprlandWorkspaceInfo identifies valid workspace info","status":"passed","title":"identifies valid workspace info","failureMessages":[],"meta":{"typecheck":true}},{"ancestorTitles":["src/validation.spec.ts","Type Guards","isHyprlandWorkspaceInfo"],"fullName":"src/validation.spec.ts Type Guards isHyprlandWorkspaceInfo handles special workspace IDs","status":"passed","title":"handles special workspace IDs","failureMessages":[],"meta":{"typecheck":true}},{"ancestorTitles":["src/validation.spec.ts","Edge Cases"],"fullName":"src/validation.spec.ts Edge Cases handles extreme numeric values","status":"passed","title":"handles extreme numeric values","failureMessages":[],"meta":{"typecheck":true}},{"ancestorTitles":["src/validation.spec.ts","Edge Cases"],"fullName":"src/validation.spec.ts Edge Cases handles empty strings","status":"passed","title":"handles empty strings","failureMessages":[],"meta":{"typecheck":true}},{"ancestorTitles":["src/validation.spec.ts","Edge Cases"],"fullName":"src/validation.spec.ts Edge Cases handles Unicode strings","status":"passed","title":"handles Unicode strings","failureMessages":[],"meta":{"typecheck":true}}],"startTime":1753573128845,"endTime":1753573128845,"status":"passed","message":"","name":"/home/connerohnesorge/Documents/001Repos/hyprland-ts/src/validation.spec.ts"}]}