{"numTotalTestSuites":88,"numPassedTestSuites":88,"numFailedTestSuites":0,"numPendingTestSuites":0,"numTotalTests":168,"numPassedTests":168,"numFailedTests":0,"numPendingTests":0,"numTodoTests":0,"snapshot":{"added":0,"failure":false,"filesAdded":0,"filesRemoved":0,"filesRemovedList":[],"filesUnmatched":0,"filesUpdated":0,"matched":0,"total":0,"unchecked":0,"uncheckedKeysByFile":[],"unmatched":0,"updated":0,"didUpdate":false},"startTime":1753713592204,"success":true,"testResults":[{"assertionResults":[{"ancestorTitles":["Simple Test Suite Verification"],"fullName":"Simple Test Suite Verification should create mock window","status":"passed","title":"should create mock window","duration":1.9814320000000407,"failureMessages":[],"meta":{}},{"ancestorTitles":["Simple Test Suite Verification"],"fullName":"Simple Test Suite Verification should handle custom window properties","status":"passed","title":"should handle custom window properties","duration":0.27648500000009335,"failureMessages":[],"meta":{}}],"startTime":1753713593418,"endTime":1753713593420.2764,"status":"passed","message":"","name":"/home/connerohnesorge/Documents/001Repos/hyprland-ts/src/basic.spec.ts"},{"assertionResults":[{"ancestorTitles":["Edge Case Tests"],"fullName":"Edge Case Tests should handle extreme numeric values","status":"passed","title":"should handle extreme numeric values","duration":1.4660209999999552,"failureMessages":[],"meta":{}},{"ancestorTitles":["Edge Case Tests"],"fullName":"Edge Case Tests should handle unicode and special characters in strings","status":"passed","title":"should handle unicode and special characters in strings","duration":0.4025000000001455,"failureMessages":[],"meta":{}},{"ancestorTitles":["Edge Case Tests"],"fullName":"Edge Case Tests should reject null and undefined values","status":"passed","title":"should reject null and undefined values","duration":0.6491350000001148,"failureMessages":[],"meta":{}},{"ancestorTitles":["Edge Case Tests"],"fullName":"Edge Case Tests should handle empty strings appropriately","status":"passed","title":"should handle empty strings appropriately","duration":0.1884460000001127,"failureMessages":[],"meta":{}},{"ancestorTitles":["Edge Case Tests"],"fullName":"Edge Case Tests should handle boundary values for coordinates and sizes","status":"passed","title":"should handle boundary values for coordinates and sizes","duration":0.18145899999990434,"failureMessages":[],"meta":{}},{"ancestorTitles":["Edge Case Tests"],"fullName":"Edge Case Tests should handle malformed objects gracefully","status":"passed","title":"should handle malformed objects gracefully","duration":0.6202249999998912,"failureMessages":[],"meta":{}}],"startTime":1753713593417,"endTime":1753713593420.62,"status":"passed","message":"","name":"/home/connerohnesorge/Documents/001Repos/hyprland-ts/src/edge-cases.test.ts"},{"assertionResults":[{"ancestorTitles":["Integration Tests"],"fullName":"Integration Tests should validate complete window management workflow","status":"passed","title":"should validate complete window management workflow","duration":3.430558000000019,"failureMessages":[],"meta":{}},{"ancestorTitles":["Integration Tests"],"fullName":"Integration Tests should handle mixed valid and invalid data gracefully","status":"passed","title":"should handle mixed valid and invalid data gracefully","duration":0.4240110000000641,"failureMessages":[],"meta":{}},{"ancestorTitles":["Integration Tests"],"fullName":"Integration Tests should handle large datasets efficiently","status":"passed","title":"should handle large datasets efficiently","duration":0.709489000000076,"failureMessages":[],"meta":{}},{"ancestorTitles":["Integration Tests"],"fullName":"Integration Tests should maintain data consistency across operations","status":"passed","title":"should maintain data consistency across operations","duration":0.33676500000001397,"failureMessages":[],"meta":{}},{"ancestorTitles":["Integration Tests"],"fullName":"Integration Tests should handle concurrent validation operations","status":"passed","title":"should handle concurrent validation operations","duration":0.36800700000003417,"failureMessages":[],"meta":{}}],"startTime":1753713593181,"endTime":1753713593186.368,"status":"passed","message":"","name":"/home/connerohnesorge/Documents/001Repos/hyprland-ts/src/integration.test.ts"},{"assertionResults":[{"ancestorTitles":["Performance Tests"],"fullName":"Performance Tests validateHyprlandWindow should handle multiple validations efficiently","status":"passed","title":"validateHyprlandWindow should handle multiple validations efficiently","duration":27.018766000000028,"failureMessages":[],"meta":{}},{"ancestorTitles":["Performance Tests"],"fullName":"Performance Tests validation should scale linearly with array size","status":"passed","title":"validation should scale linearly with array size","duration":2.7655200000001514,"failureMessages":[],"meta":{}}],"startTime":1753713592883,"endTime":1753713592912.7656,"status":"passed","message":"","name":"/home/connerohnesorge/Documents/001Repos/hyprland-ts/src/performance.test.ts"},{"assertionResults":[{"ancestorTitles":["Property-Based Tests"],"fullName":"Property-Based Tests validateHyprlandWindow should always succeed for valid windows","status":"passed","title":"validateHyprlandWindow should always succeed for valid windows","duration":1.6875850000001265,"failureMessages":[],"meta":{}},{"ancestorTitles":["Property-Based Tests"],"fullName":"Property-Based Tests isHyprlandWindow should maintain type consistency","status":"passed","title":"isHyprlandWindow should maintain type consistency","duration":0.45611700000017663,"failureMessages":[],"meta":{}},{"ancestorTitles":["Property-Based Tests"],"fullName":"Property-Based Tests validation should reject objects with missing required properties","status":"passed","title":"validation should reject objects with missing required properties","duration":0.3711559999999281,"failureMessages":[],"meta":{}}],"startTime":1753713593603,"endTime":1753713593606.371,"status":"passed","message":"","name":"/home/connerohnesorge/Documents/001Repos/hyprland-ts/src/property.test.ts"},{"assertionResults":[{"ancestorTitles":["socket discovery integration","single instance scenarios"],"fullName":"socket discovery integration single instance scenarios should discover active Hyprland instance with proper signatures","status":"passed","title":"should discover active Hyprland instance with proper signatures","duration":7.693019999999933,"failureMessages":[],"meta":{}},{"ancestorTitles":["socket discovery integration","single instance scenarios"],"fullName":"socket discovery integration single instance scenarios should handle instance with only command socket","status":"passed","title":"should handle instance with only command socket","duration":2.181186000000025,"failureMessages":[],"meta":{}},{"ancestorTitles":["socket discovery integration","single instance scenarios"],"fullName":"socket discovery integration single instance scenarios should handle restricted socket permissions","status":"passed","title":"should handle restricted socket permissions","duration":2.3158409999999776,"failureMessages":[],"meta":{}},{"ancestorTitles":["socket discovery integration","multiple instance scenarios"],"fullName":"socket discovery integration multiple instance scenarios should discover multiple concurrent Hyprland instances","status":"passed","title":"should discover multiple concurrent Hyprland instances","duration":4.535481000000004,"failureMessages":[],"meta":{}},{"ancestorTitles":["socket discovery integration","multiple instance scenarios"],"fullName":"socket discovery integration multiple instance scenarios should handle mixed instance states","status":"passed","title":"should handle mixed instance states","duration":3.5204370000000154,"failureMessages":[],"meta":{}},{"ancestorTitles":["socket discovery integration","environment edge cases"],"fullName":"socket discovery integration environment edge cases should handle instance signature change during runtime","status":"passed","title":"should handle instance signature change during runtime","duration":2.8793940000000475,"failureMessages":[],"meta":{}},{"ancestorTitles":["socket discovery integration","environment edge cases"],"fullName":"socket discovery integration environment edge cases should handle missing XDG_RUNTIME_DIR gracefully","status":"passed","title":"should handle missing XDG_RUNTIME_DIR gracefully","duration":0.8619320000000243,"failureMessages":[],"meta":{}},{"ancestorTitles":["socket discovery integration","environment edge cases"],"fullName":"socket discovery integration environment edge cases should handle corrupted instance directories","status":"passed","title":"should handle corrupted instance directories","duration":2.2282789999999295,"failureMessages":[],"meta":{}},{"ancestorTitles":["socket discovery integration","performance and caching integration"],"fullName":"socket discovery integration performance and caching integration should maintain performance with many instances","status":"passed","title":"should maintain performance with many instances","duration":6.203717999999981,"failureMessages":[],"meta":{}},{"ancestorTitles":["socket discovery integration","performance and caching integration"],"fullName":"socket discovery integration performance and caching integration should cache correctly across multiple access patterns","status":"passed","title":"should cache correctly across multiple access patterns","duration":2.204729000000043,"failureMessages":[],"meta":{}},{"ancestorTitles":["socket discovery integration","realistic workflow integration"],"fullName":"socket discovery integration realistic workflow integration should handle typical Hyprland startup sequence","status":"passed","title":"should handle typical Hyprland startup sequence","duration":3.406793000000107,"failureMessages":[],"meta":{}},{"ancestorTitles":["socket discovery integration","realistic workflow integration"],"fullName":"socket discovery integration realistic workflow integration should handle Hyprland shutdown sequence","status":"passed","title":"should handle Hyprland shutdown sequence","duration":4.044319999999971,"failureMessages":[],"meta":{}},{"ancestorTitles":["socket discovery integration","realistic workflow integration"],"fullName":"socket discovery integration realistic workflow integration should handle concurrent instance management","status":"passed","title":"should handle concurrent instance management","duration":5.567364999999995,"failureMessages":[],"meta":{}},{"ancestorTitles":["socket discovery integration","error recovery integration"],"fullName":"socket discovery integration error recovery integration should recover from temporary filesystem issues","status":"passed","title":"should recover from temporary filesystem issues","duration":2.9988160000000335,"failureMessages":[],"meta":{}},{"ancestorTitles":["socket discovery integration","error recovery integration"],"fullName":"socket discovery integration error recovery integration should provide helpful error messages in real scenarios","status":"passed","title":"should provide helpful error messages in real scenarios","duration":1.2113070000000334,"failureMessages":[],"meta":{}}],"startTime":1753713592496,"endTime":1753713592549.2114,"status":"passed","message":"","name":"/home/connerohnesorge/Documents/001Repos/hyprland-ts/src/socket-discovery.integration.test.ts"},{"assertionResults":[{"ancestorTitles":["discoverSockets","environment resolution"],"fullName":"discoverSockets environment resolution should use HYPRLAND_INSTANCE_SIGNATURE when available","status":"passed","title":"should use HYPRLAND_INSTANCE_SIGNATURE when available","duration":6.339291000000003,"failureMessages":[],"meta":{}},{"ancestorTitles":["discoverSockets","environment resolution"],"fullName":"discoverSockets environment resolution should use XDG_RUNTIME_DIR when available","status":"passed","title":"should use XDG_RUNTIME_DIR when available","duration":1.9692530000000943,"failureMessages":[],"meta":{}},{"ancestorTitles":["discoverSockets","environment resolution"],"fullName":"discoverSockets environment resolution should fall back to /tmp when XDG_RUNTIME_DIR is not set","status":"passed","title":"should fall back to /tmp when XDG_RUNTIME_DIR is not set","duration":5.373254000000088,"failureMessages":[],"meta":{}},{"ancestorTitles":["discoverSockets","instance discovery"],"fullName":"discoverSockets instance discovery should discover multiple instances","status":"passed","title":"should discover multiple instances","duration":4.29131899999993,"failureMessages":[],"meta":{}},{"ancestorTitles":["discoverSockets","instance discovery"],"fullName":"discoverSockets instance discovery should handle instances with missing sockets","status":"passed","title":"should handle instances with missing sockets","duration":8.236004000000094,"failureMessages":[],"meta":{}},{"ancestorTitles":["discoverSockets","instance discovery"],"fullName":"discoverSockets instance discovery should filter out non-hex signature directories","status":"passed","title":"should filter out non-hex signature directories","duration":4.38817599999993,"failureMessages":[],"meta":{}},{"ancestorTitles":["discoverSockets","socket validation"],"fullName":"discoverSockets socket validation should validate socket permissions when requested","status":"passed","title":"should validate socket permissions when requested","duration":1.6017160000000104,"failureMessages":[],"meta":{}},{"ancestorTitles":["discoverSockets","socket validation"],"fullName":"discoverSockets socket validation should skip permission validation when disabled","status":"passed","title":"should skip permission validation when disabled","duration":1.3861670000000004,"failureMessages":[],"meta":{}},{"ancestorTitles":["discoverSockets","caching"],"fullName":"discoverSockets caching should cache results when enabled","status":"passed","title":"should cache results when enabled","duration":2.0381979999999658,"failureMessages":[],"meta":{}},{"ancestorTitles":["discoverSockets","caching"],"fullName":"discoverSockets caching should respect cache timeout","status":"passed","title":"should respect cache timeout","duration":65.23879399999998,"failureMessages":[],"meta":{}},{"ancestorTitles":["discoverSockets","caching"],"fullName":"discoverSockets caching should bypass cache when disabled","status":"passed","title":"should bypass cache when disabled","duration":3.6072410000000446,"failureMessages":[],"meta":{}},{"ancestorTitles":["discoverSockets","error handling"],"fullName":"discoverSockets error handling should handle missing runtime directory","status":"passed","title":"should handle missing runtime directory","duration":1.3324980000001005,"failureMessages":[],"meta":{}},{"ancestorTitles":["discoverSockets","error handling"],"fullName":"discoverSockets error handling should handle permission errors gracefully","status":"passed","title":"should handle permission errors gracefully","duration":1.928152999999952,"failureMessages":[],"meta":{}},{"ancestorTitles":["discoverSockets","error handling"],"fullName":"discoverSockets error handling should provide actionable error messages","status":"passed","title":"should provide actionable error messages","duration":1.8537509999999884,"failureMessages":[],"meta":{}},{"ancestorTitles":["getActiveSockets"],"fullName":"getActiveSockets should return active socket paths when available","status":"passed","title":"should return active socket paths when available","duration":2.6407440000000406,"failureMessages":[],"meta":{}},{"ancestorTitles":["getActiveSockets"],"fullName":"getActiveSockets should return undefined when no active instance","status":"passed","title":"should return undefined when no active instance","duration":1.015186999999969,"failureMessages":[],"meta":{}},{"ancestorTitles":["getActiveSockets"],"fullName":"getActiveSockets should return undefined when sockets don't exist","status":"passed","title":"should return undefined when sockets don't exist","duration":1.2452580000000353,"failureMessages":[],"meta":{}},{"ancestorTitles":["listInstances"],"fullName":"listInstances should return all discovered instances","status":"passed","title":"should return all discovered instances","duration":1.9627250000000913,"failureMessages":[],"meta":{}},{"ancestorTitles":["listInstances"],"fullName":"listInstances should return empty array when no instances found","status":"passed","title":"should return empty array when no instances found","duration":0.9286260000000084,"failureMessages":[],"meta":{}},{"ancestorTitles":["clearSocketCache"],"fullName":"clearSocketCache should clear the cache","status":"passed","title":"should clear the cache","duration":2.09547699999996,"failureMessages":[],"meta":{}},{"ancestorTitles":["edge cases"],"fullName":"edge cases should handle empty runtime directory","status":"passed","title":"should handle empty runtime directory","duration":1.1417830000000322,"failureMessages":[],"meta":{}},{"ancestorTitles":["edge cases"],"fullName":"edge cases should handle non-directory files in runtime directory","status":"passed","title":"should handle non-directory files in runtime directory","duration":1.8115440000000262,"failureMessages":[],"meta":{}},{"ancestorTitles":["edge cases"],"fullName":"edge cases should handle mixed socket availability","status":"passed","title":"should handle mixed socket availability","duration":2.0633679999999686,"failureMessages":[],"meta":{}},{"ancestorTitles":["edge cases"],"fullName":"edge cases should handle concurrent discovery calls","status":"passed","title":"should handle concurrent discovery calls","duration":2.574422000000027,"failureMessages":[],"meta":{}},{"ancestorTitles":["performance"],"fullName":"performance should handle large numbers of instances efficiently","status":"passed","title":"should handle large numbers of instances efficiently","duration":17.353482999999983,"failureMessages":[],"meta":{}},{"ancestorTitles":["performance"],"fullName":"performance should cache results for improved performance","status":"passed","title":"should cache results for improved performance","duration":2.258154999999988,"failureMessages":[],"meta":{}}],"startTime":1753713592467,"endTime":1753713592615.258,"status":"passed","message":"","name":"/home/connerohnesorge/Documents/001Repos/hyprland-ts/src/socket-discovery.spec.ts"},{"assertionResults":[{"ancestorTitles":["utils"],"fullName":"utils should run basic test to verify vitest setup","status":"passed","title":"should run basic test to verify vitest setup","duration":1.3363349999999627,"failureMessages":[],"meta":{}},{"ancestorTitles":["utils"],"fullName":"utils should handle async operations","status":"passed","title":"should handle async operations","duration":10.992909000000054,"failureMessages":[],"meta":{}},{"ancestorTitles":["utils"],"fullName":"utils should handle error cases","status":"passed","title":"should handle error cases","duration":1.013535999999931,"failureMessages":[],"meta":{}}],"startTime":1753713592886,"endTime":1753713592899.0134,"status":"passed","message":"","name":"/home/connerohnesorge/Documents/001Repos/hyprland-ts/src/utils.spec.ts"},{"assertionResults":[{"ancestorTitles":["Validation Functions","validateHyprlandWindow"],"fullName":"Validation Functions validateHyprlandWindow validates correct window objects","status":"passed","title":"validates correct window objects","duration":3.3996759999999995,"failureMessages":[],"meta":{}},{"ancestorTitles":["Validation Functions","validateHyprlandWindow"],"fullName":"Validation Functions validateHyprlandWindow rejects invalid window objects","status":"passed","title":"rejects invalid window objects","duration":0.430161999999882,"failureMessages":[],"meta":{}},{"ancestorTitles":["Validation Functions","validateHyprlandWindow"],"fullName":"Validation Functions validateHyprlandWindow validates window with custom properties","status":"passed","title":"validates window with custom properties","duration":0.3391189999999824,"failureMessages":[],"meta":{}},{"ancestorTitles":["Validation Functions","validateHyprlandWorkspace"],"fullName":"Validation Functions validateHyprlandWorkspace validates correct workspace objects","status":"passed","title":"validates correct workspace objects","duration":0.282854000000043,"failureMessages":[],"meta":{}},{"ancestorTitles":["Validation Functions","validateHyprlandWorkspace"],"fullName":"Validation Functions validateHyprlandWorkspace validates empty workspace","status":"passed","title":"validates empty workspace","duration":0.17644500000005792,"failureMessages":[],"meta":{}},{"ancestorTitles":["Validation Functions","validateHyprlandMonitor"],"fullName":"Validation Functions validateHyprlandMonitor validates correct monitor objects","status":"passed","title":"validates correct monitor objects","duration":0.44882100000018,"failureMessages":[],"meta":{}},{"ancestorTitles":["Validation Functions","validateHyprlandMonitor"],"fullName":"Validation Functions validateHyprlandMonitor validates monitor with different configurations","status":"passed","title":"validates monitor with different configurations","duration":0.1946130000001176,"failureMessages":[],"meta":{}},{"ancestorTitles":["Validation Functions","Array Validation"],"fullName":"Validation Functions Array Validation validates window arrays","status":"passed","title":"validates window arrays","duration":1.1184450000000652,"failureMessages":[],"meta":{}},{"ancestorTitles":["Validation Functions","Array Validation"],"fullName":"Validation Functions Array Validation validates workspace arrays","status":"passed","title":"validates workspace arrays","duration":0.6305540000000747,"failureMessages":[],"meta":{}},{"ancestorTitles":["Validation Functions","Array Validation"],"fullName":"Validation Functions Array Validation validates monitor arrays","status":"passed","title":"validates monitor arrays","duration":0.4092650000000049,"failureMessages":[],"meta":{}},{"ancestorTitles":["Type Guards","isHyprlandWindow"],"fullName":"Type Guards isHyprlandWindow identifies valid windows","status":"passed","title":"identifies valid windows","duration":0.17529100000001563,"failureMessages":[],"meta":{}},{"ancestorTitles":["Type Guards","isHyprlandWindow"],"fullName":"Type Guards isHyprlandWindow rejects invalid data","status":"passed","title":"rejects invalid data","duration":0.17380800000000818,"failureMessages":[],"meta":{}},{"ancestorTitles":["Type Guards","isHyprlandWindow"],"fullName":"Type Guards isHyprlandWindow validates all required properties","status":"passed","title":"validates all required properties","duration":0.11359500000003209,"failureMessages":[],"meta":{}},{"ancestorTitles":["Type Guards","isHyprlandWorkspace"],"fullName":"Type Guards isHyprlandWorkspace identifies valid workspaces","status":"passed","title":"identifies valid workspaces","duration":0.1938159999999698,"failureMessages":[],"meta":{}},{"ancestorTitles":["Type Guards","isHyprlandWorkspace"],"fullName":"Type Guards isHyprlandWorkspace rejects invalid data","status":"passed","title":"rejects invalid data","duration":0.13341300000001866,"failureMessages":[],"meta":{}},{"ancestorTitles":["Type Guards","isHyprlandMonitor"],"fullName":"Type Guards isHyprlandMonitor identifies valid monitors","status":"passed","title":"identifies valid monitors","duration":0.16799700000001394,"failureMessages":[],"meta":{}},{"ancestorTitles":["Type Guards","isHyprlandMonitor"],"fullName":"Type Guards isHyprlandMonitor rejects invalid data","status":"passed","title":"rejects invalid data","duration":0.1906859999999142,"failureMessages":[],"meta":{}},{"ancestorTitles":["Type Guards","isHyprlandWorkspaceInfo"],"fullName":"Type Guards isHyprlandWorkspaceInfo identifies valid workspace info","status":"passed","title":"identifies valid workspace info","duration":0.2280359999999746,"failureMessages":[],"meta":{}},{"ancestorTitles":["Type Guards","isHyprlandWorkspaceInfo"],"fullName":"Type Guards isHyprlandWorkspaceInfo handles special workspace IDs","status":"passed","title":"handles special workspace IDs","duration":0.12676599999986138,"failureMessages":[],"meta":{}},{"ancestorTitles":["Edge Cases"],"fullName":"Edge Cases handles extreme numeric values","status":"passed","title":"handles extreme numeric values","duration":0.162885999999844,"failureMessages":[],"meta":{}},{"ancestorTitles":["Edge Cases"],"fullName":"Edge Cases handles empty strings","status":"passed","title":"handles empty strings","duration":0.10626900000011119,"failureMessages":[],"meta":{}},{"ancestorTitles":["Edge Cases"],"fullName":"Edge Cases handles Unicode strings","status":"passed","title":"handles Unicode strings","duration":0.10364499999991494,"failureMessages":[],"meta":{}}],"startTime":1753713593178,"endTime":1753713593189.1628,"status":"passed","message":"","name":"/home/connerohnesorge/Documents/001Repos/hyprland-ts/src/validation.spec.ts"},{"assertionResults":[{"ancestorTitles":["src/basic.spec.ts","Simple Test Suite Verification"],"fullName":"src/basic.spec.ts Simple Test Suite Verification should create mock window","status":"passed","title":"should create mock window","failureMessages":[],"meta":{"typecheck":true}},{"ancestorTitles":["src/basic.spec.ts","Simple Test Suite Verification"],"fullName":"src/basic.spec.ts Simple Test Suite Verification should handle custom window properties","status":"passed","title":"should handle custom window properties","failureMessages":[],"meta":{"typecheck":true}}],"startTime":1753713592204,"endTime":1753713592204,"status":"passed","message":"","name":"/home/connerohnesorge/Documents/001Repos/hyprland-ts/src/basic.spec.ts"},{"assertionResults":[{"ancestorTitles":["src/edge-cases.test.ts","Edge Case Tests"],"fullName":"src/edge-cases.test.ts Edge Case Tests should handle extreme numeric values","status":"passed","title":"should handle extreme numeric values","failureMessages":[],"meta":{"typecheck":true}},{"ancestorTitles":["src/edge-cases.test.ts","Edge Case Tests"],"fullName":"src/edge-cases.test.ts Edge Case Tests should handle unicode and special characters in strings","status":"passed","title":"should handle unicode and special characters in strings","failureMessages":[],"meta":{"typecheck":true}},{"ancestorTitles":["src/edge-cases.test.ts","Edge Case Tests"],"fullName":"src/edge-cases.test.ts Edge Case Tests should reject null and undefined values","status":"passed","title":"should reject null and undefined values","failureMessages":[],"meta":{"typecheck":true}},{"ancestorTitles":["src/edge-cases.test.ts","Edge Case Tests"],"fullName":"src/edge-cases.test.ts Edge Case Tests should handle empty strings appropriately","status":"passed","title":"should handle empty strings appropriately","failureMessages":[],"meta":{"typecheck":true}},{"ancestorTitles":["src/edge-cases.test.ts","Edge Case Tests"],"fullName":"src/edge-cases.test.ts Edge Case Tests should handle boundary values for coordinates and sizes","status":"passed","title":"should handle boundary values for coordinates and sizes","failureMessages":[],"meta":{"typecheck":true}},{"ancestorTitles":["src/edge-cases.test.ts","Edge Case Tests"],"fullName":"src/edge-cases.test.ts Edge Case Tests should handle malformed objects gracefully","status":"passed","title":"should handle malformed objects gracefully","failureMessages":[],"meta":{"typecheck":true}}],"startTime":1753713592204,"endTime":1753713592204,"status":"passed","message":"","name":"/home/connerohnesorge/Documents/001Repos/hyprland-ts/src/edge-cases.test.ts"},{"assertionResults":[{"ancestorTitles":["src/integration.test.ts","Integration Tests"],"fullName":"src/integration.test.ts Integration Tests should validate complete window management workflow","status":"passed","title":"should validate complete window management workflow","failureMessages":[],"meta":{"typecheck":true}},{"ancestorTitles":["src/integration.test.ts","Integration Tests"],"fullName":"src/integration.test.ts Integration Tests should handle mixed valid and invalid data gracefully","status":"passed","title":"should handle mixed valid and invalid data gracefully","failureMessages":[],"meta":{"typecheck":true}},{"ancestorTitles":["src/integration.test.ts","Integration Tests"],"fullName":"src/integration.test.ts Integration Tests should handle large datasets efficiently","status":"passed","title":"should handle large datasets efficiently","failureMessages":[],"meta":{"typecheck":true}},{"ancestorTitles":["src/integration.test.ts","Integration Tests"],"fullName":"src/integration.test.ts Integration Tests should maintain data consistency across operations","status":"passed","title":"should maintain data consistency across operations","failureMessages":[],"meta":{"typecheck":true}},{"ancestorTitles":["src/integration.test.ts","Integration Tests"],"fullName":"src/integration.test.ts Integration Tests should handle concurrent validation operations","status":"passed","title":"should handle concurrent validation operations","failureMessages":[],"meta":{"typecheck":true}}],"startTime":1753713592204,"endTime":1753713592204,"status":"passed","message":"","name":"/home/connerohnesorge/Documents/001Repos/hyprland-ts/src/integration.test.ts"},{"assertionResults":[{"ancestorTitles":["src/performance.test.ts","Performance Tests"],"fullName":"src/performance.test.ts Performance Tests validateHyprlandWindow should handle multiple validations efficiently","status":"passed","title":"validateHyprlandWindow should handle multiple validations efficiently","failureMessages":[],"meta":{"typecheck":true}},{"ancestorTitles":["src/performance.test.ts","Performance Tests"],"fullName":"src/performance.test.ts Performance Tests validation should scale linearly with array size","status":"passed","title":"validation should scale linearly with array size","failureMessages":[],"meta":{"typecheck":true}}],"startTime":1753713592204,"endTime":1753713592204,"status":"passed","message":"","name":"/home/connerohnesorge/Documents/001Repos/hyprland-ts/src/performance.test.ts"},{"assertionResults":[{"ancestorTitles":["src/property.test.ts","Property-Based Tests"],"fullName":"src/property.test.ts Property-Based Tests validateHyprlandWindow should always succeed for valid windows","status":"passed","title":"validateHyprlandWindow should always succeed for valid windows","failureMessages":[],"meta":{"typecheck":true}},{"ancestorTitles":["src/property.test.ts","Property-Based Tests"],"fullName":"src/property.test.ts Property-Based Tests isHyprlandWindow should maintain type consistency","status":"passed","title":"isHyprlandWindow should maintain type consistency","failureMessages":[],"meta":{"typecheck":true}},{"ancestorTitles":["src/property.test.ts","Property-Based Tests"],"fullName":"src/property.test.ts Property-Based Tests validation should reject objects with missing required properties","status":"passed","title":"validation should reject objects with missing required properties","failureMessages":[],"meta":{"typecheck":true}}],"startTime":1753713592204,"endTime":1753713592204,"status":"passed","message":"","name":"/home/connerohnesorge/Documents/001Repos/hyprland-ts/src/property.test.ts"},{"assertionResults":[{"ancestorTitles":["src/socket-discovery.integration.test.ts","socket discovery integration","single instance scenarios"],"fullName":"src/socket-discovery.integration.test.ts socket discovery integration single instance scenarios should discover active Hyprland instance with proper signatures","status":"passed","title":"should discover active Hyprland instance with proper signatures","failureMessages":[],"meta":{"typecheck":true}},{"ancestorTitles":["src/socket-discovery.integration.test.ts","socket discovery integration","single instance scenarios"],"fullName":"src/socket-discovery.integration.test.ts socket discovery integration single instance scenarios should handle instance with only command socket","status":"passed","title":"should handle instance with only command socket","failureMessages":[],"meta":{"typecheck":true}},{"ancestorTitles":["src/socket-discovery.integration.test.ts","socket discovery integration","single instance scenarios"],"fullName":"src/socket-discovery.integration.test.ts socket discovery integration single instance scenarios should handle restricted socket permissions","status":"passed","title":"should handle restricted socket permissions","failureMessages":[],"meta":{"typecheck":true}},{"ancestorTitles":["src/socket-discovery.integration.test.ts","socket discovery integration","multiple instance scenarios"],"fullName":"src/socket-discovery.integration.test.ts socket discovery integration multiple instance scenarios should discover multiple concurrent Hyprland instances","status":"passed","title":"should discover multiple concurrent Hyprland instances","failureMessages":[],"meta":{"typecheck":true}},{"ancestorTitles":["src/socket-discovery.integration.test.ts","socket discovery integration","multiple instance scenarios"],"fullName":"src/socket-discovery.integration.test.ts socket discovery integration multiple instance scenarios should handle mixed instance states","status":"passed","title":"should handle mixed instance states","failureMessages":[],"meta":{"typecheck":true}},{"ancestorTitles":["src/socket-discovery.integration.test.ts","socket discovery integration","environment edge cases"],"fullName":"src/socket-discovery.integration.test.ts socket discovery integration environment edge cases should handle instance signature change during runtime","status":"passed","title":"should handle instance signature change during runtime","failureMessages":[],"meta":{"typecheck":true}},{"ancestorTitles":["src/socket-discovery.integration.test.ts","socket discovery integration","environment edge cases"],"fullName":"src/socket-discovery.integration.test.ts socket discovery integration environment edge cases should handle missing XDG_RUNTIME_DIR gracefully","status":"passed","title":"should handle missing XDG_RUNTIME_DIR gracefully","failureMessages":[],"meta":{"typecheck":true}},{"ancestorTitles":["src/socket-discovery.integration.test.ts","socket discovery integration","environment edge cases"],"fullName":"src/socket-discovery.integration.test.ts socket discovery integration environment edge cases should handle corrupted instance directories","status":"passed","title":"should handle corrupted instance directories","failureMessages":[],"meta":{"typecheck":true}},{"ancestorTitles":["src/socket-discovery.integration.test.ts","socket discovery integration","performance and caching integration"],"fullName":"src/socket-discovery.integration.test.ts socket discovery integration performance and caching integration should maintain performance with many instances","status":"passed","title":"should maintain performance with many instances","failureMessages":[],"meta":{"typecheck":true}},{"ancestorTitles":["src/socket-discovery.integration.test.ts","socket discovery integration","performance and caching integration"],"fullName":"src/socket-discovery.integration.test.ts socket discovery integration performance and caching integration should cache correctly across multiple access patterns","status":"passed","title":"should cache correctly across multiple access patterns","failureMessages":[],"meta":{"typecheck":true}},{"ancestorTitles":["src/socket-discovery.integration.test.ts","socket discovery integration","realistic workflow integration"],"fullName":"src/socket-discovery.integration.test.ts socket discovery integration realistic workflow integration should handle typical Hyprland startup sequence","status":"passed","title":"should handle typical Hyprland startup sequence","failureMessages":[],"meta":{"typecheck":true}},{"ancestorTitles":["src/socket-discovery.integration.test.ts","socket discovery integration","realistic workflow integration"],"fullName":"src/socket-discovery.integration.test.ts socket discovery integration realistic workflow integration should handle Hyprland shutdown sequence","status":"passed","title":"should handle Hyprland shutdown sequence","failureMessages":[],"meta":{"typecheck":true}},{"ancestorTitles":["src/socket-discovery.integration.test.ts","socket discovery integration","realistic workflow integration"],"fullName":"src/socket-discovery.integration.test.ts socket discovery integration realistic workflow integration should handle concurrent instance management","status":"passed","title":"should handle concurrent instance management","failureMessages":[],"meta":{"typecheck":true}},{"ancestorTitles":["src/socket-discovery.integration.test.ts","socket discovery integration","error recovery integration"],"fullName":"src/socket-discovery.integration.test.ts socket discovery integration error recovery integration should recover from temporary filesystem issues","status":"passed","title":"should recover from temporary filesystem issues","failureMessages":[],"meta":{"typecheck":true}},{"ancestorTitles":["src/socket-discovery.integration.test.ts","socket discovery integration","error recovery integration"],"fullName":"src/socket-discovery.integration.test.ts socket discovery integration error recovery integration should provide helpful error messages in real scenarios","status":"passed","title":"should provide helpful error messages in real scenarios","failureMessages":[],"meta":{"typecheck":true}}],"startTime":1753713592204,"endTime":1753713592204,"status":"passed","message":"","name":"/home/connerohnesorge/Documents/001Repos/hyprland-ts/src/socket-discovery.integration.test.ts"},{"assertionResults":[{"ancestorTitles":["src/socket-discovery.spec.ts","discoverSockets","environment resolution"],"fullName":"src/socket-discovery.spec.ts discoverSockets environment resolution should use HYPRLAND_INSTANCE_SIGNATURE when available","status":"passed","title":"should use HYPRLAND_INSTANCE_SIGNATURE when available","failureMessages":[],"meta":{"typecheck":true}},{"ancestorTitles":["src/socket-discovery.spec.ts","discoverSockets","environment resolution"],"fullName":"src/socket-discovery.spec.ts discoverSockets environment resolution should use XDG_RUNTIME_DIR when available","status":"passed","title":"should use XDG_RUNTIME_DIR when available","failureMessages":[],"meta":{"typecheck":true}},{"ancestorTitles":["src/socket-discovery.spec.ts","discoverSockets","environment resolution"],"fullName":"src/socket-discovery.spec.ts discoverSockets environment resolution should fall back to /tmp when XDG_RUNTIME_DIR is not set","status":"passed","title":"should fall back to /tmp when XDG_RUNTIME_DIR is not set","failureMessages":[],"meta":{"typecheck":true}},{"ancestorTitles":["src/socket-discovery.spec.ts","discoverSockets","instance discovery"],"fullName":"src/socket-discovery.spec.ts discoverSockets instance discovery should discover multiple instances","status":"passed","title":"should discover multiple instances","failureMessages":[],"meta":{"typecheck":true}},{"ancestorTitles":["src/socket-discovery.spec.ts","discoverSockets","instance discovery"],"fullName":"src/socket-discovery.spec.ts discoverSockets instance discovery should handle instances with missing sockets","status":"passed","title":"should handle instances with missing sockets","failureMessages":[],"meta":{"typecheck":true}},{"ancestorTitles":["src/socket-discovery.spec.ts","discoverSockets","instance discovery"],"fullName":"src/socket-discovery.spec.ts discoverSockets instance discovery should filter out non-hex signature directories","status":"passed","title":"should filter out non-hex signature directories","failureMessages":[],"meta":{"typecheck":true}},{"ancestorTitles":["src/socket-discovery.spec.ts","discoverSockets","socket validation"],"fullName":"src/socket-discovery.spec.ts discoverSockets socket validation should validate socket permissions when requested","status":"passed","title":"should validate socket permissions when requested","failureMessages":[],"meta":{"typecheck":true}},{"ancestorTitles":["src/socket-discovery.spec.ts","discoverSockets","socket validation"],"fullName":"src/socket-discovery.spec.ts discoverSockets socket validation should skip permission validation when disabled","status":"passed","title":"should skip permission validation when disabled","failureMessages":[],"meta":{"typecheck":true}},{"ancestorTitles":["src/socket-discovery.spec.ts","discoverSockets","caching"],"fullName":"src/socket-discovery.spec.ts discoverSockets caching should cache results when enabled","status":"passed","title":"should cache results when enabled","failureMessages":[],"meta":{"typecheck":true}},{"ancestorTitles":["src/socket-discovery.spec.ts","discoverSockets","caching"],"fullName":"src/socket-discovery.spec.ts discoverSockets caching should respect cache timeout","status":"passed","title":"should respect cache timeout","failureMessages":[],"meta":{"typecheck":true}},{"ancestorTitles":["src/socket-discovery.spec.ts","discoverSockets","caching"],"fullName":"src/socket-discovery.spec.ts discoverSockets caching should bypass cache when disabled","status":"passed","title":"should bypass cache when disabled","failureMessages":[],"meta":{"typecheck":true}},{"ancestorTitles":["src/socket-discovery.spec.ts","discoverSockets","error handling"],"fullName":"src/socket-discovery.spec.ts discoverSockets error handling should handle missing runtime directory","status":"passed","title":"should handle missing runtime directory","failureMessages":[],"meta":{"typecheck":true}},{"ancestorTitles":["src/socket-discovery.spec.ts","discoverSockets","error handling"],"fullName":"src/socket-discovery.spec.ts discoverSockets error handling should handle permission errors gracefully","status":"passed","title":"should handle permission errors gracefully","failureMessages":[],"meta":{"typecheck":true}},{"ancestorTitles":["src/socket-discovery.spec.ts","discoverSockets","error handling"],"fullName":"src/socket-discovery.spec.ts discoverSockets error handling should provide actionable error messages","status":"passed","title":"should provide actionable error messages","failureMessages":[],"meta":{"typecheck":true}},{"ancestorTitles":["src/socket-discovery.spec.ts","getActiveSockets"],"fullName":"src/socket-discovery.spec.ts getActiveSockets should return active socket paths when available","status":"passed","title":"should return active socket paths when available","failureMessages":[],"meta":{"typecheck":true}},{"ancestorTitles":["src/socket-discovery.spec.ts","getActiveSockets"],"fullName":"src/socket-discovery.spec.ts getActiveSockets should return undefined when no active instance","status":"passed","title":"should return undefined when no active instance","failureMessages":[],"meta":{"typecheck":true}},{"ancestorTitles":["src/socket-discovery.spec.ts","getActiveSockets"],"fullName":"src/socket-discovery.spec.ts getActiveSockets should return undefined when sockets don't exist","status":"passed","title":"should return undefined when sockets don't exist","failureMessages":[],"meta":{"typecheck":true}},{"ancestorTitles":["src/socket-discovery.spec.ts","listInstances"],"fullName":"src/socket-discovery.spec.ts listInstances should return all discovered instances","status":"passed","title":"should return all discovered instances","failureMessages":[],"meta":{"typecheck":true}},{"ancestorTitles":["src/socket-discovery.spec.ts","listInstances"],"fullName":"src/socket-discovery.spec.ts listInstances should return empty array when no instances found","status":"passed","title":"should return empty array when no instances found","failureMessages":[],"meta":{"typecheck":true}},{"ancestorTitles":["src/socket-discovery.spec.ts","clearSocketCache"],"fullName":"src/socket-discovery.spec.ts clearSocketCache should clear the cache","status":"passed","title":"should clear the cache","failureMessages":[],"meta":{"typecheck":true}},{"ancestorTitles":["src/socket-discovery.spec.ts","edge cases"],"fullName":"src/socket-discovery.spec.ts edge cases should handle empty runtime directory","status":"passed","title":"should handle empty runtime directory","failureMessages":[],"meta":{"typecheck":true}},{"ancestorTitles":["src/socket-discovery.spec.ts","edge cases"],"fullName":"src/socket-discovery.spec.ts edge cases should handle non-directory files in runtime directory","status":"passed","title":"should handle non-directory files in runtime directory","failureMessages":[],"meta":{"typecheck":true}},{"ancestorTitles":["src/socket-discovery.spec.ts","edge cases"],"fullName":"src/socket-discovery.spec.ts edge cases should handle mixed socket availability","status":"passed","title":"should handle mixed socket availability","failureMessages":[],"meta":{"typecheck":true}},{"ancestorTitles":["src/socket-discovery.spec.ts","edge cases"],"fullName":"src/socket-discovery.spec.ts edge cases should handle concurrent discovery calls","status":"passed","title":"should handle concurrent discovery calls","failureMessages":[],"meta":{"typecheck":true}},{"ancestorTitles":["src/socket-discovery.spec.ts","performance"],"fullName":"src/socket-discovery.spec.ts performance should handle large numbers of instances efficiently","status":"passed","title":"should handle large numbers of instances efficiently","failureMessages":[],"meta":{"typecheck":true}},{"ancestorTitles":["src/socket-discovery.spec.ts","performance"],"fullName":"src/socket-discovery.spec.ts performance should cache results for improved performance","status":"passed","title":"should cache results for improved performance","failureMessages":[],"meta":{"typecheck":true}}],"startTime":1753713592204,"endTime":1753713592204,"status":"passed","message":"","name":"/home/connerohnesorge/Documents/001Repos/hyprland-ts/src/socket-discovery.spec.ts"},{"assertionResults":[{"ancestorTitles":["src/utils.spec.ts","utils"],"fullName":"src/utils.spec.ts utils should run basic test to verify vitest setup","status":"passed","title":"should run basic test to verify vitest setup","failureMessages":[],"meta":{"typecheck":true}},{"ancestorTitles":["src/utils.spec.ts","utils"],"fullName":"src/utils.spec.ts utils should handle async operations","status":"passed","title":"should handle async operations","failureMessages":[],"meta":{"typecheck":true}},{"ancestorTitles":["src/utils.spec.ts","utils"],"fullName":"src/utils.spec.ts utils should handle error cases","status":"passed","title":"should handle error cases","failureMessages":[],"meta":{"typecheck":true}}],"startTime":1753713592204,"endTime":1753713592204,"status":"passed","message":"","name":"/home/connerohnesorge/Documents/001Repos/hyprland-ts/src/utils.spec.ts"},{"assertionResults":[{"ancestorTitles":["src/validation.spec.ts","Validation Functions","validateHyprlandWindow"],"fullName":"src/validation.spec.ts Validation Functions validateHyprlandWindow validates correct window objects","status":"passed","title":"validates correct window objects","failureMessages":[],"meta":{"typecheck":true}},{"ancestorTitles":["src/validation.spec.ts","Validation Functions","validateHyprlandWindow"],"fullName":"src/validation.spec.ts Validation Functions validateHyprlandWindow rejects invalid window objects","status":"passed","title":"rejects invalid window objects","failureMessages":[],"meta":{"typecheck":true}},{"ancestorTitles":["src/validation.spec.ts","Validation Functions","validateHyprlandWindow"],"fullName":"src/validation.spec.ts Validation Functions validateHyprlandWindow validates window with custom properties","status":"passed","title":"validates window with custom properties","failureMessages":[],"meta":{"typecheck":true}},{"ancestorTitles":["src/validation.spec.ts","Validation Functions","validateHyprlandWorkspace"],"fullName":"src/validation.spec.ts Validation Functions validateHyprlandWorkspace validates correct workspace objects","status":"passed","title":"validates correct workspace objects","failureMessages":[],"meta":{"typecheck":true}},{"ancestorTitles":["src/validation.spec.ts","Validation Functions","validateHyprlandWorkspace"],"fullName":"src/validation.spec.ts Validation Functions validateHyprlandWorkspace validates empty workspace","status":"passed","title":"validates empty workspace","failureMessages":[],"meta":{"typecheck":true}},{"ancestorTitles":["src/validation.spec.ts","Validation Functions","validateHyprlandMonitor"],"fullName":"src/validation.spec.ts Validation Functions validateHyprlandMonitor validates correct monitor objects","status":"passed","title":"validates correct monitor objects","failureMessages":[],"meta":{"typecheck":true}},{"ancestorTitles":["src/validation.spec.ts","Validation Functions","validateHyprlandMonitor"],"fullName":"src/validation.spec.ts Validation Functions validateHyprlandMonitor validates monitor with different configurations","status":"passed","title":"validates monitor with different configurations","failureMessages":[],"meta":{"typecheck":true}},{"ancestorTitles":["src/validation.spec.ts","Validation Functions","Array Validation"],"fullName":"src/validation.spec.ts Validation Functions Array Validation validates window arrays","status":"passed","title":"validates window arrays","failureMessages":[],"meta":{"typecheck":true}},{"ancestorTitles":["src/validation.spec.ts","Validation Functions","Array Validation"],"fullName":"src/validation.spec.ts Validation Functions Array Validation validates workspace arrays","status":"passed","title":"validates workspace arrays","failureMessages":[],"meta":{"typecheck":true}},{"ancestorTitles":["src/validation.spec.ts","Validation Functions","Array Validation"],"fullName":"src/validation.spec.ts Validation Functions Array Validation validates monitor arrays","status":"passed","title":"validates monitor arrays","failureMessages":[],"meta":{"typecheck":true}},{"ancestorTitles":["src/validation.spec.ts","Type Guards","isHyprlandWindow"],"fullName":"src/validation.spec.ts Type Guards isHyprlandWindow identifies valid windows","status":"passed","title":"identifies valid windows","failureMessages":[],"meta":{"typecheck":true}},{"ancestorTitles":["src/validation.spec.ts","Type Guards","isHyprlandWindow"],"fullName":"src/validation.spec.ts Type Guards isHyprlandWindow rejects invalid data","status":"passed","title":"rejects invalid data","failureMessages":[],"meta":{"typecheck":true}},{"ancestorTitles":["src/validation.spec.ts","Type Guards","isHyprlandWindow"],"fullName":"src/validation.spec.ts Type Guards isHyprlandWindow validates all required properties","status":"passed","title":"validates all required properties","failureMessages":[],"meta":{"typecheck":true}},{"ancestorTitles":["src/validation.spec.ts","Type Guards","isHyprlandWorkspace"],"fullName":"src/validation.spec.ts Type Guards isHyprlandWorkspace identifies valid workspaces","status":"passed","title":"identifies valid workspaces","failureMessages":[],"meta":{"typecheck":true}},{"ancestorTitles":["src/validation.spec.ts","Type Guards","isHyprlandWorkspace"],"fullName":"src/validation.spec.ts Type Guards isHyprlandWorkspace rejects invalid data","status":"passed","title":"rejects invalid data","failureMessages":[],"meta":{"typecheck":true}},{"ancestorTitles":["src/validation.spec.ts","Type Guards","isHyprlandMonitor"],"fullName":"src/validation.spec.ts Type Guards isHyprlandMonitor identifies valid monitors","status":"passed","title":"identifies valid monitors","failureMessages":[],"meta":{"typecheck":true}},{"ancestorTitles":["src/validation.spec.ts","Type Guards","isHyprlandMonitor"],"fullName":"src/validation.spec.ts Type Guards isHyprlandMonitor rejects invalid data","status":"passed","title":"rejects invalid data","failureMessages":[],"meta":{"typecheck":true}},{"ancestorTitles":["src/validation.spec.ts","Type Guards","isHyprlandWorkspaceInfo"],"fullName":"src/validation.spec.ts Type Guards isHyprlandWorkspaceInfo identifies valid workspace info","status":"passed","title":"identifies valid workspace info","failureMessages":[],"meta":{"typecheck":true}},{"ancestorTitles":["src/validation.spec.ts","Type Guards","isHyprlandWorkspaceInfo"],"fullName":"src/validation.spec.ts Type Guards isHyprlandWorkspaceInfo handles special workspace IDs","status":"passed","title":"handles special workspace IDs","failureMessages":[],"meta":{"typecheck":true}},{"ancestorTitles":["src/validation.spec.ts","Edge Cases"],"fullName":"src/validation.spec.ts Edge Cases handles extreme numeric values","status":"passed","title":"handles extreme numeric values","failureMessages":[],"meta":{"typecheck":true}},{"ancestorTitles":["src/validation.spec.ts","Edge Cases"],"fullName":"src/validation.spec.ts Edge Cases handles empty strings","status":"passed","title":"handles empty strings","failureMessages":[],"meta":{"typecheck":true}},{"ancestorTitles":["src/validation.spec.ts","Edge Cases"],"fullName":"src/validation.spec.ts Edge Cases handles Unicode strings","status":"passed","title":"handles Unicode strings","failureMessages":[],"meta":{"typecheck":true}}],"startTime":1753713592204,"endTime":1753713592204,"status":"passed","message":"","name":"/home/connerohnesorge/Documents/001Repos/hyprland-ts/src/validation.spec.ts"}]}