{"numTotalTestSuites":32,"numPassedTestSuites":32,"numFailedTestSuites":0,"numPendingTestSuites":0,"numTotalTests":54,"numPassedTests":54,"numFailedTests":0,"numPendingTests":0,"numTodoTests":0,"snapshot":{"added":0,"failure":false,"filesAdded":0,"filesRemoved":0,"filesRemovedList":[],"filesUnmatched":0,"filesUpdated":0,"matched":0,"total":0,"unchecked":0,"uncheckedKeysByFile":[],"unmatched":0,"updated":0,"didUpdate":false},"startTime":1753570485658,"success":true,"testResults":[{"assertionResults":[{"ancestorTitles":["Simple Test Suite Verification"],"fullName":"Simple Test Suite Verification should create mock window","status":"passed","title":"should create mock window","duration":4.6883020000000215,"failureMessages":[],"meta":{}},{"ancestorTitles":["Simple Test Suite Verification"],"fullName":"Simple Test Suite Verification should handle custom window properties","status":"passed","title":"should handle custom window properties","duration":0.6790359999999964,"failureMessages":[],"meta":{}}],"startTime":1753570486655,"endTime":1753570486660.679,"status":"passed","message":"","name":"/home/connerohnesorge/Documents/001Repos/hyprland-ts/src/basic.spec.ts"},{"assertionResults":[{"ancestorTitles":["utils"],"fullName":"utils should run basic test to verify vitest setup","status":"passed","title":"should run basic test to verify vitest setup","duration":4.822044000000005,"failureMessages":[],"meta":{}},{"ancestorTitles":["utils"],"fullName":"utils should handle async operations","status":"passed","title":"should handle async operations","duration":12.300226000000066,"failureMessages":[],"meta":{}},{"ancestorTitles":["utils"],"fullName":"utils should handle error cases","status":"passed","title":"should handle error cases","duration":1.9583549999999832,"failureMessages":[],"meta":{}}],"startTime":1753570486168,"endTime":1753570486187.9583,"status":"passed","message":"","name":"/home/connerohnesorge/Documents/001Repos/hyprland-ts/src/utils.spec.ts"},{"assertionResults":[{"ancestorTitles":["Validation Functions","validateHyprlandWindow"],"fullName":"Validation Functions validateHyprlandWindow validates correct window objects","status":"passed","title":"validates correct window objects","duration":4.809113999999909,"failureMessages":[],"meta":{}},{"ancestorTitles":["Validation Functions","validateHyprlandWindow"],"fullName":"Validation Functions validateHyprlandWindow rejects invalid window objects","status":"passed","title":"rejects invalid window objects","duration":0.8912020000000211,"failureMessages":[],"meta":{}},{"ancestorTitles":["Validation Functions","validateHyprlandWindow"],"fullName":"Validation Functions validateHyprlandWindow validates window with custom properties","status":"passed","title":"validates window with custom properties","duration":0.7482440000001134,"failureMessages":[],"meta":{}},{"ancestorTitles":["Validation Functions","validateHyprlandWorkspace"],"fullName":"Validation Functions validateHyprlandWorkspace validates correct workspace objects","status":"passed","title":"validates correct workspace objects","duration":0.5833350000000337,"failureMessages":[],"meta":{}},{"ancestorTitles":["Validation Functions","validateHyprlandWorkspace"],"fullName":"Validation Functions validateHyprlandWorkspace validates empty workspace","status":"passed","title":"validates empty workspace","duration":0.4022749999999178,"failureMessages":[],"meta":{}},{"ancestorTitles":["Validation Functions","validateHyprlandMonitor"],"fullName":"Validation Functions validateHyprlandMonitor validates correct monitor objects","status":"passed","title":"validates correct monitor objects","duration":0.8549879999998211,"failureMessages":[],"meta":{}},{"ancestorTitles":["Validation Functions","validateHyprlandMonitor"],"fullName":"Validation Functions validateHyprlandMonitor validates monitor with different configurations","status":"passed","title":"validates monitor with different configurations","duration":0.46666499999992084,"failureMessages":[],"meta":{}},{"ancestorTitles":["Validation Functions","Array Validation"],"fullName":"Validation Functions Array Validation validates window arrays","status":"passed","title":"validates window arrays","duration":2.5395300000000134,"failureMessages":[],"meta":{}},{"ancestorTitles":["Validation Functions","Array Validation"],"fullName":"Validation Functions Array Validation validates workspace arrays","status":"passed","title":"validates workspace arrays","duration":1.352249000000029,"failureMessages":[],"meta":{}},{"ancestorTitles":["Validation Functions","Array Validation"],"fullName":"Validation Functions Array Validation validates monitor arrays","status":"passed","title":"validates monitor arrays","duration":0.9180870000000141,"failureMessages":[],"meta":{}},{"ancestorTitles":["Type Guards","isHyprlandWindow"],"fullName":"Type Guards isHyprlandWindow identifies valid windows","status":"passed","title":"identifies valid windows","duration":0.380094999999983,"failureMessages":[],"meta":{}},{"ancestorTitles":["Type Guards","isHyprlandWindow"],"fullName":"Type Guards isHyprlandWindow rejects invalid data","status":"passed","title":"rejects invalid data","duration":0.3789090000000215,"failureMessages":[],"meta":{}},{"ancestorTitles":["Type Guards","isHyprlandWindow"],"fullName":"Type Guards isHyprlandWindow validates all required properties","status":"passed","title":"validates all required properties","duration":0.2091560000001209,"failureMessages":[],"meta":{}},{"ancestorTitles":["Type Guards","isHyprlandWorkspace"],"fullName":"Type Guards isHyprlandWorkspace identifies valid workspaces","status":"passed","title":"identifies valid workspaces","duration":0.29475799999977426,"failureMessages":[],"meta":{}},{"ancestorTitles":["Type Guards","isHyprlandWorkspace"],"fullName":"Type Guards isHyprlandWorkspace rejects invalid data","status":"passed","title":"rejects invalid data","duration":0.25241699999992306,"failureMessages":[],"meta":{}},{"ancestorTitles":["Type Guards","isHyprlandMonitor"],"fullName":"Type Guards isHyprlandMonitor identifies valid monitors","status":"passed","title":"identifies valid monitors","duration":0.3540980000000218,"failureMessages":[],"meta":{}},{"ancestorTitles":["Type Guards","isHyprlandMonitor"],"fullName":"Type Guards isHyprlandMonitor rejects invalid data","status":"passed","title":"rejects invalid data","duration":0.2415720000001329,"failureMessages":[],"meta":{}},{"ancestorTitles":["Type Guards","isHyprlandWorkspaceInfo"],"fullName":"Type Guards isHyprlandWorkspaceInfo identifies valid workspace info","status":"passed","title":"identifies valid workspace info","duration":0.20860000000016043,"failureMessages":[],"meta":{}},{"ancestorTitles":["Type Guards","isHyprlandWorkspaceInfo"],"fullName":"Type Guards isHyprlandWorkspaceInfo handles special workspace IDs","status":"passed","title":"handles special workspace IDs","duration":0.19212999999990643,"failureMessages":[],"meta":{}},{"ancestorTitles":["Edge Cases"],"fullName":"Edge Cases handles extreme numeric values","status":"passed","title":"handles extreme numeric values","duration":0.3363059999999223,"failureMessages":[],"meta":{}},{"ancestorTitles":["Edge Cases"],"fullName":"Edge Cases handles empty strings","status":"passed","title":"handles empty strings","duration":0.22703399999977592,"failureMessages":[],"meta":{}},{"ancestorTitles":["Edge Cases"],"fullName":"Edge Cases handles Unicode strings","status":"passed","title":"handles Unicode strings","duration":0.21334600000000137,"failureMessages":[],"meta":{}}],"startTime":1753570486235,"endTime":1753570486255.227,"status":"passed","message":"","name":"/home/connerohnesorge/Documents/001Repos/hyprland-ts/src/validation.spec.ts"},{"assertionResults":[{"ancestorTitles":["src/basic.spec.ts","Simple Test Suite Verification"],"fullName":"src/basic.spec.ts Simple Test Suite Verification should create mock window","status":"passed","title":"should create mock window","failureMessages":[],"meta":{"typecheck":true}},{"ancestorTitles":["src/basic.spec.ts","Simple Test Suite Verification"],"fullName":"src/basic.spec.ts Simple Test Suite Verification should handle custom window properties","status":"passed","title":"should handle custom window properties","failureMessages":[],"meta":{"typecheck":true}}],"startTime":1753570485658,"endTime":1753570485658,"status":"passed","message":"","name":"/home/connerohnesorge/Documents/001Repos/hyprland-ts/src/basic.spec.ts"},{"assertionResults":[{"ancestorTitles":["src/utils.spec.ts","utils"],"fullName":"src/utils.spec.ts utils should run basic test to verify vitest setup","status":"passed","title":"should run basic test to verify vitest setup","failureMessages":[],"meta":{"typecheck":true}},{"ancestorTitles":["src/utils.spec.ts","utils"],"fullName":"src/utils.spec.ts utils should handle async operations","status":"passed","title":"should handle async operations","failureMessages":[],"meta":{"typecheck":true}},{"ancestorTitles":["src/utils.spec.ts","utils"],"fullName":"src/utils.spec.ts utils should handle error cases","status":"passed","title":"should handle error cases","failureMessages":[],"meta":{"typecheck":true}}],"startTime":1753570485658,"endTime":1753570485658,"status":"passed","message":"","name":"/home/connerohnesorge/Documents/001Repos/hyprland-ts/src/utils.spec.ts"},{"assertionResults":[{"ancestorTitles":["src/validation.spec.ts","Validation Functions","validateHyprlandWindow"],"fullName":"src/validation.spec.ts Validation Functions validateHyprlandWindow validates correct window objects","status":"passed","title":"validates correct window objects","failureMessages":[],"meta":{"typecheck":true}},{"ancestorTitles":["src/validation.spec.ts","Validation Functions","validateHyprlandWindow"],"fullName":"src/validation.spec.ts Validation Functions validateHyprlandWindow rejects invalid window objects","status":"passed","title":"rejects invalid window objects","failureMessages":[],"meta":{"typecheck":true}},{"ancestorTitles":["src/validation.spec.ts","Validation Functions","validateHyprlandWindow"],"fullName":"src/validation.spec.ts Validation Functions validateHyprlandWindow validates window with custom properties","status":"passed","title":"validates window with custom properties","failureMessages":[],"meta":{"typecheck":true}},{"ancestorTitles":["src/validation.spec.ts","Validation Functions","validateHyprlandWorkspace"],"fullName":"src/validation.spec.ts Validation Functions validateHyprlandWorkspace validates correct workspace objects","status":"passed","title":"validates correct workspace objects","failureMessages":[],"meta":{"typecheck":true}},{"ancestorTitles":["src/validation.spec.ts","Validation Functions","validateHyprlandWorkspace"],"fullName":"src/validation.spec.ts Validation Functions validateHyprlandWorkspace validates empty workspace","status":"passed","title":"validates empty workspace","failureMessages":[],"meta":{"typecheck":true}},{"ancestorTitles":["src/validation.spec.ts","Validation Functions","validateHyprlandMonitor"],"fullName":"src/validation.spec.ts Validation Functions validateHyprlandMonitor validates correct monitor objects","status":"passed","title":"validates correct monitor objects","failureMessages":[],"meta":{"typecheck":true}},{"ancestorTitles":["src/validation.spec.ts","Validation Functions","validateHyprlandMonitor"],"fullName":"src/validation.spec.ts Validation Functions validateHyprlandMonitor validates monitor with different configurations","status":"passed","title":"validates monitor with different configurations","failureMessages":[],"meta":{"typecheck":true}},{"ancestorTitles":["src/validation.spec.ts","Validation Functions","Array Validation"],"fullName":"src/validation.spec.ts Validation Functions Array Validation validates window arrays","status":"passed","title":"validates window arrays","failureMessages":[],"meta":{"typecheck":true}},{"ancestorTitles":["src/validation.spec.ts","Validation Functions","Array Validation"],"fullName":"src/validation.spec.ts Validation Functions Array Validation validates workspace arrays","status":"passed","title":"validates workspace arrays","failureMessages":[],"meta":{"typecheck":true}},{"ancestorTitles":["src/validation.spec.ts","Validation Functions","Array Validation"],"fullName":"src/validation.spec.ts Validation Functions Array Validation validates monitor arrays","status":"passed","title":"validates monitor arrays","failureMessages":[],"meta":{"typecheck":true}},{"ancestorTitles":["src/validation.spec.ts","Type Guards","isHyprlandWindow"],"fullName":"src/validation.spec.ts Type Guards isHyprlandWindow identifies valid windows","status":"passed","title":"identifies valid windows","failureMessages":[],"meta":{"typecheck":true}},{"ancestorTitles":["src/validation.spec.ts","Type Guards","isHyprlandWindow"],"fullName":"src/validation.spec.ts Type Guards isHyprlandWindow rejects invalid data","status":"passed","title":"rejects invalid data","failureMessages":[],"meta":{"typecheck":true}},{"ancestorTitles":["src/validation.spec.ts","Type Guards","isHyprlandWindow"],"fullName":"src/validation.spec.ts Type Guards isHyprlandWindow validates all required properties","status":"passed","title":"validates all required properties","failureMessages":[],"meta":{"typecheck":true}},{"ancestorTitles":["src/validation.spec.ts","Type Guards","isHyprlandWorkspace"],"fullName":"src/validation.spec.ts Type Guards isHyprlandWorkspace identifies valid workspaces","status":"passed","title":"identifies valid workspaces","failureMessages":[],"meta":{"typecheck":true}},{"ancestorTitles":["src/validation.spec.ts","Type Guards","isHyprlandWorkspace"],"fullName":"src/validation.spec.ts Type Guards isHyprlandWorkspace rejects invalid data","status":"passed","title":"rejects invalid data","failureMessages":[],"meta":{"typecheck":true}},{"ancestorTitles":["src/validation.spec.ts","Type Guards","isHyprlandMonitor"],"fullName":"src/validation.spec.ts Type Guards isHyprlandMonitor identifies valid monitors","status":"passed","title":"identifies valid monitors","failureMessages":[],"meta":{"typecheck":true}},{"ancestorTitles":["src/validation.spec.ts","Type Guards","isHyprlandMonitor"],"fullName":"src/validation.spec.ts Type Guards isHyprlandMonitor rejects invalid data","status":"passed","title":"rejects invalid data","failureMessages":[],"meta":{"typecheck":true}},{"ancestorTitles":["src/validation.spec.ts","Type Guards","isHyprlandWorkspaceInfo"],"fullName":"src/validation.spec.ts Type Guards isHyprlandWorkspaceInfo identifies valid workspace info","status":"passed","title":"identifies valid workspace info","failureMessages":[],"meta":{"typecheck":true}},{"ancestorTitles":["src/validation.spec.ts","Type Guards","isHyprlandWorkspaceInfo"],"fullName":"src/validation.spec.ts Type Guards isHyprlandWorkspaceInfo handles special workspace IDs","status":"passed","title":"handles special workspace IDs","failureMessages":[],"meta":{"typecheck":true}},{"ancestorTitles":["src/validation.spec.ts","Edge Cases"],"fullName":"src/validation.spec.ts Edge Cases handles extreme numeric values","status":"passed","title":"handles extreme numeric values","failureMessages":[],"meta":{"typecheck":true}},{"ancestorTitles":["src/validation.spec.ts","Edge Cases"],"fullName":"src/validation.spec.ts Edge Cases handles empty strings","status":"passed","title":"handles empty strings","failureMessages":[],"meta":{"typecheck":true}},{"ancestorTitles":["src/validation.spec.ts","Edge Cases"],"fullName":"src/validation.spec.ts Edge Cases handles Unicode strings","status":"passed","title":"handles Unicode strings","failureMessages":[],"meta":{"typecheck":true}}],"startTime":1753570485658,"endTime":1753570485658,"status":"passed","message":"","name":"/home/connerohnesorge/Documents/001Repos/hyprland-ts/src/validation.spec.ts"}]}