{"numTotalTestSuites":218,"numPassedTestSuites":198,"numFailedTestSuites":20,"numPendingTestSuites":0,"numTotalTests":496,"numPassedTests":434,"numFailedTests":60,"numPendingTests":2,"numTodoTests":0,"snapshot":{"added":0,"failure":false,"filesAdded":0,"filesRemoved":0,"filesRemovedList":[],"filesUnmatched":0,"filesUpdated":0,"matched":0,"total":0,"unchecked":0,"uncheckedKeysByFile":[],"unmatched":0,"updated":0,"didUpdate":false},"startTime":1753715590445,"success":false,"testResults":[{"assertionResults":[{"ancestorTitles":["Simple Test Suite Verification"],"fullName":"Simple Test Suite Verification should create mock window","status":"passed","title":"should create mock window","duration":2.2993420000002516,"failureMessages":[],"meta":{}},{"ancestorTitles":["Simple Test Suite Verification"],"fullName":"Simple Test Suite Verification should handle custom window properties","status":"passed","title":"should handle custom window properties","duration":0.26098899999988134,"failureMessages":[],"meta":{}}],"startTime":1753715593064,"endTime":1753715593066.2993,"status":"passed","message":"","name":"/home/connerohnesorge/Documents/001Repos/hyprland-ts/src/basic.spec.ts"},{"assertionResults":[{"ancestorTitles":["Mutex","Basic Operations"],"fullName":"Mutex Basic Operations should acquire and release lock successfully","status":"passed","title":"should acquire and release lock successfully","duration":1.5523480000000518,"failureMessages":[],"meta":{}},{"ancestorTitles":["Mutex","Basic Operations"],"fullName":"Mutex Basic Operations should throw when releasing unlocked mutex","status":"passed","title":"should throw when releasing unlocked mutex","duration":0.7991279999999961,"failureMessages":[],"meta":{}},{"ancestorTitles":["Mutex","Basic Operations"],"fullName":"Mutex Basic Operations should handle concurrent access properly","status":"passed","title":"should handle concurrent access properly","duration":53.202358000000004,"failureMessages":[],"meta":{}},{"ancestorTitles":["Mutex","Basic Operations"],"fullName":"Mutex Basic Operations should respect acquisition order","status":"passed","title":"should respect acquisition order","duration":10.589042999999947,"failureMessages":[],"meta":{}},{"ancestorTitles":["Mutex","WithLock Pattern"],"fullName":"Mutex WithLock Pattern should execute function with lock","status":"passed","title":"should execute function with lock","duration":0.42853999999999814,"failureMessages":[],"meta":{}},{"ancestorTitles":["Mutex","WithLock Pattern"],"fullName":"Mutex WithLock Pattern should release lock even if function throws","status":"passed","title":"should release lock even if function throws","duration":0.7816699999999628,"failureMessages":[],"meta":{}},{"ancestorTitles":["Mutex","WithLock Pattern"],"fullName":"Mutex WithLock Pattern should handle timeout during acquisition","status":"passed","title":"should handle timeout during acquisition","duration":99.98876300000006,"failureMessages":[],"meta":{}},{"ancestorTitles":["Mutex","Timeout Handling"],"fullName":"Mutex Timeout Handling should timeout when lock is not available","status":"passed","title":"should timeout when lock is not available","duration":50.756619,"failureMessages":[],"meta":{}},{"ancestorTitles":["Mutex","Timeout Handling"],"fullName":"Mutex Timeout Handling should succeed if lock becomes available before timeout","status":"passed","title":"should succeed if lock becomes available before timeout","duration":20.63510400000007,"failureMessages":[],"meta":{}},{"ancestorTitles":["ReadWriteLock","Read Lock Operations"],"fullName":"ReadWriteLock Read Lock Operations should allow multiple readers","status":"passed","title":"should allow multiple readers","duration":11.149366999999984,"failureMessages":[],"meta":{}},{"ancestorTitles":["ReadWriteLock","Read Lock Operations"],"fullName":"ReadWriteLock Read Lock Operations should throw when releasing read lock without active readers","status":"passed","title":"should throw when releasing read lock without active readers","duration":0.43919900000003054,"failureMessages":[],"meta":{}},{"ancestorTitles":["ReadWriteLock","Read Lock Operations"],"fullName":"ReadWriteLock Read Lock Operations should execute function with read lock","status":"passed","title":"should execute function with read lock","duration":10.711187999999993,"failureMessages":[],"meta":{}},{"ancestorTitles":["ReadWriteLock","Write Lock Operations"],"fullName":"ReadWriteLock Write Lock Operations should allow only one writer","status":"passed","title":"should allow only one writer","duration":30.265220999999997,"failureMessages":[],"meta":{}},{"ancestorTitles":["ReadWriteLock","Write Lock Operations"],"fullName":"ReadWriteLock Write Lock Operations should throw when releasing write lock without active writer","status":"passed","title":"should throw when releasing write lock without active writer","duration":0.527943999999934,"failureMessages":[],"meta":{}},{"ancestorTitles":["ReadWriteLock","Write Lock Operations"],"fullName":"ReadWriteLock Write Lock Operations should execute function with write lock","status":"passed","title":"should execute function with write lock","duration":10.423310000000015,"failureMessages":[],"meta":{}},{"ancestorTitles":["ReadWriteLock","Reader-Writer Coordination"],"fullName":"ReadWriteLock Reader-Writer Coordination should block writers when readers are active","status":"passed","title":"should block writers when readers are active","duration":20.590503000000012,"failureMessages":[],"meta":{}},{"ancestorTitles":["ReadWriteLock","Reader-Writer Coordination"],"fullName":"ReadWriteLock Reader-Writer Coordination should block readers when writer is active","status":"passed","title":"should block readers when writer is active","duration":20.62295599999993,"failureMessages":[],"meta":{}},{"ancestorTitles":["ReadWriteLock","Reader-Writer Coordination"],"fullName":"ReadWriteLock Reader-Writer Coordination should prioritize writers over readers","status":"passed","title":"should prioritize writers over readers","duration":10.49184600000001,"failureMessages":[],"meta":{}},{"ancestorTitles":["ReadWriteLock","Timeout Handling"],"fullName":"ReadWriteLock Timeout Handling should timeout read acquisition","status":"passed","title":"should timeout read acquisition","duration":51.311931999999956,"failureMessages":[],"meta":{}},{"ancestorTitles":["ReadWriteLock","Timeout Handling"],"fullName":"ReadWriteLock Timeout Handling should timeout write acquisition","status":"passed","title":"should timeout write acquisition","duration":50.79888500000004,"failureMessages":[],"meta":{}},{"ancestorTitles":["Semaphore","Construction"],"fullName":"Semaphore Construction should create semaphore with initial permits","status":"passed","title":"should create semaphore with initial permits","duration":0.25735099999997146,"failureMessages":[],"meta":{}},{"ancestorTitles":["Semaphore","Construction"],"fullName":"Semaphore Construction should throw for negative permits","status":"passed","title":"should throw for negative permits","duration":0.27643299999999726,"failureMessages":[],"meta":{}},{"ancestorTitles":["Semaphore","Construction"],"fullName":"Semaphore Construction should allow zero permits","status":"passed","title":"should allow zero permits","duration":0.12189899999998488,"failureMessages":[],"meta":{}},{"ancestorTitles":["Semaphore","Permit Management"],"fullName":"Semaphore Permit Management should acquire and release permits","status":"passed","title":"should acquire and release permits","duration":0.4882959999999912,"failureMessages":[],"meta":{}},{"ancestorTitles":["Semaphore","Permit Management"],"fullName":"Semaphore Permit Management should block when no permits available","status":"passed","title":"should block when no permits available","duration":20.471566000000166,"failureMessages":[],"meta":{}},{"ancestorTitles":["Semaphore","Permit Management"],"fullName":"Semaphore Permit Management should limit concurrent access","status":"passed","title":"should limit concurrent access","duration":30.652736000000004,"failureMessages":[],"meta":{}},{"ancestorTitles":["Semaphore","Permit Management"],"fullName":"Semaphore Permit Management should execute function with permit","status":"passed","title":"should execute function with permit","duration":0.2663790000001427,"failureMessages":[],"meta":{}},{"ancestorTitles":["Semaphore","Permit Management"],"fullName":"Semaphore Permit Management should release permit even if function throws","status":"passed","title":"should release permit even if function throws","duration":0.26689699999997174,"failureMessages":[],"meta":{}},{"ancestorTitles":["Semaphore","Timeout Handling"],"fullName":"Semaphore Timeout Handling should timeout when no permits available","status":"passed","title":"should timeout when no permits available","duration":51.418202000000065,"failureMessages":[],"meta":{}},{"ancestorTitles":["Semaphore","Timeout Handling"],"fullName":"Semaphore Timeout Handling should succeed if permit becomes available before timeout","status":"passed","title":"should succeed if permit becomes available before timeout","duration":20.601765999999998,"failureMessages":[],"meta":{}},{"ancestorTitles":["RateLimiter","Construction"],"fullName":"RateLimiter Construction should create rate limiter with capacity and refill rate","status":"passed","title":"should create rate limiter with capacity and refill rate","duration":0.2569750000000113,"failureMessages":[],"meta":{}},{"ancestorTitles":["RateLimiter","Token Management"],"fullName":"RateLimiter Token Management should consume tokens on acquisition","status":"passed","title":"should consume tokens on acquisition","duration":0.27880900000013753,"failureMessages":[],"meta":{}},{"ancestorTitles":["RateLimiter","Token Management"],"fullName":"RateLimiter Token Management should reject requests exceeding capacity","status":"passed","title":"should reject requests exceeding capacity","duration":0.3121479999999792,"failureMessages":[],"meta":{}},{"ancestorTitles":["RateLimiter","Token Management"],"fullName":"RateLimiter Token Management should refill tokens over time","status":"passed","title":"should refill tokens over time","duration":150.87262299999998,"failureMessages":[],"meta":{}},{"ancestorTitles":["RateLimiter","Token Management"],"fullName":"RateLimiter Token Management should limit request rate","status":"passed","title":"should limit request rate","duration":150.58988599999998,"failureMessages":[],"meta":{}},{"ancestorTitles":["RateLimiter","Token Management"],"fullName":"RateLimiter Token Management should execute function with rate limiting","status":"passed","title":"should execute function with rate limiting","duration":0.2552769999999782,"failureMessages":[],"meta":{}},{"ancestorTitles":["RateLimiter","Timeout Handling"],"fullName":"RateLimiter Timeout Handling should timeout when tokens not available","status":"skipped","title":"should timeout when tokens not available","failureMessages":[],"meta":{}},{"ancestorTitles":["RateLimiter","Concurrent Access"],"fullName":"RateLimiter Concurrent Access should handle concurrent token requests","status":"passed","title":"should handle concurrent token requests","duration":0.3735269999999673,"failureMessages":[],"meta":{}},{"ancestorTitles":["AtomicCounter","Basic Operations"],"fullName":"AtomicCounter Basic Operations should initialize with default value","status":"passed","title":"should initialize with default value","duration":0.19814999999994143,"failureMessages":[],"meta":{}},{"ancestorTitles":["AtomicCounter","Basic Operations"],"fullName":"AtomicCounter Basic Operations should initialize with custom value","status":"passed","title":"should initialize with custom value","duration":0.08817499999986467,"failureMessages":[],"meta":{}},{"ancestorTitles":["AtomicCounter","Basic Operations"],"fullName":"AtomicCounter Basic Operations should increment correctly","status":"passed","title":"should increment correctly","duration":0.1584259999999631,"failureMessages":[],"meta":{}},{"ancestorTitles":["AtomicCounter","Basic Operations"],"fullName":"AtomicCounter Basic Operations should decrement correctly","status":"passed","title":"should decrement correctly","duration":0.17144699999994373,"failureMessages":[],"meta":{}},{"ancestorTitles":["AtomicCounter","Basic Operations"],"fullName":"AtomicCounter Basic Operations should set value correctly","status":"passed","title":"should set value correctly","duration":0.07734900000014022,"failureMessages":[],"meta":{}},{"ancestorTitles":["AtomicCounter","Compare and Swap"],"fullName":"AtomicCounter Compare and Swap should swap when value matches expected","status":"passed","title":"should swap when value matches expected","duration":0.14492999999993117,"failureMessages":[],"meta":{}},{"ancestorTitles":["AtomicCounter","Compare and Swap"],"fullName":"AtomicCounter Compare and Swap should not swap when value does not match expected","status":"passed","title":"should not swap when value does not match expected","duration":0.10349500000006628,"failureMessages":[],"meta":{}},{"ancestorTitles":["AtomicCounter","Concurrency Safety"],"fullName":"AtomicCounter Concurrency Safety should handle concurrent increments correctly","status":"passed","title":"should handle concurrent increments correctly","duration":0.5650200000000041,"failureMessages":[],"meta":{}},{"ancestorTitles":["AtomicCounter","Concurrency Safety"],"fullName":"AtomicCounter Concurrency Safety should handle mixed concurrent operations","status":"passed","title":"should handle mixed concurrent operations","duration":0.4125120000001061,"failureMessages":[],"meta":{}},{"ancestorTitles":["AtomicBoolean","Basic Operations"],"fullName":"AtomicBoolean Basic Operations should initialize with default value","status":"passed","title":"should initialize with default value","duration":0.18284300000004805,"failureMessages":[],"meta":{}},{"ancestorTitles":["AtomicBoolean","Basic Operations"],"fullName":"AtomicBoolean Basic Operations should initialize with custom value","status":"passed","title":"should initialize with custom value","duration":0.08047699999997349,"failureMessages":[],"meta":{}},{"ancestorTitles":["AtomicBoolean","Basic Operations"],"fullName":"AtomicBoolean Basic Operations should set value correctly","status":"passed","title":"should set value correctly","duration":0.1705770000000939,"failureMessages":[],"meta":{}},{"ancestorTitles":["AtomicBoolean","Basic Operations"],"fullName":"AtomicBoolean Basic Operations should toggle value correctly","status":"passed","title":"should toggle value correctly","duration":0.3098489999999856,"failureMessages":[],"meta":{}},{"ancestorTitles":["AtomicBoolean","Compare and Swap"],"fullName":"AtomicBoolean Compare and Swap should swap when value matches expected","status":"passed","title":"should swap when value matches expected","duration":0.12562000000002627,"failureMessages":[],"meta":{}},{"ancestorTitles":["AtomicBoolean","Compare and Swap"],"fullName":"AtomicBoolean Compare and Swap should not swap when value does not match expected","status":"passed","title":"should not swap when value does not match expected","duration":0.09319099999993341,"failureMessages":[],"meta":{}},{"ancestorTitles":["AtomicBoolean","Concurrency Safety"],"fullName":"AtomicBoolean Concurrency Safety should handle concurrent toggles correctly","status":"passed","title":"should handle concurrent toggles correctly","duration":0.526625999999851,"failureMessages":[],"meta":{}},{"ancestorTitles":["Utility Functions","withConcurrency"],"fullName":"Utility Functions withConcurrency should limit concurrent execution","status":"passed","title":"should limit concurrent execution","duration":41.91159400000015,"failureMessages":[],"meta":{}},{"ancestorTitles":["Utility Functions","withConcurrency"],"fullName":"Utility Functions withConcurrency should handle task failures gracefully","status":"passed","title":"should handle task failures gracefully","duration":0.4493459999998777,"failureMessages":[],"meta":{}},{"ancestorTitles":["Utility Functions","debounce"],"fullName":"Utility Functions debounce should delay function execution","status":"passed","title":"should delay function execution","duration":1.942452000000003,"failureMessages":[],"meta":{}},{"ancestorTitles":["Utility Functions","debounce"],"fullName":"Utility Functions debounce should cancel previous calls","status":"passed","title":"should cancel previous calls","duration":0.5696000000000367,"failureMessages":[],"meta":{}},{"ancestorTitles":["Utility Functions","debounce"],"fullName":"Utility Functions debounce should handle function errors","status":"passed","title":"should handle function errors","duration":0.3687030000000959,"failureMessages":[],"meta":{}},{"ancestorTitles":["Utility Functions","throttle"],"fullName":"Utility Functions throttle should limit function call rate","status":"passed","title":"should limit function call rate","duration":0.4867629999998826,"failureMessages":[],"meta":{}},{"ancestorTitles":["Utility Functions","throttle"],"fullName":"Utility Functions throttle should handle rapid successive calls","status":"passed","title":"should handle rapid successive calls","duration":0.5408699999998134,"failureMessages":[],"meta":{}},{"ancestorTitles":["Integration Tests"],"fullName":"Integration Tests should work together in complex scenarios","status":"passed","title":"should work together in complex scenarios","duration":52.58182899999997,"failureMessages":[],"meta":{}},{"ancestorTitles":["Integration Tests"],"fullName":"Integration Tests should handle mixed async patterns","status":"passed","title":"should handle mixed async patterns","duration":31.100772000000006,"failureMessages":[],"meta":{}}],"startTime":1753715590758,"endTime":1753715591778.1008,"status":"passed","message":"","name":"/home/connerohnesorge/Documents/001Repos/hyprland-ts/src/concurrency.spec.ts"},{"assertionResults":[{"ancestorTitles":["Edge Case Tests"],"fullName":"Edge Case Tests should handle extreme numeric values","status":"passed","title":"should handle extreme numeric values","duration":1.5235649999999623,"failureMessages":[],"meta":{}},{"ancestorTitles":["Edge Case Tests"],"fullName":"Edge Case Tests should handle unicode and special characters in strings","status":"passed","title":"should handle unicode and special characters in strings","duration":0.40257500000006985,"failureMessages":[],"meta":{}},{"ancestorTitles":["Edge Case Tests"],"fullName":"Edge Case Tests should reject null and undefined values","status":"passed","title":"should reject null and undefined values","duration":0.6584259999999631,"failureMessages":[],"meta":{}},{"ancestorTitles":["Edge Case Tests"],"fullName":"Edge Case Tests should handle empty strings appropriately","status":"passed","title":"should handle empty strings appropriately","duration":0.20898799999986295,"failureMessages":[],"meta":{}},{"ancestorTitles":["Edge Case Tests"],"fullName":"Edge Case Tests should handle boundary values for coordinates and sizes","status":"passed","title":"should handle boundary values for coordinates and sizes","duration":0.20022400000016205,"failureMessages":[],"meta":{}},{"ancestorTitles":["Edge Case Tests"],"fullName":"Edge Case Tests should handle malformed objects gracefully","status":"passed","title":"should handle malformed objects gracefully","duration":0.5989939999999478,"failureMessages":[],"meta":{}}],"startTime":1753715592843,"endTime":1753715592846.5989,"status":"passed","message":"","name":"/home/connerohnesorge/Documents/001Repos/hyprland-ts/src/edge-cases.test.ts"},{"assertionResults":[{"ancestorTitles":["Integration Tests"],"fullName":"Integration Tests should validate complete window management workflow","status":"passed","title":"should validate complete window management workflow","duration":3.0585409999998774,"failureMessages":[],"meta":{}},{"ancestorTitles":["Integration Tests"],"fullName":"Integration Tests should handle mixed valid and invalid data gracefully","status":"passed","title":"should handle mixed valid and invalid data gracefully","duration":0.3445520000000215,"failureMessages":[],"meta":{}},{"ancestorTitles":["Integration Tests"],"fullName":"Integration Tests should handle large datasets efficiently","status":"passed","title":"should handle large datasets efficiently","duration":0.5527969999998277,"failureMessages":[],"meta":{}},{"ancestorTitles":["Integration Tests"],"fullName":"Integration Tests should maintain data consistency across operations","status":"passed","title":"should maintain data consistency across operations","duration":0.30408799999986513,"failureMessages":[],"meta":{}},{"ancestorTitles":["Integration Tests"],"fullName":"Integration Tests should handle concurrent validation operations","status":"passed","title":"should handle concurrent validation operations","duration":0.3030189999999493,"failureMessages":[],"meta":{}}],"startTime":1753715592740,"endTime":1753715592745.303,"status":"passed","message":"","name":"/home/connerohnesorge/Documents/001Repos/hyprland-ts/src/integration.test.ts"},{"assertionResults":[{"ancestorTitles":["Performance Tests"],"fullName":"Performance Tests validateHyprlandWindow should handle multiple validations efficiently","status":"passed","title":"validateHyprlandWindow should handle multiple validations efficiently","duration":20.691808000000037,"failureMessages":[],"meta":{}},{"ancestorTitles":["Performance Tests"],"fullName":"Performance Tests validation should scale linearly with array size","status":"passed","title":"validation should scale linearly with array size","duration":2.136196999999811,"failureMessages":[],"meta":{}}],"startTime":1753715592394,"endTime":1753715592417.1362,"status":"passed","message":"","name":"/home/connerohnesorge/Documents/001Repos/hyprland-ts/src/performance.test.ts"},{"assertionResults":[{"ancestorTitles":["Property-Based Tests"],"fullName":"Property-Based Tests validateHyprlandWindow should always succeed for valid windows","status":"passed","title":"validateHyprlandWindow should always succeed for valid windows","duration":1.7145349999996142,"failureMessages":[],"meta":{}},{"ancestorTitles":["Property-Based Tests"],"fullName":"Property-Based Tests isHyprlandWindow should maintain type consistency","status":"passed","title":"isHyprlandWindow should maintain type consistency","duration":0.48386299999992843,"failureMessages":[],"meta":{}},{"ancestorTitles":["Property-Based Tests"],"fullName":"Property-Based Tests validation should reject objects with missing required properties","status":"passed","title":"validation should reject objects with missing required properties","duration":0.4277580000002672,"failureMessages":[],"meta":{}}],"startTime":1753715592970,"endTime":1753715592972.484,"status":"passed","message":"","name":"/home/connerohnesorge/Documents/001Repos/hyprland-ts/src/property.test.ts"},{"assertionResults":[{"ancestorTitles":["SocketConnection","Construction"],"fullName":"SocketConnection Construction should create connection with default configuration","status":"failed","title":"should create connection with default configuration","duration":6.845317000000023,"failureMessages":["TypeError: mockConnect.mockReturnValue is not a function\n    at /home/connerohnesorge/Documents/001Repos/hyprland-ts/src/socket-communication.spec.ts:126:17\n    at file:///home/connerohnesorge/Documents/001Repos/hyprland-ts/node_modules/@vitest/runner/dist/chunk-hooks.js:155:11\n    at file:///home/connerohnesorge/Documents/001Repos/hyprland-ts/node_modules/@vitest/runner/dist/chunk-hooks.js:1897:20\n    at new Promise (<anonymous>)\n    at runWithTimeout (file:///home/connerohnesorge/Documents/001Repos/hyprland-ts/node_modules/@vitest/runner/dist/chunk-hooks.js:1863:10)\n    at runHook (file:///home/connerohnesorge/Documents/001Repos/hyprland-ts/node_modules/@vitest/runner/dist/chunk-hooks.js:1436:51)\n    at callSuiteHook (file:///home/connerohnesorge/Documents/001Repos/hyprland-ts/node_modules/@vitest/runner/dist/chunk-hooks.js:1442:25)\n    at callSuiteHook (file:///home/connerohnesorge/Documents/001Repos/hyprland-ts/node_modules/@vitest/runner/dist/chunk-hooks.js:1429:21)\n    at runTest (file:///home/connerohnesorge/Documents/001Repos/hyprland-ts/node_modules/@vitest/runner/dist/chunk-hooks.js:1566:26)\n    at runSuite (file:///home/connerohnesorge/Documents/001Repos/hyprland-ts/node_modules/@vitest/runner/dist/chunk-hooks.js:1729:8)"],"meta":{}},{"ancestorTitles":["SocketConnection","Construction"],"fullName":"SocketConnection Construction should create connection with custom configuration","status":"failed","title":"should create connection with custom configuration","duration":0.5761119999999664,"failureMessages":["TypeError: mockConnect.mockReturnValue is not a function\n    at /home/connerohnesorge/Documents/001Repos/hyprland-ts/src/socket-communication.spec.ts:126:17\n    at file:///home/connerohnesorge/Documents/001Repos/hyprland-ts/node_modules/@vitest/runner/dist/chunk-hooks.js:155:11\n    at file:///home/connerohnesorge/Documents/001Repos/hyprland-ts/node_modules/@vitest/runner/dist/chunk-hooks.js:1897:20\n    at new Promise (<anonymous>)\n    at runWithTimeout (file:///home/connerohnesorge/Documents/001Repos/hyprland-ts/node_modules/@vitest/runner/dist/chunk-hooks.js:1863:10)\n    at runHook (file:///home/connerohnesorge/Documents/001Repos/hyprland-ts/node_modules/@vitest/runner/dist/chunk-hooks.js:1436:51)\n    at callSuiteHook (file:///home/connerohnesorge/Documents/001Repos/hyprland-ts/node_modules/@vitest/runner/dist/chunk-hooks.js:1442:25)\n    at callSuiteHook (file:///home/connerohnesorge/Documents/001Repos/hyprland-ts/node_modules/@vitest/runner/dist/chunk-hooks.js:1429:21)\n    at runTest (file:///home/connerohnesorge/Documents/001Repos/hyprland-ts/node_modules/@vitest/runner/dist/chunk-hooks.js:1566:26)\n    at runSuite (file:///home/connerohnesorge/Documents/001Repos/hyprland-ts/node_modules/@vitest/runner/dist/chunk-hooks.js:1729:8)"],"meta":{}},{"ancestorTitles":["SocketConnection","Construction"],"fullName":"SocketConnection Construction should initialize with correct default state","status":"failed","title":"should initialize with correct default state","duration":0.43166600000006383,"failureMessages":["TypeError: mockConnect.mockReturnValue is not a function\n    at /home/connerohnesorge/Documents/001Repos/hyprland-ts/src/socket-communication.spec.ts:126:17\n    at file:///home/connerohnesorge/Documents/001Repos/hyprland-ts/node_modules/@vitest/runner/dist/chunk-hooks.js:155:11\n    at file:///home/connerohnesorge/Documents/001Repos/hyprland-ts/node_modules/@vitest/runner/dist/chunk-hooks.js:1897:20\n    at new Promise (<anonymous>)\n    at runWithTimeout (file:///home/connerohnesorge/Documents/001Repos/hyprland-ts/node_modules/@vitest/runner/dist/chunk-hooks.js:1863:10)\n    at runHook (file:///home/connerohnesorge/Documents/001Repos/hyprland-ts/node_modules/@vitest/runner/dist/chunk-hooks.js:1436:51)\n    at callSuiteHook (file:///home/connerohnesorge/Documents/001Repos/hyprland-ts/node_modules/@vitest/runner/dist/chunk-hooks.js:1442:25)\n    at callSuiteHook (file:///home/connerohnesorge/Documents/001Repos/hyprland-ts/node_modules/@vitest/runner/dist/chunk-hooks.js:1429:21)\n    at runTest (file:///home/connerohnesorge/Documents/001Repos/hyprland-ts/node_modules/@vitest/runner/dist/chunk-hooks.js:1566:26)\n    at runSuite (file:///home/connerohnesorge/Documents/001Repos/hyprland-ts/node_modules/@vitest/runner/dist/chunk-hooks.js:1729:8)"],"meta":{}},{"ancestorTitles":["SocketConnection","Connection Management"],"fullName":"SocketConnection Connection Management should establish connection successfully","status":"failed","title":"should establish connection successfully","duration":0.55150900000001,"failureMessages":["TypeError: mockConnect.mockReturnValue is not a function\n    at /home/connerohnesorge/Documents/001Repos/hyprland-ts/src/socket-communication.spec.ts:126:17\n    at file:///home/connerohnesorge/Documents/001Repos/hyprland-ts/node_modules/@vitest/runner/dist/chunk-hooks.js:155:11\n    at file:///home/connerohnesorge/Documents/001Repos/hyprland-ts/node_modules/@vitest/runner/dist/chunk-hooks.js:1897:20\n    at new Promise (<anonymous>)\n    at runWithTimeout (file:///home/connerohnesorge/Documents/001Repos/hyprland-ts/node_modules/@vitest/runner/dist/chunk-hooks.js:1863:10)\n    at runHook (file:///home/connerohnesorge/Documents/001Repos/hyprland-ts/node_modules/@vitest/runner/dist/chunk-hooks.js:1436:51)\n    at callSuiteHook (file:///home/connerohnesorge/Documents/001Repos/hyprland-ts/node_modules/@vitest/runner/dist/chunk-hooks.js:1442:25)\n    at callSuiteHook (file:///home/connerohnesorge/Documents/001Repos/hyprland-ts/node_modules/@vitest/runner/dist/chunk-hooks.js:1429:21)\n    at runTest (file:///home/connerohnesorge/Documents/001Repos/hyprland-ts/node_modules/@vitest/runner/dist/chunk-hooks.js:1566:26)\n    at runSuite (file:///home/connerohnesorge/Documents/001Repos/hyprland-ts/node_modules/@vitest/runner/dist/chunk-hooks.js:1729:8)"],"meta":{}},{"ancestorTitles":["SocketConnection","Connection Management"],"fullName":"SocketConnection Connection Management should handle connection timeout","status":"failed","title":"should handle connection timeout","duration":0.4655169999999771,"failureMessages":["TypeError: mockConnect.mockReturnValue is not a function\n    at /home/connerohnesorge/Documents/001Repos/hyprland-ts/src/socket-communication.spec.ts:126:17\n    at file:///home/connerohnesorge/Documents/001Repos/hyprland-ts/node_modules/@vitest/runner/dist/chunk-hooks.js:155:11\n    at file:///home/connerohnesorge/Documents/001Repos/hyprland-ts/node_modules/@vitest/runner/dist/chunk-hooks.js:1897:20\n    at new Promise (<anonymous>)\n    at runWithTimeout (file:///home/connerohnesorge/Documents/001Repos/hyprland-ts/node_modules/@vitest/runner/dist/chunk-hooks.js:1863:10)\n    at runHook (file:///home/connerohnesorge/Documents/001Repos/hyprland-ts/node_modules/@vitest/runner/dist/chunk-hooks.js:1436:51)\n    at callSuiteHook (file:///home/connerohnesorge/Documents/001Repos/hyprland-ts/node_modules/@vitest/runner/dist/chunk-hooks.js:1442:25)\n    at callSuiteHook (file:///home/connerohnesorge/Documents/001Repos/hyprland-ts/node_modules/@vitest/runner/dist/chunk-hooks.js:1429:21)\n    at runTest (file:///home/connerohnesorge/Documents/001Repos/hyprland-ts/node_modules/@vitest/runner/dist/chunk-hooks.js:1566:26)\n    at runSuite (file:///home/connerohnesorge/Documents/001Repos/hyprland-ts/node_modules/@vitest/runner/dist/chunk-hooks.js:1729:8)"],"meta":{}},{"ancestorTitles":["SocketConnection","Connection Management"],"fullName":"SocketConnection Connection Management should handle connection error","status":"failed","title":"should handle connection error","duration":0.2873020000000679,"failureMessages":["TypeError: mockConnect.mockReturnValue is not a function\n    at /home/connerohnesorge/Documents/001Repos/hyprland-ts/src/socket-communication.spec.ts:126:17\n    at file:///home/connerohnesorge/Documents/001Repos/hyprland-ts/node_modules/@vitest/runner/dist/chunk-hooks.js:155:11\n    at file:///home/connerohnesorge/Documents/001Repos/hyprland-ts/node_modules/@vitest/runner/dist/chunk-hooks.js:1897:20\n    at new Promise (<anonymous>)\n    at runWithTimeout (file:///home/connerohnesorge/Documents/001Repos/hyprland-ts/node_modules/@vitest/runner/dist/chunk-hooks.js:1863:10)\n    at runHook (file:///home/connerohnesorge/Documents/001Repos/hyprland-ts/node_modules/@vitest/runner/dist/chunk-hooks.js:1436:51)\n    at callSuiteHook (file:///home/connerohnesorge/Documents/001Repos/hyprland-ts/node_modules/@vitest/runner/dist/chunk-hooks.js:1442:25)\n    at callSuiteHook (file:///home/connerohnesorge/Documents/001Repos/hyprland-ts/node_modules/@vitest/runner/dist/chunk-hooks.js:1429:21)\n    at runTest (file:///home/connerohnesorge/Documents/001Repos/hyprland-ts/node_modules/@vitest/runner/dist/chunk-hooks.js:1566:26)\n    at runSuite (file:///home/connerohnesorge/Documents/001Repos/hyprland-ts/node_modules/@vitest/runner/dist/chunk-hooks.js:1729:8)"],"meta":{}},{"ancestorTitles":["SocketConnection","Connection Management"],"fullName":"SocketConnection Connection Management should not connect if already connected","status":"failed","title":"should not connect if already connected","duration":0.2785390000000234,"failureMessages":["TypeError: mockConnect.mockReturnValue is not a function\n    at /home/connerohnesorge/Documents/001Repos/hyprland-ts/src/socket-communication.spec.ts:126:17\n    at file:///home/connerohnesorge/Documents/001Repos/hyprland-ts/node_modules/@vitest/runner/dist/chunk-hooks.js:155:11\n    at file:///home/connerohnesorge/Documents/001Repos/hyprland-ts/node_modules/@vitest/runner/dist/chunk-hooks.js:1897:20\n    at new Promise (<anonymous>)\n    at runWithTimeout (file:///home/connerohnesorge/Documents/001Repos/hyprland-ts/node_modules/@vitest/runner/dist/chunk-hooks.js:1863:10)\n    at runHook (file:///home/connerohnesorge/Documents/001Repos/hyprland-ts/node_modules/@vitest/runner/dist/chunk-hooks.js:1436:51)\n    at callSuiteHook (file:///home/connerohnesorge/Documents/001Repos/hyprland-ts/node_modules/@vitest/runner/dist/chunk-hooks.js:1442:25)\n    at callSuiteHook (file:///home/connerohnesorge/Documents/001Repos/hyprland-ts/node_modules/@vitest/runner/dist/chunk-hooks.js:1429:21)\n    at runTest (file:///home/connerohnesorge/Documents/001Repos/hyprland-ts/node_modules/@vitest/runner/dist/chunk-hooks.js:1566:26)\n    at runSuite (file:///home/connerohnesorge/Documents/001Repos/hyprland-ts/node_modules/@vitest/runner/dist/chunk-hooks.js:1729:8)"],"meta":{}},{"ancestorTitles":["SocketConnection","Connection Management"],"fullName":"SocketConnection Connection Management should handle concurrent connection attempts","status":"failed","title":"should handle concurrent connection attempts","duration":0.35080500000003667,"failureMessages":["TypeError: mockConnect.mockReturnValue is not a function\n    at /home/connerohnesorge/Documents/001Repos/hyprland-ts/src/socket-communication.spec.ts:126:17\n    at file:///home/connerohnesorge/Documents/001Repos/hyprland-ts/node_modules/@vitest/runner/dist/chunk-hooks.js:155:11\n    at file:///home/connerohnesorge/Documents/001Repos/hyprland-ts/node_modules/@vitest/runner/dist/chunk-hooks.js:1897:20\n    at new Promise (<anonymous>)\n    at runWithTimeout (file:///home/connerohnesorge/Documents/001Repos/hyprland-ts/node_modules/@vitest/runner/dist/chunk-hooks.js:1863:10)\n    at runHook (file:///home/connerohnesorge/Documents/001Repos/hyprland-ts/node_modules/@vitest/runner/dist/chunk-hooks.js:1436:51)\n    at callSuiteHook (file:///home/connerohnesorge/Documents/001Repos/hyprland-ts/node_modules/@vitest/runner/dist/chunk-hooks.js:1442:25)\n    at callSuiteHook (file:///home/connerohnesorge/Documents/001Repos/hyprland-ts/node_modules/@vitest/runner/dist/chunk-hooks.js:1429:21)\n    at runTest (file:///home/connerohnesorge/Documents/001Repos/hyprland-ts/node_modules/@vitest/runner/dist/chunk-hooks.js:1566:26)\n    at runSuite (file:///home/connerohnesorge/Documents/001Repos/hyprland-ts/node_modules/@vitest/runner/dist/chunk-hooks.js:1729:8)"],"meta":{}},{"ancestorTitles":["SocketConnection","Message Handling"],"fullName":"SocketConnection Message Handling should send message successfully","status":"failed","title":"should send message successfully","duration":0.4771769999999833,"failureMessages":["TypeError: mockConnect.mockReturnValue is not a function\n    at /home/connerohnesorge/Documents/001Repos/hyprland-ts/src/socket-communication.spec.ts:126:17\n    at file:///home/connerohnesorge/Documents/001Repos/hyprland-ts/node_modules/@vitest/runner/dist/chunk-hooks.js:155:11\n    at file:///home/connerohnesorge/Documents/001Repos/hyprland-ts/node_modules/@vitest/runner/dist/chunk-hooks.js:1897:20\n    at new Promise (<anonymous>)\n    at runWithTimeout (file:///home/connerohnesorge/Documents/001Repos/hyprland-ts/node_modules/@vitest/runner/dist/chunk-hooks.js:1863:10)\n    at runHook (file:///home/connerohnesorge/Documents/001Repos/hyprland-ts/node_modules/@vitest/runner/dist/chunk-hooks.js:1436:51)\n    at callSuiteHook (file:///home/connerohnesorge/Documents/001Repos/hyprland-ts/node_modules/@vitest/runner/dist/chunk-hooks.js:1442:25)\n    at callSuiteHook (file:///home/connerohnesorge/Documents/001Repos/hyprland-ts/node_modules/@vitest/runner/dist/chunk-hooks.js:1429:21)\n    at runTest (file:///home/connerohnesorge/Documents/001Repos/hyprland-ts/node_modules/@vitest/runner/dist/chunk-hooks.js:1566:26)\n    at runSuite (file:///home/connerohnesorge/Documents/001Repos/hyprland-ts/node_modules/@vitest/runner/dist/chunk-hooks.js:1729:8)"],"meta":{}},{"ancestorTitles":["SocketConnection","Message Handling"],"fullName":"SocketConnection Message Handling should reject message sending when not connected","status":"failed","title":"should reject message sending when not connected","duration":0.3109100000000353,"failureMessages":["TypeError: mockConnect.mockReturnValue is not a function\n    at /home/connerohnesorge/Documents/001Repos/hyprland-ts/src/socket-communication.spec.ts:126:17\n    at file:///home/connerohnesorge/Documents/001Repos/hyprland-ts/node_modules/@vitest/runner/dist/chunk-hooks.js:155:11\n    at file:///home/connerohnesorge/Documents/001Repos/hyprland-ts/node_modules/@vitest/runner/dist/chunk-hooks.js:1897:20\n    at new Promise (<anonymous>)\n    at runWithTimeout (file:///home/connerohnesorge/Documents/001Repos/hyprland-ts/node_modules/@vitest/runner/dist/chunk-hooks.js:1863:10)\n    at runHook (file:///home/connerohnesorge/Documents/001Repos/hyprland-ts/node_modules/@vitest/runner/dist/chunk-hooks.js:1436:51)\n    at callSuiteHook (file:///home/connerohnesorge/Documents/001Repos/hyprland-ts/node_modules/@vitest/runner/dist/chunk-hooks.js:1442:25)\n    at callSuiteHook (file:///home/connerohnesorge/Documents/001Repos/hyprland-ts/node_modules/@vitest/runner/dist/chunk-hooks.js:1429:21)\n    at runTest (file:///home/connerohnesorge/Documents/001Repos/hyprland-ts/node_modules/@vitest/runner/dist/chunk-hooks.js:1566:26)\n    at runSuite (file:///home/connerohnesorge/Documents/001Repos/hyprland-ts/node_modules/@vitest/runner/dist/chunk-hooks.js:1729:8)"],"meta":{}},{"ancestorTitles":["SocketConnection","Message Handling"],"fullName":"SocketConnection Message Handling should handle message sending errors","status":"failed","title":"should handle message sending errors","duration":0.30066099999999096,"failureMessages":["TypeError: mockConnect.mockReturnValue is not a function\n    at /home/connerohnesorge/Documents/001Repos/hyprland-ts/src/socket-communication.spec.ts:126:17\n    at file:///home/connerohnesorge/Documents/001Repos/hyprland-ts/node_modules/@vitest/runner/dist/chunk-hooks.js:155:11\n    at file:///home/connerohnesorge/Documents/001Repos/hyprland-ts/node_modules/@vitest/runner/dist/chunk-hooks.js:1897:20\n    at new Promise (<anonymous>)\n    at runWithTimeout (file:///home/connerohnesorge/Documents/001Repos/hyprland-ts/node_modules/@vitest/runner/dist/chunk-hooks.js:1863:10)\n    at runHook (file:///home/connerohnesorge/Documents/001Repos/hyprland-ts/node_modules/@vitest/runner/dist/chunk-hooks.js:1436:51)\n    at callSuiteHook (file:///home/connerohnesorge/Documents/001Repos/hyprland-ts/node_modules/@vitest/runner/dist/chunk-hooks.js:1442:25)\n    at callSuiteHook (file:///home/connerohnesorge/Documents/001Repos/hyprland-ts/node_modules/@vitest/runner/dist/chunk-hooks.js:1429:21)\n    at runTest (file:///home/connerohnesorge/Documents/001Repos/hyprland-ts/node_modules/@vitest/runner/dist/chunk-hooks.js:1566:26)\n    at runSuite (file:///home/connerohnesorge/Documents/001Repos/hyprland-ts/node_modules/@vitest/runner/dist/chunk-hooks.js:1729:8)"],"meta":{}},{"ancestorTitles":["SocketConnection","Message Handling"],"fullName":"SocketConnection Message Handling should handle request-response cycle","status":"failed","title":"should handle request-response cycle","duration":0.23390700000004472,"failureMessages":["TypeError: mockConnect.mockReturnValue is not a function\n    at /home/connerohnesorge/Documents/001Repos/hyprland-ts/src/socket-communication.spec.ts:126:17\n    at file:///home/connerohnesorge/Documents/001Repos/hyprland-ts/node_modules/@vitest/runner/dist/chunk-hooks.js:155:11\n    at file:///home/connerohnesorge/Documents/001Repos/hyprland-ts/node_modules/@vitest/runner/dist/chunk-hooks.js:1897:20\n    at new Promise (<anonymous>)\n    at runWithTimeout (file:///home/connerohnesorge/Documents/001Repos/hyprland-ts/node_modules/@vitest/runner/dist/chunk-hooks.js:1863:10)\n    at runHook (file:///home/connerohnesorge/Documents/001Repos/hyprland-ts/node_modules/@vitest/runner/dist/chunk-hooks.js:1436:51)\n    at callSuiteHook (file:///home/connerohnesorge/Documents/001Repos/hyprland-ts/node_modules/@vitest/runner/dist/chunk-hooks.js:1442:25)\n    at callSuiteHook (file:///home/connerohnesorge/Documents/001Repos/hyprland-ts/node_modules/@vitest/runner/dist/chunk-hooks.js:1429:21)\n    at runTest (file:///home/connerohnesorge/Documents/001Repos/hyprland-ts/node_modules/@vitest/runner/dist/chunk-hooks.js:1566:26)\n    at runSuite (file:///home/connerohnesorge/Documents/001Repos/hyprland-ts/node_modules/@vitest/runner/dist/chunk-hooks.js:1729:8)"],"meta":{}},{"ancestorTitles":["SocketConnection","Message Handling"],"fullName":"SocketConnection Message Handling should handle request timeout","status":"failed","title":"should handle request timeout","duration":0.22314300000005005,"failureMessages":["TypeError: mockConnect.mockReturnValue is not a function\n    at /home/connerohnesorge/Documents/001Repos/hyprland-ts/src/socket-communication.spec.ts:126:17\n    at file:///home/connerohnesorge/Documents/001Repos/hyprland-ts/node_modules/@vitest/runner/dist/chunk-hooks.js:155:11\n    at file:///home/connerohnesorge/Documents/001Repos/hyprland-ts/node_modules/@vitest/runner/dist/chunk-hooks.js:1897:20\n    at new Promise (<anonymous>)\n    at runWithTimeout (file:///home/connerohnesorge/Documents/001Repos/hyprland-ts/node_modules/@vitest/runner/dist/chunk-hooks.js:1863:10)\n    at runHook (file:///home/connerohnesorge/Documents/001Repos/hyprland-ts/node_modules/@vitest/runner/dist/chunk-hooks.js:1436:51)\n    at callSuiteHook (file:///home/connerohnesorge/Documents/001Repos/hyprland-ts/node_modules/@vitest/runner/dist/chunk-hooks.js:1442:25)\n    at callSuiteHook (file:///home/connerohnesorge/Documents/001Repos/hyprland-ts/node_modules/@vitest/runner/dist/chunk-hooks.js:1429:21)\n    at runTest (file:///home/connerohnesorge/Documents/001Repos/hyprland-ts/node_modules/@vitest/runner/dist/chunk-hooks.js:1566:26)\n    at runSuite (file:///home/connerohnesorge/Documents/001Repos/hyprland-ts/node_modules/@vitest/runner/dist/chunk-hooks.js:1729:8)"],"meta":{}},{"ancestorTitles":["SocketConnection","Message Handling"],"fullName":"SocketConnection Message Handling should handle multiple concurrent requests","status":"failed","title":"should handle multiple concurrent requests","duration":0.20803600000010647,"failureMessages":["TypeError: mockConnect.mockReturnValue is not a function\n    at /home/connerohnesorge/Documents/001Repos/hyprland-ts/src/socket-communication.spec.ts:126:17\n    at file:///home/connerohnesorge/Documents/001Repos/hyprland-ts/node_modules/@vitest/runner/dist/chunk-hooks.js:155:11\n    at file:///home/connerohnesorge/Documents/001Repos/hyprland-ts/node_modules/@vitest/runner/dist/chunk-hooks.js:1897:20\n    at new Promise (<anonymous>)\n    at runWithTimeout (file:///home/connerohnesorge/Documents/001Repos/hyprland-ts/node_modules/@vitest/runner/dist/chunk-hooks.js:1863:10)\n    at runHook (file:///home/connerohnesorge/Documents/001Repos/hyprland-ts/node_modules/@vitest/runner/dist/chunk-hooks.js:1436:51)\n    at callSuiteHook (file:///home/connerohnesorge/Documents/001Repos/hyprland-ts/node_modules/@vitest/runner/dist/chunk-hooks.js:1442:25)\n    at callSuiteHook (file:///home/connerohnesorge/Documents/001Repos/hyprland-ts/node_modules/@vitest/runner/dist/chunk-hooks.js:1429:21)\n    at runTest (file:///home/connerohnesorge/Documents/001Repos/hyprland-ts/node_modules/@vitest/runner/dist/chunk-hooks.js:1566:26)\n    at runSuite (file:///home/connerohnesorge/Documents/001Repos/hyprland-ts/node_modules/@vitest/runner/dist/chunk-hooks.js:1729:8)"],"meta":{}},{"ancestorTitles":["SocketConnection","Message Framing"],"fullName":"SocketConnection Message Framing should handle complete messages","status":"failed","title":"should handle complete messages","duration":0.286907000000042,"failureMessages":["TypeError: mockConnect.mockReturnValue is not a function\n    at /home/connerohnesorge/Documents/001Repos/hyprland-ts/src/socket-communication.spec.ts:126:17\n    at file:///home/connerohnesorge/Documents/001Repos/hyprland-ts/node_modules/@vitest/runner/dist/chunk-hooks.js:155:11\n    at file:///home/connerohnesorge/Documents/001Repos/hyprland-ts/node_modules/@vitest/runner/dist/chunk-hooks.js:1897:20\n    at new Promise (<anonymous>)\n    at runWithTimeout (file:///home/connerohnesorge/Documents/001Repos/hyprland-ts/node_modules/@vitest/runner/dist/chunk-hooks.js:1863:10)\n    at runHook (file:///home/connerohnesorge/Documents/001Repos/hyprland-ts/node_modules/@vitest/runner/dist/chunk-hooks.js:1436:51)\n    at callSuiteHook (file:///home/connerohnesorge/Documents/001Repos/hyprland-ts/node_modules/@vitest/runner/dist/chunk-hooks.js:1442:25)\n    at callSuiteHook (file:///home/connerohnesorge/Documents/001Repos/hyprland-ts/node_modules/@vitest/runner/dist/chunk-hooks.js:1429:21)\n    at runTest (file:///home/connerohnesorge/Documents/001Repos/hyprland-ts/node_modules/@vitest/runner/dist/chunk-hooks.js:1566:26)\n    at runSuite (file:///home/connerohnesorge/Documents/001Repos/hyprland-ts/node_modules/@vitest/runner/dist/chunk-hooks.js:1729:8)"],"meta":{}},{"ancestorTitles":["SocketConnection","Message Framing"],"fullName":"SocketConnection Message Framing should handle partial messages","status":"failed","title":"should handle partial messages","duration":0.38837499999999636,"failureMessages":["TypeError: mockConnect.mockReturnValue is not a function\n    at /home/connerohnesorge/Documents/001Repos/hyprland-ts/src/socket-communication.spec.ts:126:17\n    at file:///home/connerohnesorge/Documents/001Repos/hyprland-ts/node_modules/@vitest/runner/dist/chunk-hooks.js:155:11\n    at file:///home/connerohnesorge/Documents/001Repos/hyprland-ts/node_modules/@vitest/runner/dist/chunk-hooks.js:1897:20\n    at new Promise (<anonymous>)\n    at runWithTimeout (file:///home/connerohnesorge/Documents/001Repos/hyprland-ts/node_modules/@vitest/runner/dist/chunk-hooks.js:1863:10)\n    at runHook (file:///home/connerohnesorge/Documents/001Repos/hyprland-ts/node_modules/@vitest/runner/dist/chunk-hooks.js:1436:51)\n    at callSuiteHook (file:///home/connerohnesorge/Documents/001Repos/hyprland-ts/node_modules/@vitest/runner/dist/chunk-hooks.js:1442:25)\n    at callSuiteHook (file:///home/connerohnesorge/Documents/001Repos/hyprland-ts/node_modules/@vitest/runner/dist/chunk-hooks.js:1429:21)\n    at runTest (file:///home/connerohnesorge/Documents/001Repos/hyprland-ts/node_modules/@vitest/runner/dist/chunk-hooks.js:1566:26)\n    at runSuite (file:///home/connerohnesorge/Documents/001Repos/hyprland-ts/node_modules/@vitest/runner/dist/chunk-hooks.js:1729:8)"],"meta":{}},{"ancestorTitles":["SocketConnection","Message Framing"],"fullName":"SocketConnection Message Framing should handle multiple messages in single buffer","status":"failed","title":"should handle multiple messages in single buffer","duration":0.3660849999999982,"failureMessages":["TypeError: mockConnect.mockReturnValue is not a function\n    at /home/connerohnesorge/Documents/001Repos/hyprland-ts/src/socket-communication.spec.ts:126:17\n    at file:///home/connerohnesorge/Documents/001Repos/hyprland-ts/node_modules/@vitest/runner/dist/chunk-hooks.js:155:11\n    at file:///home/connerohnesorge/Documents/001Repos/hyprland-ts/node_modules/@vitest/runner/dist/chunk-hooks.js:1897:20\n    at new Promise (<anonymous>)\n    at runWithTimeout (file:///home/connerohnesorge/Documents/001Repos/hyprland-ts/node_modules/@vitest/runner/dist/chunk-hooks.js:1863:10)\n    at runHook (file:///home/connerohnesorge/Documents/001Repos/hyprland-ts/node_modules/@vitest/runner/dist/chunk-hooks.js:1436:51)\n    at callSuiteHook (file:///home/connerohnesorge/Documents/001Repos/hyprland-ts/node_modules/@vitest/runner/dist/chunk-hooks.js:1442:25)\n    at callSuiteHook (file:///home/connerohnesorge/Documents/001Repos/hyprland-ts/node_modules/@vitest/runner/dist/chunk-hooks.js:1429:21)\n    at runTest (file:///home/connerohnesorge/Documents/001Repos/hyprland-ts/node_modules/@vitest/runner/dist/chunk-hooks.js:1566:26)\n    at runSuite (file:///home/connerohnesorge/Documents/001Repos/hyprland-ts/node_modules/@vitest/runner/dist/chunk-hooks.js:1729:8)"],"meta":{}},{"ancestorTitles":["SocketConnection","Message Framing"],"fullName":"SocketConnection Message Framing should handle buffer overflow","status":"failed","title":"should handle buffer overflow","duration":0.3025830000000269,"failureMessages":["TypeError: mockConnect.mockReturnValue is not a function\n    at /home/connerohnesorge/Documents/001Repos/hyprland-ts/src/socket-communication.spec.ts:126:17\n    at file:///home/connerohnesorge/Documents/001Repos/hyprland-ts/node_modules/@vitest/runner/dist/chunk-hooks.js:155:11\n    at file:///home/connerohnesorge/Documents/001Repos/hyprland-ts/node_modules/@vitest/runner/dist/chunk-hooks.js:1897:20\n    at new Promise (<anonymous>)\n    at runWithTimeout (file:///home/connerohnesorge/Documents/001Repos/hyprland-ts/node_modules/@vitest/runner/dist/chunk-hooks.js:1863:10)\n    at runHook (file:///home/connerohnesorge/Documents/001Repos/hyprland-ts/node_modules/@vitest/runner/dist/chunk-hooks.js:1436:51)\n    at callSuiteHook (file:///home/connerohnesorge/Documents/001Repos/hyprland-ts/node_modules/@vitest/runner/dist/chunk-hooks.js:1442:25)\n    at callSuiteHook (file:///home/connerohnesorge/Documents/001Repos/hyprland-ts/node_modules/@vitest/runner/dist/chunk-hooks.js:1429:21)\n    at runTest (file:///home/connerohnesorge/Documents/001Repos/hyprland-ts/node_modules/@vitest/runner/dist/chunk-hooks.js:1566:26)\n    at runSuite (file:///home/connerohnesorge/Documents/001Repos/hyprland-ts/node_modules/@vitest/runner/dist/chunk-hooks.js:1729:8)"],"meta":{}},{"ancestorTitles":["SocketConnection","Message Framing"],"fullName":"SocketConnection Message Framing should handle malformed JSON","status":"failed","title":"should handle malformed JSON","duration":0.22331999999994423,"failureMessages":["TypeError: mockConnect.mockReturnValue is not a function\n    at /home/connerohnesorge/Documents/001Repos/hyprland-ts/src/socket-communication.spec.ts:126:17\n    at file:///home/connerohnesorge/Documents/001Repos/hyprland-ts/node_modules/@vitest/runner/dist/chunk-hooks.js:155:11\n    at file:///home/connerohnesorge/Documents/001Repos/hyprland-ts/node_modules/@vitest/runner/dist/chunk-hooks.js:1897:20\n    at new Promise (<anonymous>)\n    at runWithTimeout (file:///home/connerohnesorge/Documents/001Repos/hyprland-ts/node_modules/@vitest/runner/dist/chunk-hooks.js:1863:10)\n    at runHook (file:///home/connerohnesorge/Documents/001Repos/hyprland-ts/node_modules/@vitest/runner/dist/chunk-hooks.js:1436:51)\n    at callSuiteHook (file:///home/connerohnesorge/Documents/001Repos/hyprland-ts/node_modules/@vitest/runner/dist/chunk-hooks.js:1442:25)\n    at callSuiteHook (file:///home/connerohnesorge/Documents/001Repos/hyprland-ts/node_modules/@vitest/runner/dist/chunk-hooks.js:1429:21)\n    at runTest (file:///home/connerohnesorge/Documents/001Repos/hyprland-ts/node_modules/@vitest/runner/dist/chunk-hooks.js:1566:26)\n    at runSuite (file:///home/connerohnesorge/Documents/001Repos/hyprland-ts/node_modules/@vitest/runner/dist/chunk-hooks.js:1729:8)"],"meta":{}},{"ancestorTitles":["SocketConnection","State Management"],"fullName":"SocketConnection State Management should track state transitions correctly","status":"failed","title":"should track state transitions correctly","duration":0.22287999999991825,"failureMessages":["TypeError: mockConnect.mockReturnValue is not a function\n    at /home/connerohnesorge/Documents/001Repos/hyprland-ts/src/socket-communication.spec.ts:126:17\n    at file:///home/connerohnesorge/Documents/001Repos/hyprland-ts/node_modules/@vitest/runner/dist/chunk-hooks.js:155:11\n    at file:///home/connerohnesorge/Documents/001Repos/hyprland-ts/node_modules/@vitest/runner/dist/chunk-hooks.js:1897:20\n    at new Promise (<anonymous>)\n    at runWithTimeout (file:///home/connerohnesorge/Documents/001Repos/hyprland-ts/node_modules/@vitest/runner/dist/chunk-hooks.js:1863:10)\n    at runHook (file:///home/connerohnesorge/Documents/001Repos/hyprland-ts/node_modules/@vitest/runner/dist/chunk-hooks.js:1436:51)\n    at callSuiteHook (file:///home/connerohnesorge/Documents/001Repos/hyprland-ts/node_modules/@vitest/runner/dist/chunk-hooks.js:1442:25)\n    at callSuiteHook (file:///home/connerohnesorge/Documents/001Repos/hyprland-ts/node_modules/@vitest/runner/dist/chunk-hooks.js:1429:21)\n    at runTest (file:///home/connerohnesorge/Documents/001Repos/hyprland-ts/node_modules/@vitest/runner/dist/chunk-hooks.js:1566:26)\n    at runSuite (file:///home/connerohnesorge/Documents/001Repos/hyprland-ts/node_modules/@vitest/runner/dist/chunk-hooks.js:1729:8)"],"meta":{}},{"ancestorTitles":["SocketConnection","State Management"],"fullName":"SocketConnection State Management should emit appropriate events","status":"failed","title":"should emit appropriate events","duration":0.19857200000001285,"failureMessages":["TypeError: mockConnect.mockReturnValue is not a function\n    at /home/connerohnesorge/Documents/001Repos/hyprland-ts/src/socket-communication.spec.ts:126:17\n    at file:///home/connerohnesorge/Documents/001Repos/hyprland-ts/node_modules/@vitest/runner/dist/chunk-hooks.js:155:11\n    at file:///home/connerohnesorge/Documents/001Repos/hyprland-ts/node_modules/@vitest/runner/dist/chunk-hooks.js:1897:20\n    at new Promise (<anonymous>)\n    at runWithTimeout (file:///home/connerohnesorge/Documents/001Repos/hyprland-ts/node_modules/@vitest/runner/dist/chunk-hooks.js:1863:10)\n    at runHook (file:///home/connerohnesorge/Documents/001Repos/hyprland-ts/node_modules/@vitest/runner/dist/chunk-hooks.js:1436:51)\n    at callSuiteHook (file:///home/connerohnesorge/Documents/001Repos/hyprland-ts/node_modules/@vitest/runner/dist/chunk-hooks.js:1442:25)\n    at callSuiteHook (file:///home/connerohnesorge/Documents/001Repos/hyprland-ts/node_modules/@vitest/runner/dist/chunk-hooks.js:1429:21)\n    at runTest (file:///home/connerohnesorge/Documents/001Repos/hyprland-ts/node_modules/@vitest/runner/dist/chunk-hooks.js:1566:26)\n    at runSuite (file:///home/connerohnesorge/Documents/001Repos/hyprland-ts/node_modules/@vitest/runner/dist/chunk-hooks.js:1729:8)"],"meta":{}},{"ancestorTitles":["SocketConnection","State Management"],"fullName":"SocketConnection State Management should provide accurate connection status","status":"failed","title":"should provide accurate connection status","duration":0.18564200000002984,"failureMessages":["TypeError: mockConnect.mockReturnValue is not a function\n    at /home/connerohnesorge/Documents/001Repos/hyprland-ts/src/socket-communication.spec.ts:126:17\n    at file:///home/connerohnesorge/Documents/001Repos/hyprland-ts/node_modules/@vitest/runner/dist/chunk-hooks.js:155:11\n    at file:///home/connerohnesorge/Documents/001Repos/hyprland-ts/node_modules/@vitest/runner/dist/chunk-hooks.js:1897:20\n    at new Promise (<anonymous>)\n    at runWithTimeout (file:///home/connerohnesorge/Documents/001Repos/hyprland-ts/node_modules/@vitest/runner/dist/chunk-hooks.js:1863:10)\n    at runHook (file:///home/connerohnesorge/Documents/001Repos/hyprland-ts/node_modules/@vitest/runner/dist/chunk-hooks.js:1436:51)\n    at callSuiteHook (file:///home/connerohnesorge/Documents/001Repos/hyprland-ts/node_modules/@vitest/runner/dist/chunk-hooks.js:1442:25)\n    at callSuiteHook (file:///home/connerohnesorge/Documents/001Repos/hyprland-ts/node_modules/@vitest/runner/dist/chunk-hooks.js:1429:21)\n    at runTest (file:///home/connerohnesorge/Documents/001Repos/hyprland-ts/node_modules/@vitest/runner/dist/chunk-hooks.js:1566:26)\n    at runSuite (file:///home/connerohnesorge/Documents/001Repos/hyprland-ts/node_modules/@vitest/runner/dist/chunk-hooks.js:1729:8)"],"meta":{}},{"ancestorTitles":["SocketConnection","Error Handling and Recovery"],"fullName":"SocketConnection Error Handling and Recovery should handle socket errors gracefully","status":"failed","title":"should handle socket errors gracefully","duration":0.18577499999992142,"failureMessages":["TypeError: mockConnect.mockReturnValue is not a function\n    at /home/connerohnesorge/Documents/001Repos/hyprland-ts/src/socket-communication.spec.ts:126:17\n    at file:///home/connerohnesorge/Documents/001Repos/hyprland-ts/node_modules/@vitest/runner/dist/chunk-hooks.js:155:11\n    at file:///home/connerohnesorge/Documents/001Repos/hyprland-ts/node_modules/@vitest/runner/dist/chunk-hooks.js:1897:20\n    at new Promise (<anonymous>)\n    at runWithTimeout (file:///home/connerohnesorge/Documents/001Repos/hyprland-ts/node_modules/@vitest/runner/dist/chunk-hooks.js:1863:10)\n    at runHook (file:///home/connerohnesorge/Documents/001Repos/hyprland-ts/node_modules/@vitest/runner/dist/chunk-hooks.js:1436:51)\n    at callSuiteHook (file:///home/connerohnesorge/Documents/001Repos/hyprland-ts/node_modules/@vitest/runner/dist/chunk-hooks.js:1442:25)\n    at callSuiteHook (file:///home/connerohnesorge/Documents/001Repos/hyprland-ts/node_modules/@vitest/runner/dist/chunk-hooks.js:1429:21)\n    at runTest (file:///home/connerohnesorge/Documents/001Repos/hyprland-ts/node_modules/@vitest/runner/dist/chunk-hooks.js:1566:26)\n    at runSuite (file:///home/connerohnesorge/Documents/001Repos/hyprland-ts/node_modules/@vitest/runner/dist/chunk-hooks.js:1729:8)"],"meta":{}},{"ancestorTitles":["SocketConnection","Error Handling and Recovery"],"fullName":"SocketConnection Error Handling and Recovery should attempt reconnection on disconnect","status":"failed","title":"should attempt reconnection on disconnect","duration":0.1815520000000106,"failureMessages":["TypeError: mockConnect.mockReturnValue is not a function\n    at /home/connerohnesorge/Documents/001Repos/hyprland-ts/src/socket-communication.spec.ts:126:17\n    at file:///home/connerohnesorge/Documents/001Repos/hyprland-ts/node_modules/@vitest/runner/dist/chunk-hooks.js:155:11\n    at file:///home/connerohnesorge/Documents/001Repos/hyprland-ts/node_modules/@vitest/runner/dist/chunk-hooks.js:1897:20\n    at new Promise (<anonymous>)\n    at runWithTimeout (file:///home/connerohnesorge/Documents/001Repos/hyprland-ts/node_modules/@vitest/runner/dist/chunk-hooks.js:1863:10)\n    at runHook (file:///home/connerohnesorge/Documents/001Repos/hyprland-ts/node_modules/@vitest/runner/dist/chunk-hooks.js:1436:51)\n    at callSuiteHook (file:///home/connerohnesorge/Documents/001Repos/hyprland-ts/node_modules/@vitest/runner/dist/chunk-hooks.js:1442:25)\n    at callSuiteHook (file:///home/connerohnesorge/Documents/001Repos/hyprland-ts/node_modules/@vitest/runner/dist/chunk-hooks.js:1429:21)\n    at runTest (file:///home/connerohnesorge/Documents/001Repos/hyprland-ts/node_modules/@vitest/runner/dist/chunk-hooks.js:1566:26)\n    at runSuite (file:///home/connerohnesorge/Documents/001Repos/hyprland-ts/node_modules/@vitest/runner/dist/chunk-hooks.js:1729:8)"],"meta":{}},{"ancestorTitles":["SocketConnection","Error Handling and Recovery"],"fullName":"SocketConnection Error Handling and Recovery should respect retry limits","status":"failed","title":"should respect retry limits","duration":0.18840399999999136,"failureMessages":["TypeError: mockConnect.mockReturnValue is not a function\n    at /home/connerohnesorge/Documents/001Repos/hyprland-ts/src/socket-communication.spec.ts:126:17\n    at file:///home/connerohnesorge/Documents/001Repos/hyprland-ts/node_modules/@vitest/runner/dist/chunk-hooks.js:155:11\n    at file:///home/connerohnesorge/Documents/001Repos/hyprland-ts/node_modules/@vitest/runner/dist/chunk-hooks.js:1897:20\n    at new Promise (<anonymous>)\n    at runWithTimeout (file:///home/connerohnesorge/Documents/001Repos/hyprland-ts/node_modules/@vitest/runner/dist/chunk-hooks.js:1863:10)\n    at runHook (file:///home/connerohnesorge/Documents/001Repos/hyprland-ts/node_modules/@vitest/runner/dist/chunk-hooks.js:1436:51)\n    at callSuiteHook (file:///home/connerohnesorge/Documents/001Repos/hyprland-ts/node_modules/@vitest/runner/dist/chunk-hooks.js:1442:25)\n    at callSuiteHook (file:///home/connerohnesorge/Documents/001Repos/hyprland-ts/node_modules/@vitest/runner/dist/chunk-hooks.js:1429:21)\n    at runTest (file:///home/connerohnesorge/Documents/001Repos/hyprland-ts/node_modules/@vitest/runner/dist/chunk-hooks.js:1566:26)\n    at runSuite (file:///home/connerohnesorge/Documents/001Repos/hyprland-ts/node_modules/@vitest/runner/dist/chunk-hooks.js:1729:8)"],"meta":{}},{"ancestorTitles":["SocketConnection","Error Handling and Recovery"],"fullName":"SocketConnection Error Handling and Recovery should clean up resources on close","status":"failed","title":"should clean up resources on close","duration":0.19790399999999408,"failureMessages":["TypeError: mockConnect.mockReturnValue is not a function\n    at /home/connerohnesorge/Documents/001Repos/hyprland-ts/src/socket-communication.spec.ts:126:17\n    at file:///home/connerohnesorge/Documents/001Repos/hyprland-ts/node_modules/@vitest/runner/dist/chunk-hooks.js:155:11\n    at file:///home/connerohnesorge/Documents/001Repos/hyprland-ts/node_modules/@vitest/runner/dist/chunk-hooks.js:1897:20\n    at new Promise (<anonymous>)\n    at runWithTimeout (file:///home/connerohnesorge/Documents/001Repos/hyprland-ts/node_modules/@vitest/runner/dist/chunk-hooks.js:1863:10)\n    at runHook (file:///home/connerohnesorge/Documents/001Repos/hyprland-ts/node_modules/@vitest/runner/dist/chunk-hooks.js:1436:51)\n    at callSuiteHook (file:///home/connerohnesorge/Documents/001Repos/hyprland-ts/node_modules/@vitest/runner/dist/chunk-hooks.js:1442:25)\n    at callSuiteHook (file:///home/connerohnesorge/Documents/001Repos/hyprland-ts/node_modules/@vitest/runner/dist/chunk-hooks.js:1429:21)\n    at runTest (file:///home/connerohnesorge/Documents/001Repos/hyprland-ts/node_modules/@vitest/runner/dist/chunk-hooks.js:1566:26)\n    at runSuite (file:///home/connerohnesorge/Documents/001Repos/hyprland-ts/node_modules/@vitest/runner/dist/chunk-hooks.js:1729:8)"],"meta":{}},{"ancestorTitles":["SocketConnection","Statistics and Monitoring"],"fullName":"SocketConnection Statistics and Monitoring should track connection statistics","status":"failed","title":"should track connection statistics","duration":0.21075700000005781,"failureMessages":["TypeError: mockConnect.mockReturnValue is not a function\n    at /home/connerohnesorge/Documents/001Repos/hyprland-ts/src/socket-communication.spec.ts:126:17\n    at file:///home/connerohnesorge/Documents/001Repos/hyprland-ts/node_modules/@vitest/runner/dist/chunk-hooks.js:155:11\n    at file:///home/connerohnesorge/Documents/001Repos/hyprland-ts/node_modules/@vitest/runner/dist/chunk-hooks.js:1897:20\n    at new Promise (<anonymous>)\n    at runWithTimeout (file:///home/connerohnesorge/Documents/001Repos/hyprland-ts/node_modules/@vitest/runner/dist/chunk-hooks.js:1863:10)\n    at runHook (file:///home/connerohnesorge/Documents/001Repos/hyprland-ts/node_modules/@vitest/runner/dist/chunk-hooks.js:1436:51)\n    at callSuiteHook (file:///home/connerohnesorge/Documents/001Repos/hyprland-ts/node_modules/@vitest/runner/dist/chunk-hooks.js:1442:25)\n    at callSuiteHook (file:///home/connerohnesorge/Documents/001Repos/hyprland-ts/node_modules/@vitest/runner/dist/chunk-hooks.js:1429:21)\n    at runTest (file:///home/connerohnesorge/Documents/001Repos/hyprland-ts/node_modules/@vitest/runner/dist/chunk-hooks.js:1566:26)\n    at runSuite (file:///home/connerohnesorge/Documents/001Repos/hyprland-ts/node_modules/@vitest/runner/dist/chunk-hooks.js:1729:8)"],"meta":{}},{"ancestorTitles":["SocketConnection","Statistics and Monitoring"],"fullName":"SocketConnection Statistics and Monitoring should track message statistics","status":"failed","title":"should track message statistics","duration":0.1996520000000146,"failureMessages":["TypeError: mockConnect.mockReturnValue is not a function\n    at /home/connerohnesorge/Documents/001Repos/hyprland-ts/src/socket-communication.spec.ts:126:17\n    at file:///home/connerohnesorge/Documents/001Repos/hyprland-ts/node_modules/@vitest/runner/dist/chunk-hooks.js:155:11\n    at file:///home/connerohnesorge/Documents/001Repos/hyprland-ts/node_modules/@vitest/runner/dist/chunk-hooks.js:1897:20\n    at new Promise (<anonymous>)\n    at runWithTimeout (file:///home/connerohnesorge/Documents/001Repos/hyprland-ts/node_modules/@vitest/runner/dist/chunk-hooks.js:1863:10)\n    at runHook (file:///home/connerohnesorge/Documents/001Repos/hyprland-ts/node_modules/@vitest/runner/dist/chunk-hooks.js:1436:51)\n    at callSuiteHook (file:///home/connerohnesorge/Documents/001Repos/hyprland-ts/node_modules/@vitest/runner/dist/chunk-hooks.js:1442:25)\n    at callSuiteHook (file:///home/connerohnesorge/Documents/001Repos/hyprland-ts/node_modules/@vitest/runner/dist/chunk-hooks.js:1429:21)\n    at runTest (file:///home/connerohnesorge/Documents/001Repos/hyprland-ts/node_modules/@vitest/runner/dist/chunk-hooks.js:1566:26)\n    at runSuite (file:///home/connerohnesorge/Documents/001Repos/hyprland-ts/node_modules/@vitest/runner/dist/chunk-hooks.js:1729:8)"],"meta":{}},{"ancestorTitles":["SocketConnection","Statistics and Monitoring"],"fullName":"SocketConnection Statistics and Monitoring should calculate uptime correctly","status":"failed","title":"should calculate uptime correctly","duration":0.20531099999993785,"failureMessages":["TypeError: mockConnect.mockReturnValue is not a function\n    at /home/connerohnesorge/Documents/001Repos/hyprland-ts/src/socket-communication.spec.ts:126:17\n    at file:///home/connerohnesorge/Documents/001Repos/hyprland-ts/node_modules/@vitest/runner/dist/chunk-hooks.js:155:11\n    at file:///home/connerohnesorge/Documents/001Repos/hyprland-ts/node_modules/@vitest/runner/dist/chunk-hooks.js:1897:20\n    at new Promise (<anonymous>)\n    at runWithTimeout (file:///home/connerohnesorge/Documents/001Repos/hyprland-ts/node_modules/@vitest/runner/dist/chunk-hooks.js:1863:10)\n    at runHook (file:///home/connerohnesorge/Documents/001Repos/hyprland-ts/node_modules/@vitest/runner/dist/chunk-hooks.js:1436:51)\n    at callSuiteHook (file:///home/connerohnesorge/Documents/001Repos/hyprland-ts/node_modules/@vitest/runner/dist/chunk-hooks.js:1442:25)\n    at callSuiteHook (file:///home/connerohnesorge/Documents/001Repos/hyprland-ts/node_modules/@vitest/runner/dist/chunk-hooks.js:1429:21)\n    at runTest (file:///home/connerohnesorge/Documents/001Repos/hyprland-ts/node_modules/@vitest/runner/dist/chunk-hooks.js:1566:26)\n    at runSuite (file:///home/connerohnesorge/Documents/001Repos/hyprland-ts/node_modules/@vitest/runner/dist/chunk-hooks.js:1729:8)"],"meta":{}},{"ancestorTitles":["SocketConnection","Statistics and Monitoring"],"fullName":"SocketConnection Statistics and Monitoring should track round-trip time","status":"failed","title":"should track round-trip time","duration":0.19804099999998925,"failureMessages":["TypeError: mockConnect.mockReturnValue is not a function\n    at /home/connerohnesorge/Documents/001Repos/hyprland-ts/src/socket-communication.spec.ts:126:17\n    at file:///home/connerohnesorge/Documents/001Repos/hyprland-ts/node_modules/@vitest/runner/dist/chunk-hooks.js:155:11\n    at file:///home/connerohnesorge/Documents/001Repos/hyprland-ts/node_modules/@vitest/runner/dist/chunk-hooks.js:1897:20\n    at new Promise (<anonymous>)\n    at runWithTimeout (file:///home/connerohnesorge/Documents/001Repos/hyprland-ts/node_modules/@vitest/runner/dist/chunk-hooks.js:1863:10)\n    at runHook (file:///home/connerohnesorge/Documents/001Repos/hyprland-ts/node_modules/@vitest/runner/dist/chunk-hooks.js:1436:51)\n    at callSuiteHook (file:///home/connerohnesorge/Documents/001Repos/hyprland-ts/node_modules/@vitest/runner/dist/chunk-hooks.js:1442:25)\n    at callSuiteHook (file:///home/connerohnesorge/Documents/001Repos/hyprland-ts/node_modules/@vitest/runner/dist/chunk-hooks.js:1429:21)\n    at runTest (file:///home/connerohnesorge/Documents/001Repos/hyprland-ts/node_modules/@vitest/runner/dist/chunk-hooks.js:1566:26)\n    at runSuite (file:///home/connerohnesorge/Documents/001Repos/hyprland-ts/node_modules/@vitest/runner/dist/chunk-hooks.js:1729:8)"],"meta":{}},{"ancestorTitles":["SocketConnection","Concurrency Safety"],"fullName":"SocketConnection Concurrency Safety should handle concurrent message sending","status":"failed","title":"should handle concurrent message sending","duration":0.21865100000002258,"failureMessages":["TypeError: mockConnect.mockReturnValue is not a function\n    at /home/connerohnesorge/Documents/001Repos/hyprland-ts/src/socket-communication.spec.ts:126:17\n    at file:///home/connerohnesorge/Documents/001Repos/hyprland-ts/node_modules/@vitest/runner/dist/chunk-hooks.js:155:11\n    at file:///home/connerohnesorge/Documents/001Repos/hyprland-ts/node_modules/@vitest/runner/dist/chunk-hooks.js:1897:20\n    at new Promise (<anonymous>)\n    at runWithTimeout (file:///home/connerohnesorge/Documents/001Repos/hyprland-ts/node_modules/@vitest/runner/dist/chunk-hooks.js:1863:10)\n    at runHook (file:///home/connerohnesorge/Documents/001Repos/hyprland-ts/node_modules/@vitest/runner/dist/chunk-hooks.js:1436:51)\n    at callSuiteHook (file:///home/connerohnesorge/Documents/001Repos/hyprland-ts/node_modules/@vitest/runner/dist/chunk-hooks.js:1442:25)\n    at callSuiteHook (file:///home/connerohnesorge/Documents/001Repos/hyprland-ts/node_modules/@vitest/runner/dist/chunk-hooks.js:1429:21)\n    at runTest (file:///home/connerohnesorge/Documents/001Repos/hyprland-ts/node_modules/@vitest/runner/dist/chunk-hooks.js:1566:26)\n    at runSuite (file:///home/connerohnesorge/Documents/001Repos/hyprland-ts/node_modules/@vitest/runner/dist/chunk-hooks.js:1729:8)"],"meta":{}},{"ancestorTitles":["SocketConnection","Concurrency Safety"],"fullName":"SocketConnection Concurrency Safety should handle concurrent state changes","status":"failed","title":"should handle concurrent state changes","duration":0.20825600000000577,"failureMessages":["TypeError: mockConnect.mockReturnValue is not a function\n    at /home/connerohnesorge/Documents/001Repos/hyprland-ts/src/socket-communication.spec.ts:126:17\n    at file:///home/connerohnesorge/Documents/001Repos/hyprland-ts/node_modules/@vitest/runner/dist/chunk-hooks.js:155:11\n    at file:///home/connerohnesorge/Documents/001Repos/hyprland-ts/node_modules/@vitest/runner/dist/chunk-hooks.js:1897:20\n    at new Promise (<anonymous>)\n    at runWithTimeout (file:///home/connerohnesorge/Documents/001Repos/hyprland-ts/node_modules/@vitest/runner/dist/chunk-hooks.js:1863:10)\n    at runHook (file:///home/connerohnesorge/Documents/001Repos/hyprland-ts/node_modules/@vitest/runner/dist/chunk-hooks.js:1436:51)\n    at callSuiteHook (file:///home/connerohnesorge/Documents/001Repos/hyprland-ts/node_modules/@vitest/runner/dist/chunk-hooks.js:1442:25)\n    at callSuiteHook (file:///home/connerohnesorge/Documents/001Repos/hyprland-ts/node_modules/@vitest/runner/dist/chunk-hooks.js:1429:21)\n    at runTest (file:///home/connerohnesorge/Documents/001Repos/hyprland-ts/node_modules/@vitest/runner/dist/chunk-hooks.js:1566:26)\n    at runSuite (file:///home/connerohnesorge/Documents/001Repos/hyprland-ts/node_modules/@vitest/runner/dist/chunk-hooks.js:1729:8)"],"meta":{}},{"ancestorTitles":["SocketConnection","Concurrency Safety"],"fullName":"SocketConnection Concurrency Safety should respect rate limiting","status":"failed","title":"should respect rate limiting","duration":0.1906099999999924,"failureMessages":["TypeError: mockConnect.mockReturnValue is not a function\n    at /home/connerohnesorge/Documents/001Repos/hyprland-ts/src/socket-communication.spec.ts:126:17\n    at file:///home/connerohnesorge/Documents/001Repos/hyprland-ts/node_modules/@vitest/runner/dist/chunk-hooks.js:155:11\n    at file:///home/connerohnesorge/Documents/001Repos/hyprland-ts/node_modules/@vitest/runner/dist/chunk-hooks.js:1897:20\n    at new Promise (<anonymous>)\n    at runWithTimeout (file:///home/connerohnesorge/Documents/001Repos/hyprland-ts/node_modules/@vitest/runner/dist/chunk-hooks.js:1863:10)\n    at runHook (file:///home/connerohnesorge/Documents/001Repos/hyprland-ts/node_modules/@vitest/runner/dist/chunk-hooks.js:1436:51)\n    at callSuiteHook (file:///home/connerohnesorge/Documents/001Repos/hyprland-ts/node_modules/@vitest/runner/dist/chunk-hooks.js:1442:25)\n    at callSuiteHook (file:///home/connerohnesorge/Documents/001Repos/hyprland-ts/node_modules/@vitest/runner/dist/chunk-hooks.js:1429:21)\n    at runTest (file:///home/connerohnesorge/Documents/001Repos/hyprland-ts/node_modules/@vitest/runner/dist/chunk-hooks.js:1566:26)\n    at runSuite (file:///home/connerohnesorge/Documents/001Repos/hyprland-ts/node_modules/@vitest/runner/dist/chunk-hooks.js:1729:8)"],"meta":{}},{"ancestorTitles":["SocketConnection","Edge Cases"],"fullName":"SocketConnection Edge Cases should handle null socket path","status":"failed","title":"should handle null socket path","duration":0.18712599999992108,"failureMessages":["TypeError: mockConnect.mockReturnValue is not a function\n    at /home/connerohnesorge/Documents/001Repos/hyprland-ts/src/socket-communication.spec.ts:126:17\n    at file:///home/connerohnesorge/Documents/001Repos/hyprland-ts/node_modules/@vitest/runner/dist/chunk-hooks.js:155:11\n    at file:///home/connerohnesorge/Documents/001Repos/hyprland-ts/node_modules/@vitest/runner/dist/chunk-hooks.js:1897:20\n    at new Promise (<anonymous>)\n    at runWithTimeout (file:///home/connerohnesorge/Documents/001Repos/hyprland-ts/node_modules/@vitest/runner/dist/chunk-hooks.js:1863:10)\n    at runHook (file:///home/connerohnesorge/Documents/001Repos/hyprland-ts/node_modules/@vitest/runner/dist/chunk-hooks.js:1436:51)\n    at callSuiteHook (file:///home/connerohnesorge/Documents/001Repos/hyprland-ts/node_modules/@vitest/runner/dist/chunk-hooks.js:1442:25)\n    at callSuiteHook (file:///home/connerohnesorge/Documents/001Repos/hyprland-ts/node_modules/@vitest/runner/dist/chunk-hooks.js:1429:21)\n    at runTest (file:///home/connerohnesorge/Documents/001Repos/hyprland-ts/node_modules/@vitest/runner/dist/chunk-hooks.js:1566:26)\n    at runSuite (file:///home/connerohnesorge/Documents/001Repos/hyprland-ts/node_modules/@vitest/runner/dist/chunk-hooks.js:1729:8)"],"meta":{}},{"ancestorTitles":["SocketConnection","Edge Cases"],"fullName":"SocketConnection Edge Cases should handle invalid configuration values","status":"failed","title":"should handle invalid configuration values","duration":0.17896299999995335,"failureMessages":["TypeError: mockConnect.mockReturnValue is not a function\n    at /home/connerohnesorge/Documents/001Repos/hyprland-ts/src/socket-communication.spec.ts:126:17\n    at file:///home/connerohnesorge/Documents/001Repos/hyprland-ts/node_modules/@vitest/runner/dist/chunk-hooks.js:155:11\n    at file:///home/connerohnesorge/Documents/001Repos/hyprland-ts/node_modules/@vitest/runner/dist/chunk-hooks.js:1897:20\n    at new Promise (<anonymous>)\n    at runWithTimeout (file:///home/connerohnesorge/Documents/001Repos/hyprland-ts/node_modules/@vitest/runner/dist/chunk-hooks.js:1863:10)\n    at runHook (file:///home/connerohnesorge/Documents/001Repos/hyprland-ts/node_modules/@vitest/runner/dist/chunk-hooks.js:1436:51)\n    at callSuiteHook (file:///home/connerohnesorge/Documents/001Repos/hyprland-ts/node_modules/@vitest/runner/dist/chunk-hooks.js:1442:25)\n    at callSuiteHook (file:///home/connerohnesorge/Documents/001Repos/hyprland-ts/node_modules/@vitest/runner/dist/chunk-hooks.js:1429:21)\n    at runTest (file:///home/connerohnesorge/Documents/001Repos/hyprland-ts/node_modules/@vitest/runner/dist/chunk-hooks.js:1566:26)\n    at runSuite (file:///home/connerohnesorge/Documents/001Repos/hyprland-ts/node_modules/@vitest/runner/dist/chunk-hooks.js:1729:8)"],"meta":{}},{"ancestorTitles":["SocketConnection","Edge Cases"],"fullName":"SocketConnection Edge Cases should handle closing during connection","status":"failed","title":"should handle closing during connection","duration":0.1785340000000133,"failureMessages":["TypeError: mockConnect.mockReturnValue is not a function\n    at /home/connerohnesorge/Documents/001Repos/hyprland-ts/src/socket-communication.spec.ts:126:17\n    at file:///home/connerohnesorge/Documents/001Repos/hyprland-ts/node_modules/@vitest/runner/dist/chunk-hooks.js:155:11\n    at file:///home/connerohnesorge/Documents/001Repos/hyprland-ts/node_modules/@vitest/runner/dist/chunk-hooks.js:1897:20\n    at new Promise (<anonymous>)\n    at runWithTimeout (file:///home/connerohnesorge/Documents/001Repos/hyprland-ts/node_modules/@vitest/runner/dist/chunk-hooks.js:1863:10)\n    at runHook (file:///home/connerohnesorge/Documents/001Repos/hyprland-ts/node_modules/@vitest/runner/dist/chunk-hooks.js:1436:51)\n    at callSuiteHook (file:///home/connerohnesorge/Documents/001Repos/hyprland-ts/node_modules/@vitest/runner/dist/chunk-hooks.js:1442:25)\n    at callSuiteHook (file:///home/connerohnesorge/Documents/001Repos/hyprland-ts/node_modules/@vitest/runner/dist/chunk-hooks.js:1429:21)\n    at runTest (file:///home/connerohnesorge/Documents/001Repos/hyprland-ts/node_modules/@vitest/runner/dist/chunk-hooks.js:1566:26)\n    at runSuite (file:///home/connerohnesorge/Documents/001Repos/hyprland-ts/node_modules/@vitest/runner/dist/chunk-hooks.js:1729:8)"],"meta":{}},{"ancestorTitles":["SocketConnection","Edge Cases"],"fullName":"SocketConnection Edge Cases should handle multiple close calls","status":"failed","title":"should handle multiple close calls","duration":0.1843659999999545,"failureMessages":["TypeError: mockConnect.mockReturnValue is not a function\n    at /home/connerohnesorge/Documents/001Repos/hyprland-ts/src/socket-communication.spec.ts:126:17\n    at file:///home/connerohnesorge/Documents/001Repos/hyprland-ts/node_modules/@vitest/runner/dist/chunk-hooks.js:155:11\n    at file:///home/connerohnesorge/Documents/001Repos/hyprland-ts/node_modules/@vitest/runner/dist/chunk-hooks.js:1897:20\n    at new Promise (<anonymous>)\n    at runWithTimeout (file:///home/connerohnesorge/Documents/001Repos/hyprland-ts/node_modules/@vitest/runner/dist/chunk-hooks.js:1863:10)\n    at runHook (file:///home/connerohnesorge/Documents/001Repos/hyprland-ts/node_modules/@vitest/runner/dist/chunk-hooks.js:1436:51)\n    at callSuiteHook (file:///home/connerohnesorge/Documents/001Repos/hyprland-ts/node_modules/@vitest/runner/dist/chunk-hooks.js:1442:25)\n    at callSuiteHook (file:///home/connerohnesorge/Documents/001Repos/hyprland-ts/node_modules/@vitest/runner/dist/chunk-hooks.js:1429:21)\n    at runTest (file:///home/connerohnesorge/Documents/001Repos/hyprland-ts/node_modules/@vitest/runner/dist/chunk-hooks.js:1566:26)\n    at runSuite (file:///home/connerohnesorge/Documents/001Repos/hyprland-ts/node_modules/@vitest/runner/dist/chunk-hooks.js:1729:8)"],"meta":{}},{"ancestorTitles":["SocketConnection","Edge Cases"],"fullName":"SocketConnection Edge Cases should handle empty messages","status":"failed","title":"should handle empty messages","duration":0.21389099999998962,"f
[...]
ket-pool.spec.ts SocketConnectionPool Construction should validate configuration","status":"passed","title":"should validate configuration","failureMessages":[],"meta":{"typecheck":true}},{"ancestorTitles":["src/socket-pool.spec.ts","SocketConnectionPool","Construction"],"fullName":"src/socket-pool.spec.ts SocketConnectionPool Construction should initialize with correct default statistics","status":"passed","title":"should initialize with correct default statistics","failureMessages":[],"meta":{"typecheck":true}},{"ancestorTitles":["src/socket-pool.spec.ts","SocketConnectionPool","Connection Acquisition"],"fullName":"src/socket-pool.spec.ts SocketConnectionPool Connection Acquisition should acquire connection successfully","status":"passed","title":"should acquire connection successfully","failureMessages":[],"meta":{"typecheck":true}},{"ancestorTitles":["src/socket-pool.spec.ts","SocketConnectionPool","Connection Acquisition"],"fullName":"src/socket-pool.spec.ts SocketConnectionPool Connection Acquisition should create new connection when pool is empty","status":"passed","title":"should create new connection when pool is empty","failureMessages":[],"meta":{"typecheck":true}},{"ancestorTitles":["src/socket-pool.spec.ts","SocketConnectionPool","Connection Acquisition"],"fullName":"src/socket-pool.spec.ts SocketConnectionPool Connection Acquisition should reuse idle connections","status":"passed","title":"should reuse idle connections","failureMessages":[],"meta":{"typecheck":true}},{"ancestorTitles":["src/socket-pool.spec.ts","SocketConnectionPool","Connection Acquisition"],"fullName":"src/socket-pool.spec.ts SocketConnectionPool Connection Acquisition should handle pool exhaustion","status":"passed","title":"should handle pool exhaustion","failureMessages":[],"meta":{"typecheck":true}},{"ancestorTitles":["src/socket-pool.spec.ts","SocketConnectionPool","Connection Acquisition"],"fullName":"src/socket-pool.spec.ts SocketConnectionPool Connection Acquisition should wait for available connection","status":"passed","title":"should wait for available connection","failureMessages":[],"meta":{"typecheck":true}},{"ancestorTitles":["src/socket-pool.spec.ts","SocketConnectionPool","Connection Acquisition"],"fullName":"src/socket-pool.spec.ts SocketConnectionPool Connection Acquisition should handle concurrent acquisitions","status":"passed","title":"should handle concurrent acquisitions","failureMessages":[],"meta":{"typecheck":true}},{"ancestorTitles":["src/socket-pool.spec.ts","SocketConnectionPool","Connection Release"],"fullName":"src/socket-pool.spec.ts SocketConnectionPool Connection Release should release connection successfully","status":"passed","title":"should release connection successfully","failureMessages":[],"meta":{"typecheck":true}},{"ancestorTitles":["src/socket-pool.spec.ts","SocketConnectionPool","Connection Release"],"fullName":"src/socket-pool.spec.ts SocketConnectionPool Connection Release should handle release of unknown connection","status":"passed","title":"should handle release of unknown connection","failureMessages":[],"meta":{"typecheck":true}},{"ancestorTitles":["src/socket-pool.spec.ts","SocketConnectionPool","Connection Release"],"fullName":"src/socket-pool.spec.ts SocketConnectionPool Connection Release should process waiting requests on release","status":"passed","title":"should process waiting requests on release","failureMessages":[],"meta":{"typecheck":true}},{"ancestorTitles":["src/socket-pool.spec.ts","SocketConnectionPool","WithConnection Pattern"],"fullName":"src/socket-pool.spec.ts SocketConnectionPool WithConnection Pattern should execute function with acquired connection","status":"passed","title":"should execute function with acquired connection","failureMessages":[],"meta":{"typecheck":true}},{"ancestorTitles":["src/socket-pool.spec.ts","SocketConnectionPool","WithConnection Pattern"],"fullName":"src/socket-pool.spec.ts SocketConnectionPool WithConnection Pattern should release connection even if function throws","status":"passed","title":"should release connection even if function throws","failureMessages":[],"meta":{"typecheck":true}},{"ancestorTitles":["src/socket-pool.spec.ts","SocketConnectionPool","WithConnection Pattern"],"fullName":"src/socket-pool.spec.ts SocketConnectionPool WithConnection Pattern should handle async functions properly","status":"passed","title":"should handle async functions properly","failureMessages":[],"meta":{"typecheck":true}},{"ancestorTitles":["src/socket-pool.spec.ts","SocketConnectionPool","Message Operations"],"fullName":"src/socket-pool.spec.ts SocketConnectionPool Message Operations should send message using pooled connection","status":"passed","title":"should send message using pooled connection","failureMessages":[],"meta":{"typecheck":true}},{"ancestorTitles":["src/socket-pool.spec.ts","SocketConnectionPool","Message Operations"],"fullName":"src/socket-pool.spec.ts SocketConnectionPool Message Operations should send request using pooled connection","status":"passed","title":"should send request using pooled connection","failureMessages":[],"meta":{"typecheck":true}},{"ancestorTitles":["src/socket-pool.spec.ts","SocketConnectionPool","Message Operations"],"fullName":"src/socket-pool.spec.ts SocketConnectionPool Message Operations should handle concurrent message operations","status":"passed","title":"should handle concurrent message operations","failureMessages":[],"meta":{"typecheck":true}},{"ancestorTitles":["src/socket-pool.spec.ts","SocketConnectionPool","Health Management"],"fullName":"src/socket-pool.spec.ts SocketConnectionPool Health Management should remove stale idle connections","status":"passed","title":"should remove stale idle connections","failureMessages":[],"meta":{"typecheck":true}},{"ancestorTitles":["src/socket-pool.spec.ts","SocketConnectionPool","Health Management"],"fullName":"src/socket-pool.spec.ts SocketConnectionPool Health Management should remove unhealthy connections","status":"passed","title":"should remove unhealthy connections","failureMessages":[],"meta":{"typecheck":true}},{"ancestorTitles":["src/socket-pool.spec.ts","SocketConnectionPool","Health Management"],"fullName":"src/socket-pool.spec.ts SocketConnectionPool Health Management should maintain minimum connections","status":"passed","title":"should maintain minimum connections","failureMessages":[],"meta":{"typecheck":true}},{"ancestorTitles":["src/socket-pool.spec.ts","SocketConnectionPool","Statistics and Monitoring"],"fullName":"src/socket-pool.spec.ts SocketConnectionPool Statistics and Monitoring should track pool statistics accurately","status":"passed","title":"should track pool statistics accurately","failureMessages":[],"meta":{"typecheck":true}},{"ancestorTitles":["src/socket-pool.spec.ts","SocketConnectionPool","Statistics and Monitoring"],"fullName":"src/socket-pool.spec.ts SocketConnectionPool Statistics and Monitoring should calculate utilization correctly","status":"passed","title":"should calculate utilization correctly","failureMessages":[],"meta":{"typecheck":true}},{"ancestorTitles":["src/socket-pool.spec.ts","SocketConnectionPool","Statistics and Monitoring"],"fullName":"src/socket-pool.spec.ts SocketConnectionPool Statistics and Monitoring should track hit rate","status":"passed","title":"should track hit rate","failureMessages":[],"meta":{"typecheck":true}},{"ancestorTitles":["src/socket-pool.spec.ts","SocketConnectionPool","Statistics and Monitoring"],"fullName":"src/socket-pool.spec.ts SocketConnectionPool Statistics and Monitoring should calculate average connection age","status":"passed","title":"should calculate average connection age","failureMessages":[],"meta":{"typecheck":true}},{"ancestorTitles":["src/socket-pool.spec.ts","SocketConnectionPool","Lifecycle Management"],"fullName":"src/socket-pool.spec.ts SocketConnectionPool Lifecycle Management should close pool gracefully","status":"passed","title":"should close pool gracefully","failureMessages":[],"meta":{"typecheck":true}},{"ancestorTitles":["src/socket-pool.spec.ts","SocketConnectionPool","Lifecycle Management"],"fullName":"src/socket-pool.spec.ts SocketConnectionPool Lifecycle Management should force close pool immediately","status":"passed","title":"should force close pool immediately","failureMessages":[],"meta":{"typecheck":true}},{"ancestorTitles":["src/socket-pool.spec.ts","SocketConnectionPool","Lifecycle Management"],"fullName":"src/socket-pool.spec.ts SocketConnectionPool Lifecycle Management should reject operations on closed pool","status":"passed","title":"should reject operations on closed pool","failureMessages":[],"meta":{"typecheck":true}},{"ancestorTitles":["src/socket-pool.spec.ts","SocketConnectionPool","Lifecycle Management"],"fullName":"src/socket-pool.spec.ts SocketConnectionPool Lifecycle Management should handle multiple close calls","status":"passed","title":"should handle multiple close calls","failureMessages":[],"meta":{"typecheck":true}},{"ancestorTitles":["src/socket-pool.spec.ts","SocketConnectionPool","Lifecycle Management"],"fullName":"src/socket-pool.spec.ts SocketConnectionPool Lifecycle Management should emit lifecycle events","status":"passed","title":"should emit lifecycle events","failureMessages":[],"meta":{"typecheck":true}},{"ancestorTitles":["src/socket-pool.spec.ts","SocketConnectionPool","Error Handling"],"fullName":"src/socket-pool.spec.ts SocketConnectionPool Error Handling should handle connection creation failures","status":"passed","title":"should handle connection creation failures","failureMessages":[],"meta":{"typecheck":true}},{"ancestorTitles":["src/socket-pool.spec.ts","SocketConnectionPool","Error Handling"],"fullName":"src/socket-pool.spec.ts SocketConnectionPool Error Handling should handle errors during pool operations","status":"passed","title":"should handle errors during pool operations","failureMessages":[],"meta":{"typecheck":true}},{"ancestorTitles":["src/socket-pool.spec.ts","SocketConnectionPool","Error Handling"],"fullName":"src/socket-pool.spec.ts SocketConnectionPool Error Handling should handle connection errors gracefully","status":"passed","title":"should handle connection errors gracefully","failureMessages":[],"meta":{"typecheck":true}},{"ancestorTitles":["src/socket-pool.spec.ts","SocketConnectionPool","Concurrency"],"fullName":"src/socket-pool.spec.ts SocketConnectionPool Concurrency should handle high concurrent acquisition load","status":"passed","title":"should handle high concurrent acquisition load","failureMessages":[],"meta":{"typecheck":true}},{"ancestorTitles":["src/socket-pool.spec.ts","SocketConnectionPool","Concurrency"],"fullName":"src/socket-pool.spec.ts SocketConnectionPool Concurrency should maintain pool integrity under concurrent access","status":"passed","title":"should maintain pool integrity under concurrent access","failureMessages":[],"meta":{"typecheck":true}},{"ancestorTitles":["src/socket-pool.spec.ts","SocketConnectionPool","Concurrency"],"fullName":"src/socket-pool.spec.ts SocketConnectionPool Concurrency should handle rapid acquire/release cycles","status":"passed","title":"should handle rapid acquire/release cycles","failureMessages":[],"meta":{"typecheck":true}},{"ancestorTitles":["src/socket-pool.spec.ts","SocketConnectionPool","Edge Cases"],"fullName":"src/socket-pool.spec.ts SocketConnectionPool Edge Cases should handle zero max connections","status":"passed","title":"should handle zero max connections","failureMessages":[],"meta":{"typecheck":true}},{"ancestorTitles":["src/socket-pool.spec.ts","SocketConnectionPool","Edge Cases"],"fullName":"src/socket-pool.spec.ts SocketConnectionPool Edge Cases should handle very short timeouts","status":"passed","title":"should handle very short timeouts","failureMessages":[],"meta":{"typecheck":true}},{"ancestorTitles":["src/socket-pool.spec.ts","SocketConnectionPool","Edge Cases"],"fullName":"src/socket-pool.spec.ts SocketConnectionPool Edge Cases should handle large pool sizes","status":"passed","title":"should handle large pool sizes","failureMessages":[],"meta":{"typecheck":true}},{"ancestorTitles":["src/socket-pool.spec.ts","SocketConnectionPool","Edge Cases"],"fullName":"src/socket-pool.spec.ts SocketConnectionPool Edge Cases should handle connection that becomes unhealthy during use","status":"passed","title":"should handle connection that becomes unhealthy during use","failureMessages":[],"meta":{"typecheck":true}}],"startTime":1753715590445,"endTime":1753715590445,"status":"passed","message":"","name":"/home/connerohnesorge/Documents/001Repos/hyprland-ts/src/socket-pool.spec.ts"},{"assertionResults":[{"ancestorTitles":["src/utils.spec.ts","utils"],"fullName":"src/utils.spec.ts utils should run basic test to verify vitest setup","status":"passed","title":"should run basic test to verify vitest setup","failureMessages":[],"meta":{"typecheck":true}},{"ancestorTitles":["src/utils.spec.ts","utils"],"fullName":"src/utils.spec.ts utils should handle async operations","status":"passed","title":"should handle async operations","failureMessages":[],"meta":{"typecheck":true}},{"ancestorTitles":["src/utils.spec.ts","utils"],"fullName":"src/utils.spec.ts utils should handle error cases","status":"passed","title":"should handle error cases","failureMessages":[],"meta":{"typecheck":true}}],"startTime":1753715590445,"endTime":1753715590445,"status":"passed","message":"","name":"/home/connerohnesorge/Documents/001Repos/hyprland-ts/src/utils.spec.ts"},{"assertionResults":[{"ancestorTitles":["src/validation.spec.ts","Validation Functions","validateHyprlandWindow"],"fullName":"src/validation.spec.ts Validation Functions validateHyprlandWindow validates correct window objects","status":"passed","title":"validates correct window objects","failureMessages":[],"meta":{"typecheck":true}},{"ancestorTitles":["src/validation.spec.ts","Validation Functions","validateHyprlandWindow"],"fullName":"src/validation.spec.ts Validation Functions validateHyprlandWindow rejects invalid window objects","status":"passed","title":"rejects invalid window objects","failureMessages":[],"meta":{"typecheck":true}},{"ancestorTitles":["src/validation.spec.ts","Validation Functions","validateHyprlandWindow"],"fullName":"src/validation.spec.ts Validation Functions validateHyprlandWindow validates window with custom properties","status":"passed","title":"validates window with custom properties","failureMessages":[],"meta":{"typecheck":true}},{"ancestorTitles":["src/validation.spec.ts","Validation Functions","validateHyprlandWorkspace"],"fullName":"src/validation.spec.ts Validation Functions validateHyprlandWorkspace validates correct workspace objects","status":"passed","title":"validates correct workspace objects","failureMessages":[],"meta":{"typecheck":true}},{"ancestorTitles":["src/validation.spec.ts","Validation Functions","validateHyprlandWorkspace"],"fullName":"src/validation.spec.ts Validation Functions validateHyprlandWorkspace validates empty workspace","status":"passed","title":"validates empty workspace","failureMessages":[],"meta":{"typecheck":true}},{"ancestorTitles":["src/validation.spec.ts","Validation Functions","validateHyprlandMonitor"],"fullName":"src/validation.spec.ts Validation Functions validateHyprlandMonitor validates correct monitor objects","status":"passed","title":"validates correct monitor objects","failureMessages":[],"meta":{"typecheck":true}},{"ancestorTitles":["src/validation.spec.ts","Validation Functions","validateHyprlandMonitor"],"fullName":"src/validation.spec.ts Validation Functions validateHyprlandMonitor validates monitor with different configurations","status":"passed","title":"validates monitor with different configurations","failureMessages":[],"meta":{"typecheck":true}},{"ancestorTitles":["src/validation.spec.ts","Validation Functions","Array Validation"],"fullName":"src/validation.spec.ts Validation Functions Array Validation validates window arrays","status":"passed","title":"validates window arrays","failureMessages":[],"meta":{"typecheck":true}},{"ancestorTitles":["src/validation.spec.ts","Validation Functions","Array Validation"],"fullName":"src/validation.spec.ts Validation Functions Array Validation validates workspace arrays","status":"passed","title":"validates workspace arrays","failureMessages":[],"meta":{"typecheck":true}},{"ancestorTitles":["src/validation.spec.ts","Validation Functions","Array Validation"],"fullName":"src/validation.spec.ts Validation Functions Array Validation validates monitor arrays","status":"passed","title":"validates monitor arrays","failureMessages":[],"meta":{"typecheck":true}},{"ancestorTitles":["src/validation.spec.ts","Type Guards","isHyprlandWindow"],"fullName":"src/validation.spec.ts Type Guards isHyprlandWindow identifies valid windows","status":"passed","title":"identifies valid windows","failureMessages":[],"meta":{"typecheck":true}},{"ancestorTitles":["src/validation.spec.ts","Type Guards","isHyprlandWindow"],"fullName":"src/validation.spec.ts Type Guards isHyprlandWindow rejects invalid data","status":"passed","title":"rejects invalid data","failureMessages":[],"meta":{"typecheck":true}},{"ancestorTitles":["src/validation.spec.ts","Type Guards","isHyprlandWindow"],"fullName":"src/validation.spec.ts Type Guards isHyprlandWindow validates all required properties","status":"passed","title":"validates all required properties","failureMessages":[],"meta":{"typecheck":true}},{"ancestorTitles":["src/validation.spec.ts","Type Guards","isHyprlandWorkspace"],"fullName":"src/validation.spec.ts Type Guards isHyprlandWorkspace identifies valid workspaces","status":"passed","title":"identifies valid workspaces","failureMessages":[],"meta":{"typecheck":true}},{"ancestorTitles":["src/validation.spec.ts","Type Guards","isHyprlandWorkspace"],"fullName":"src/validation.spec.ts Type Guards isHyprlandWorkspace rejects invalid data","status":"passed","title":"rejects invalid data","failureMessages":[],"meta":{"typecheck":true}},{"ancestorTitles":["src/validation.spec.ts","Type Guards","isHyprlandMonitor"],"fullName":"src/validation.spec.ts Type Guards isHyprlandMonitor identifies valid monitors","status":"passed","title":"identifies valid monitors","failureMessages":[],"meta":{"typecheck":true}},{"ancestorTitles":["src/validation.spec.ts","Type Guards","isHyprlandMonitor"],"fullName":"src/validation.spec.ts Type Guards isHyprlandMonitor rejects invalid data","status":"passed","title":"rejects invalid data","failureMessages":[],"meta":{"typecheck":true}},{"ancestorTitles":["src/validation.spec.ts","Type Guards","isHyprlandWorkspaceInfo"],"fullName":"src/validation.spec.ts Type Guards isHyprlandWorkspaceInfo identifies valid workspace info","status":"passed","title":"identifies valid workspace info","failureMessages":[],"meta":{"typecheck":true}},{"ancestorTitles":["src/validation.spec.ts","Type Guards","isHyprlandWorkspaceInfo"],"fullName":"src/validation.spec.ts Type Guards isHyprlandWorkspaceInfo handles special workspace IDs","status":"passed","title":"handles special workspace IDs","failureMessages":[],"meta":{"typecheck":true}},{"ancestorTitles":["src/validation.spec.ts","Edge Cases"],"fullName":"src/validation.spec.ts Edge Cases handles extreme numeric values","status":"passed","title":"handles extreme numeric values","failureMessages":[],"meta":{"typecheck":true}},{"ancestorTitles":["src/validation.spec.ts","Edge Cases"],"fullName":"src/validation.spec.ts Edge Cases handles empty strings","status":"passed","title":"handles empty strings","failureMessages":[],"meta":{"typecheck":true}},{"ancestorTitles":["src/validation.spec.ts","Edge Cases"],"fullName":"src/validation.spec.ts Edge Cases handles Unicode strings","status":"passed","title":"handles Unicode strings","failureMessages":[],"meta":{"typecheck":true}}],"startTime":1753715590445,"endTime":1753715590445,"status":"passed","message":"","name":"/home/connerohnesorge/Documents/001Repos/hyprland-ts/src/validation.spec.ts"}]}