{"numTotalTestSuites":48,"numPassedTestSuites":48,"numFailedTestSuites":0,"numPendingTestSuites":0,"numTotalTests":86,"numPassedTests":86,"numFailedTests":0,"numPendingTests":0,"numTodoTests":0,"snapshot":{"added":0,"failure":false,"filesAdded":0,"filesRemoved":0,"filesRemovedList":[],"filesUnmatched":0,"filesUpdated":0,"matched":0,"total":0,"unchecked":0,"uncheckedKeysByFile":[],"unmatched":0,"updated":0,"didUpdate":false},"startTime":1753587524345,"success":true,"testResults":[{"assertionResults":[{"ancestorTitles":["Simple Test Suite Verification"],"fullName":"Simple Test Suite Verification should create mock window","status":"passed","title":"should create mock window","duration":2.029811000000109,"failureMessages":[],"meta":{}},{"ancestorTitles":["Simple Test Suite Verification"],"fullName":"Simple Test Suite Verification should handle custom window properties","status":"passed","title":"should handle custom window properties","duration":0.2934179999999742,"failureMessages":[],"meta":{}}],"startTime":1753587525361,"endTime":1753587525363.2935,"status":"passed","message":"","name":"/home/connerohnesorge/Documents/001Repos/hyprland-ts/src/basic.spec.ts"},{"assertionResults":[{"ancestorTitles":["Edge Case Tests"],"fullName":"Edge Case Tests should handle extreme numeric values","status":"passed","title":"should handle extreme numeric values","duration":1.7212860000000774,"failureMessages":[],"meta":{}},{"ancestorTitles":["Edge Case Tests"],"fullName":"Edge Case Tests should handle unicode and special characters in strings","status":"passed","title":"should handle unicode and special characters in strings","duration":0.381623999999988,"failureMessages":[],"meta":{}},{"ancestorTitles":["Edge Case Tests"],"fullName":"Edge Case Tests should reject null and undefined values","status":"passed","title":"should reject null and undefined values","duration":0.6552990000000136,"failureMessages":[],"meta":{}},{"ancestorTitles":["Edge Case Tests"],"fullName":"Edge Case Tests should handle empty strings appropriately","status":"passed","title":"should handle empty strings appropriately","duration":0.20389699999998356,"failureMessages":[],"meta":{}},{"ancestorTitles":["Edge Case Tests"],"fullName":"Edge Case Tests should handle boundary values for coordinates and sizes","status":"passed","title":"should handle boundary values for coordinates and sizes","duration":0.25007700000003297,"failureMessages":[],"meta":{}},{"ancestorTitles":["Edge Case Tests"],"fullName":"Edge Case Tests should handle malformed objects gracefully","status":"passed","title":"should handle malformed objects gracefully","duration":0.6101469999999836,"failureMessages":[],"meta":{}}],"startTime":1753587524605,"endTime":1753587524608.61,"status":"passed","message":"","name":"/home/connerohnesorge/Documents/001Repos/hyprland-ts/src/edge-cases.test.ts"},{"assertionResults":[{"ancestorTitles":["Integration Tests"],"fullName":"Integration Tests should validate complete window management workflow","status":"passed","title":"should validate complete window management workflow","duration":4.160633999999845,"failureMessages":[],"meta":{}},{"ancestorTitles":["Integration Tests"],"fullName":"Integration Tests should handle mixed valid and invalid data gracefully","status":"passed","title":"should handle mixed valid and invalid data gracefully","duration":0.4053559999999834,"failureMessages":[],"meta":{}},{"ancestorTitles":["Integration Tests"],"fullName":"Integration Tests should handle large datasets efficiently","status":"passed","title":"should handle large datasets efficiently","duration":0.8418219999998655,"failureMessages":[],"meta":{}},{"ancestorTitles":["Integration Tests"],"fullName":"Integration Tests should maintain data consistency across operations","status":"passed","title":"should maintain data consistency across operations","duration":0.3157880000001114,"failureMessages":[],"meta":{}},{"ancestorTitles":["Integration Tests"],"fullName":"Integration Tests should handle concurrent validation operations","status":"passed","title":"should handle concurrent validation operations","duration":0.39256000000000313,"failureMessages":[],"meta":{}}],"startTime":1753587525145,"endTime":1753587525151.3926,"status":"passed","message":"","name":"/home/connerohnesorge/Documents/001Repos/hyprland-ts/src/integration.test.ts"},{"assertionResults":[{"ancestorTitles":["Performance Tests"],"fullName":"Performance Tests validateHyprlandWindow should handle multiple validations efficiently","status":"passed","title":"validateHyprlandWindow should handle multiple validations efficiently","duration":21.31372699999997,"failureMessages":[],"meta":{}},{"ancestorTitles":["Performance Tests"],"fullName":"Performance Tests validation should scale linearly with array size","status":"passed","title":"validation should scale linearly with array size","duration":2.6128059999999778,"failureMessages":[],"meta":{}}],"startTime":1753587524874,"endTime":1753587524898.6128,"status":"passed","message":"","name":"/home/connerohnesorge/Documents/001Repos/hyprland-ts/src/performance.test.ts"},{"assertionResults":[{"ancestorTitles":["Property-Based Tests"],"fullName":"Property-Based Tests validateHyprlandWindow should always succeed for valid windows","status":"passed","title":"validateHyprlandWindow should always succeed for valid windows","duration":2.1218169999999645,"failureMessages":[],"meta":{}},{"ancestorTitles":["Property-Based Tests"],"fullName":"Property-Based Tests isHyprlandWindow should maintain type consistency","status":"passed","title":"isHyprlandWindow should maintain type consistency","duration":0.6728919999999334,"failureMessages":[],"meta":{}},{"ancestorTitles":["Property-Based Tests"],"fullName":"Property-Based Tests validation should reject objects with missing required properties","status":"passed","title":"validation should reject objects with missing required properties","duration":0.7479610000000321,"failureMessages":[],"meta":{}}],"startTime":1753587524618,"endTime":1753587524621.748,"status":"passed","message":"","name":"/home/connerohnesorge/Documents/001Repos/hyprland-ts/src/property.test.ts"},{"assertionResults":[{"ancestorTitles":["utils"],"fullName":"utils should run basic test to verify vitest setup","status":"passed","title":"should run basic test to verify vitest setup","duration":1.8574959999999692,"failureMessages":[],"meta":{}},{"ancestorTitles":["utils"],"fullName":"utils should handle async operations","status":"passed","title":"should handle async operations","duration":10.807131000000027,"failureMessages":[],"meta":{}},{"ancestorTitles":["utils"],"fullName":"utils should handle error cases","status":"passed","title":"should handle error cases","duration":0.9482050000000299,"failureMessages":[],"meta":{}}],"startTime":1753587524880,"endTime":1753587524892.9482,"status":"passed","message":"","name":"/home/connerohnesorge/Documents/001Repos/hyprland-ts/src/utils.spec.ts"},{"assertionResults":[{"ancestorTitles":["Validation Functions","validateHyprlandWindow"],"fullName":"Validation Functions validateHyprlandWindow validates correct window objects","status":"passed","title":"validates correct window objects","duration":2.2144090000001597,"failureMessages":[],"meta":{}},{"ancestorTitles":["Validation Functions","validateHyprlandWindow"],"fullName":"Validation Functions validateHyprlandWindow rejects invalid window objects","status":"passed","title":"rejects invalid window objects","duration":0.3733429999999771,"failureMessages":[],"meta":{}},{"ancestorTitles":["Validation Functions","validateHyprlandWindow"],"fullName":"Validation Functions validateHyprlandWindow validates window with custom properties","status":"passed","title":"validates window with custom properties","duration":0.29229099999997743,"failureMessages":[],"meta":{}},{"ancestorTitles":["Validation Functions","validateHyprlandWorkspace"],"fullName":"Validation Functions validateHyprlandWorkspace validates correct workspace objects","status":"passed","title":"validates correct workspace objects","duration":0.23847799999998642,"failureMessages":[],"meta":{}},{"ancestorTitles":["Validation Functions","validateHyprlandWorkspace"],"fullName":"Validation Functions validateHyprlandWorkspace validates empty workspace","status":"passed","title":"validates empty workspace","duration":0.14827199999990626,"failureMessages":[],"meta":{}},{"ancestorTitles":["Validation Functions","validateHyprlandMonitor"],"fullName":"Validation Functions validateHyprlandMonitor validates correct monitor objects","status":"passed","title":"validates correct monitor objects","duration":0.3989930000000186,"failureMessages":[],"meta":{}},{"ancestorTitles":["Validation Functions","validateHyprlandMonitor"],"fullName":"Validation Functions validateHyprlandMonitor validates monitor with different configurations","status":"passed","title":"validates monitor with different configurations","duration":0.17498999999997977,"failureMessages":[],"meta":{}},{"ancestorTitles":["Validation Functions","Array Validation"],"fullName":"Validation Functions Array Validation validates window arrays","status":"passed","title":"validates window arrays","duration":1.0102750000000924,"failureMessages":[],"meta":{}},{"ancestorTitles":["Validation Functions","Array Validation"],"fullName":"Validation Functions Array Validation validates workspace arrays","status":"passed","title":"validates workspace arrays","duration":0.6207769999998618,"failureMessages":[],"meta":{}},{"ancestorTitles":["Validation Functions","Array Validation"],"fullName":"Validation Functions Array Validation validates monitor arrays","status":"passed","title":"validates monitor arrays","duration":0.36871100000007573,"failureMessages":[],"meta":{}},{"ancestorTitles":["Type Guards","isHyprlandWindow"],"fullName":"Type Guards isHyprlandWindow identifies valid windows","status":"passed","title":"identifies valid windows","duration":0.14958400000000438,"failureMessages":[],"meta":{}},{"ancestorTitles":["Type Guards","isHyprlandWindow"],"fullName":"Type Guards isHyprlandWindow rejects invalid data","status":"passed","title":"rejects invalid data","duration":0.13715300000012576,"failureMessages":[],"meta":{}},{"ancestorTitles":["Type Guards","isHyprlandWindow"],"fullName":"Type Guards isHyprlandWindow validates all required properties","status":"passed","title":"validates all required properties","duration":0.09886000000005879,"failureMessages":[],"meta":{}},{"ancestorTitles":["Type Guards","isHyprlandWorkspace"],"fullName":"Type Guards isHyprlandWorkspace identifies valid workspaces","status":"passed","title":"identifies valid workspaces","duration":0.14137200000004668,"failureMessages":[],"meta":{}},{"ancestorTitles":["Type Guards","isHyprlandWorkspace"],"fullName":"Type Guards isHyprlandWorkspace rejects invalid data","status":"passed","title":"rejects invalid data","duration":0.11370299999998679,"failureMessages":[],"meta":{}},{"ancestorTitles":["Type Guards","isHyprlandMonitor"],"fullName":"Type Guards isHyprlandMonitor identifies valid monitors","status":"passed","title":"identifies valid monitors","duration":0.1617670000000544,"failureMessages":[],"meta":{}},{"ancestorTitles":["Type Guards","isHyprlandMonitor"],"fullName":"Type Guards isHyprlandMonitor rejects invalid data","status":"passed","title":"rejects invalid data","duration":0.11805499999991298,"failureMessages":[],"meta":{}},{"ancestorTitles":["Type Guards","isHyprlandWorkspaceInfo"],"fullName":"Type Guards isHyprlandWorkspaceInfo identifies valid workspace info","status":"passed","title":"identifies valid workspace info","duration":0.10229499999991276,"failureMessages":[],"meta":{}},{"ancestorTitles":["Type Guards","isHyprlandWorkspaceInfo"],"fullName":"Type Guards isHyprlandWorkspaceInfo handles special workspace IDs","status":"passed","title":"handles special workspace IDs","duration":0.09313199999996868,"failureMessages":[],"meta":{}},{"ancestorTitles":["Edge Cases"],"fullName":"Edge Cases handles extreme numeric values","status":"passed","title":"handles extreme numeric values","duration":0.1635590000000775,"failureMessages":[],"meta":{}},{"ancestorTitles":["Edge Cases"],"fullName":"Edge Cases handles empty strings","status":"passed","title":"handles empty strings","duration":0.10763599999995677,"failureMessages":[],"meta":{}},{"ancestorTitles":["Edge Cases"],"fullName":"Edge Cases handles Unicode strings","status":"passed","title":"handles Unicode strings","duration":0.0994580000001406,"failureMessages":[],"meta":{}}],"startTime":1753587525138,"endTime":1753587525147.1077,"status":"passed","message":"","name":"/home/connerohnesorge/Documents/001Repos/hyprland-ts/src/validation.spec.ts"},{"assertionResults":[{"ancestorTitles":["src/basic.spec.ts","Simple Test Suite Verification"],"fullName":"src/basic.spec.ts Simple Test Suite Verification should create mock window","status":"passed","title":"should create mock window","failureMessages":[],"meta":{"typecheck":true}},{"ancestorTitles":["src/basic.spec.ts","Simple Test Suite Verification"],"fullName":"src/basic.spec.ts Simple Test Suite Verification should handle custom window properties","status":"passed","title":"should handle custom window properties","failureMessages":[],"meta":{"typecheck":true}}],"startTime":1753587524345,"endTime":1753587524345,"status":"passed","message":"","name":"/home/connerohnesorge/Documents/001Repos/hyprland-ts/src/basic.spec.ts"},{"assertionResults":[{"ancestorTitles":["src/edge-cases.test.ts","Edge Case Tests"],"fullName":"src/edge-cases.test.ts Edge Case Tests should handle extreme numeric values","status":"passed","title":"should handle extreme numeric values","failureMessages":[],"meta":{"typecheck":true}},{"ancestorTitles":["src/edge-cases.test.ts","Edge Case Tests"],"fullName":"src/edge-cases.test.ts Edge Case Tests should handle unicode and special characters in strings","status":"passed","title":"should handle unicode and special characters in strings","failureMessages":[],"meta":{"typecheck":true}},{"ancestorTitles":["src/edge-cases.test.ts","Edge Case Tests"],"fullName":"src/edge-cases.test.ts Edge Case Tests should reject null and undefined values","status":"passed","title":"should reject null and undefined values","failureMessages":[],"meta":{"typecheck":true}},{"ancestorTitles":["src/edge-cases.test.ts","Edge Case Tests"],"fullName":"src/edge-cases.test.ts Edge Case Tests should handle empty strings appropriately","status":"passed","title":"should handle empty strings appropriately","failureMessages":[],"meta":{"typecheck":true}},{"ancestorTitles":["src/edge-cases.test.ts","Edge Case Tests"],"fullName":"src/edge-cases.test.ts Edge Case Tests should handle boundary values for coordinates and sizes","status":"passed","title":"should handle boundary values for coordinates and sizes","failureMessages":[],"meta":{"typecheck":true}},{"ancestorTitles":["src/edge-cases.test.ts","Edge Case Tests"],"fullName":"src/edge-cases.test.ts Edge Case Tests should handle malformed objects gracefully","status":"passed","title":"should handle malformed objects gracefully","failureMessages":[],"meta":{"typecheck":true}}],"startTime":1753587524345,"endTime":1753587524345,"status":"passed","message":"","name":"/home/connerohnesorge/Documents/001Repos/hyprland-ts/src/edge-cases.test.ts"},{"assertionResults":[{"ancestorTitles":["src/integration.test.ts","Integration Tests"],"fullName":"src/integration.test.ts Integration Tests should validate complete window management workflow","status":"passed","title":"should validate complete window management workflow","failureMessages":[],"meta":{"typecheck":true}},{"ancestorTitles":["src/integration.test.ts","Integration Tests"],"fullName":"src/integration.test.ts Integration Tests should handle mixed valid and invalid data gracefully","status":"passed","title":"should handle mixed valid and invalid data gracefully","failureMessages":[],"meta":{"typecheck":true}},{"ancestorTitles":["src/integration.test.ts","Integration Tests"],"fullName":"src/integration.test.ts Integration Tests should handle large datasets efficiently","status":"passed","title":"should handle large datasets efficiently","failureMessages":[],"meta":{"typecheck":true}},{"ancestorTitles":["src/integration.test.ts","Integration Tests"],"fullName":"src/integration.test.ts Integration Tests should maintain data consistency across operations","status":"passed","title":"should maintain data consistency across operations","failureMessages":[],"meta":{"typecheck":true}},{"ancestorTitles":["src/integration.test.ts","Integration Tests"],"fullName":"src/integration.test.ts Integration Tests should handle concurrent validation operations","status":"passed","title":"should handle concurrent validation operations","failureMessages":[],"meta":{"typecheck":true}}],"startTime":1753587524345,"endTime":1753587524345,"status":"passed","message":"","name":"/home/connerohnesorge/Documents/001Repos/hyprland-ts/src/integration.test.ts"},{"assertionResults":[{"ancestorTitles":["src/performance.test.ts","Performance Tests"],"fullName":"src/performance.test.ts Performance Tests validateHyprlandWindow should handle multiple validations efficiently","status":"passed","title":"validateHyprlandWindow should handle multiple validations efficiently","failureMessages":[],"meta":{"typecheck":true}},{"ancestorTitles":["src/performance.test.ts","Performance Tests"],"fullName":"src/performance.test.ts Performance Tests validation should scale linearly with array size","status":"passed","title":"validation should scale linearly with array size","failureMessages":[],"meta":{"typecheck":true}}],"startTime":1753587524345,"endTime":1753587524345,"status":"passed","message":"","name":"/home/connerohnesorge/Documents/001Repos/hyprland-ts/src/performance.test.ts"},{"assertionResults":[{"ancestorTitles":["src/property.test.ts","Property-Based Tests"],"fullName":"src/property.test.ts Property-Based Tests validateHyprlandWindow should always succeed for valid windows","status":"passed","title":"validateHyprlandWindow should always succeed for valid windows","failureMessages":[],"meta":{"typecheck":true}},{"ancestorTitles":["src/property.test.ts","Property-Based Tests"],"fullName":"src/property.test.ts Property-Based Tests isHyprlandWindow should maintain type consistency","status":"passed","title":"isHyprlandWindow should maintain type consistency","failureMessages":[],"meta":{"typecheck":true}},{"ancestorTitles":["src/property.test.ts","Property-Based Tests"],"fullName":"src/property.test.ts Property-Based Tests validation should reject objects with missing required properties","status":"passed","title":"validation should reject objects with missing required properties","failureMessages":[],"meta":{"typecheck":true}}],"startTime":1753587524345,"endTime":1753587524345,"status":"passed","message":"","name":"/home/connerohnesorge/Documents/001Repos/hyprland-ts/src/property.test.ts"},{"assertionResults":[{"ancestorTitles":["src/utils.spec.ts","utils"],"fullName":"src/utils.spec.ts utils should run basic test to verify vitest setup","status":"passed","title":"should run basic test to verify vitest setup","failureMessages":[],"meta":{"typecheck":true}},{"ancestorTitles":["src/utils.spec.ts","utils"],"fullName":"src/utils.spec.ts utils should handle async operations","status":"passed","title":"should handle async operations","failureMessages":[],"meta":{"typecheck":true}},{"ancestorTitles":["src/utils.spec.ts","utils"],"fullName":"src/utils.spec.ts utils should handle error cases","status":"passed","title":"should handle error cases","failureMessages":[],"meta":{"typecheck":true}}],"startTime":1753587524345,"endTime":1753587524345,"status":"passed","message":"","name":"/home/connerohnesorge/Documents/001Repos/hyprland-ts/src/utils.spec.ts"},{"assertionResults":[{"ancestorTitles":["src/validation.spec.ts","Validation Functions","validateHyprlandWindow"],"fullName":"src/validation.spec.ts Validation Functions validateHyprlandWindow validates correct window objects","status":"passed","title":"validates correct window objects","failureMessages":[],"meta":{"typecheck":true}},{"ancestorTitles":["src/validation.spec.ts","Validation Functions","validateHyprlandWindow"],"fullName":"src/validation.spec.ts Validation Functions validateHyprlandWindow rejects invalid window objects","status":"passed","title":"rejects invalid window objects","failureMessages":[],"meta":{"typecheck":true}},{"ancestorTitles":["src/validation.spec.ts","Validation Functions","validateHyprlandWindow"],"fullName":"src/validation.spec.ts Validation Functions validateHyprlandWindow validates window with custom properties","status":"passed","title":"validates window with custom properties","failureMessages":[],"meta":{"typecheck":true}},{"ancestorTitles":["src/validation.spec.ts","Validation Functions","validateHyprlandWorkspace"],"fullName":"src/validation.spec.ts Validation Functions validateHyprlandWorkspace validates correct workspace objects","status":"passed","title":"validates correct workspace objects","failureMessages":[],"meta":{"typecheck":true}},{"ancestorTitles":["src/validation.spec.ts","Validation Functions","validateHyprlandWorkspace"],"fullName":"src/validation.spec.ts Validation Functions validateHyprlandWorkspace validates empty workspace","status":"passed","title":"validates empty workspace","failureMessages":[],"meta":{"typecheck":true}},{"ancestorTitles":["src/validation.spec.ts","Validation Functions","validateHyprlandMonitor"],"fullName":"src/validation.spec.ts Validation Functions validateHyprlandMonitor validates correct monitor objects","status":"passed","title":"validates correct monitor objects","failureMessages":[],"meta":{"typecheck":true}},{"ancestorTitles":["src/validation.spec.ts","Validation Functions","validateHyprlandMonitor"],"fullName":"src/validation.spec.ts Validation Functions validateHyprlandMonitor validates monitor with different configurations","status":"passed","title":"validates monitor with different configurations","failureMessages":[],"meta":{"typecheck":true}},{"ancestorTitles":["src/validation.spec.ts","Validation Functions","Array Validation"],"fullName":"src/validation.spec.ts Validation Functions Array Validation validates window arrays","status":"passed","title":"validates window arrays","failureMessages":[],"meta":{"typecheck":true}},{"ancestorTitles":["src/validation.spec.ts","Validation Functions","Array Validation"],"fullName":"src/validation.spec.ts Validation Functions Array Validation validates workspace arrays","status":"passed","title":"validates workspace arrays","failureMessages":[],"meta":{"typecheck":true}},{"ancestorTitles":["src/validation.spec.ts","Validation Functions","Array Validation"],"fullName":"src/validation.spec.ts Validation Functions Array Validation validates monitor arrays","status":"passed","title":"validates monitor arrays","failureMessages":[],"meta":{"typecheck":true}},{"ancestorTitles":["src/validation.spec.ts","Type Guards","isHyprlandWindow"],"fullName":"src/validation.spec.ts Type Guards isHyprlandWindow identifies valid windows","status":"passed","title":"identifies valid windows","failureMessages":[],"meta":{"typecheck":true}},{"ancestorTitles":["src/validation.spec.ts","Type Guards","isHyprlandWindow"],"fullName":"src/validation.spec.ts Type Guards isHyprlandWindow rejects invalid data","status":"passed","title":"rejects invalid data","failureMessages":[],"meta":{"typecheck":true}},{"ancestorTitles":["src/validation.spec.ts","Type Guards","isHyprlandWindow"],"fullName":"src/validation.spec.ts Type Guards isHyprlandWindow validates all required properties","status":"passed","title":"validates all required properties","failureMessages":[],"meta":{"typecheck":true}},{"ancestorTitles":["src/validation.spec.ts","Type Guards","isHyprlandWorkspace"],"fullName":"src/validation.spec.ts Type Guards isHyprlandWorkspace identifies valid workspaces","status":"passed","title":"identifies valid workspaces","failureMessages":[],"meta":{"typecheck":true}},{"ancestorTitles":["src/validation.spec.ts","Type Guards","isHyprlandWorkspace"],"fullName":"src/validation.spec.ts Type Guards isHyprlandWorkspace rejects invalid data","status":"passed","title":"rejects invalid data","failureMessages":[],"meta":{"typecheck":true}},{"ancestorTitles":["src/validation.spec.ts","Type Guards","isHyprlandMonitor"],"fullName":"src/validation.spec.ts Type Guards isHyprlandMonitor identifies valid monitors","status":"passed","title":"identifies valid monitors","failureMessages":[],"meta":{"typecheck":true}},{"ancestorTitles":["src/validation.spec.ts","Type Guards","isHyprlandMonitor"],"fullName":"src/validation.spec.ts Type Guards isHyprlandMonitor rejects invalid data","status":"passed","title":"rejects invalid data","failureMessages":[],"meta":{"typecheck":true}},{"ancestorTitles":["src/validation.spec.ts","Type Guards","isHyprlandWorkspaceInfo"],"fullName":"src/validation.spec.ts Type Guards isHyprlandWorkspaceInfo identifies valid workspace info","status":"passed","title":"identifies valid workspace info","failureMessages":[],"meta":{"typecheck":true}},{"ancestorTitles":["src/validation.spec.ts","Type Guards","isHyprlandWorkspaceInfo"],"fullName":"src/validation.spec.ts Type Guards isHyprlandWorkspaceInfo handles special workspace IDs","status":"passed","title":"handles special workspace IDs","failureMessages":[],"meta":{"typecheck":true}},{"ancestorTitles":["src/validation.spec.ts","Edge Cases"],"fullName":"src/validation.spec.ts Edge Cases handles extreme numeric values","status":"passed","title":"handles extreme numeric values","failureMessages":[],"meta":{"typecheck":true}},{"ancestorTitles":["src/validation.spec.ts","Edge Cases"],"fullName":"src/validation.spec.ts Edge Cases handles empty strings","status":"passed","title":"handles empty strings","failureMessages":[],"meta":{"typecheck":true}},{"ancestorTitles":["src/validation.spec.ts","Edge Cases"],"fullName":"src/validation.spec.ts Edge Cases handles Unicode strings","status":"passed","title":"handles Unicode strings","failureMessages":[],"meta":{"typecheck":true}}],"startTime":1753587524345,"endTime":1753587524345,"status":"passed","message":"","name":"/home/connerohnesorge/Documents/001Repos/hyprland-ts/src/validation.spec.ts"}]}