{"/home/connerohnesorge/Documents/001Repos/hyprland-ts/src/index.ts": {"path":"/home/connerohnesorge/Documents/001Repos/hyprland-ts/src/index.ts","all":true,"statementMap":{"6":{"start":{"line":7,"column":0},"end":{"line":7,"column":27}},"9":{"start":{"line":10,"column":0},"end":{"line":10,"column":32}}},"s":{"6":0,"9":0},"branchMap":{"0":{"type":"branch","line":1,"loc":{"start":{"line":1,"column":250},"end":{"line":10,"column":32}},"locations":[{"start":{"line":1,"column":250},"end":{"line":10,"column":32}}]}},"b":{"0":[1]},"fnMap":{"0":{"name":"(empty-report)","decl":{"start":{"line":1,"column":250},"end":{"line":10,"column":32}},"loc":{"start":{"line":1,"column":250},"end":{"line":10,"column":32}},"line":1}},"f":{"0":1}}
,"/home/connerohnesorge/Documents/001Repos/hyprland-ts/src/types.ts": {"path":"/home/connerohnesorge/Documents/001Repos/hyprland-ts/src/types.ts","all":true,"statementMap":{},"s":{},"branchMap":{"0":{"type":"branch","line":1,"loc":{"start":{"line":1,"column":11049},"end":{"line":378,"column":71}},"locations":[{"start":{"line":1,"column":11049},"end":{"line":378,"column":71}}]}},"b":{"0":[1]},"fnMap":{"0":{"name":"(empty-report)","decl":{"start":{"line":1,"column":11049},"end":{"line":378,"column":71}},"loc":{"start":{"line":1,"column":11049},"end":{"line":378,"column":71}},"line":1}},"f":{"0":1}}
,"/home/connerohnesorge/Documents/001Repos/hyprland-ts/src/validation.ts": {"path":"/home/connerohnesorge/Documents/001Repos/hyprland-ts/src/validation.ts","all":false,"statementMap":{"20":{"start":{"line":21,"column":0},"end":{"line":21,"column":69}},"21":{"start":{"line":22,"column":0},"end":{"line":22,"column":78}},"22":{"start":{"line":23,"column":0},"end":{"line":23,"column":1}},"25":{"start":{"line":26,"column":0},"end":{"line":26,"column":52}},"26":{"start":{"line":27,"column":0},"end":{"line":27,"column":61}},"27":{"start":{"line":28,"column":0},"end":{"line":28,"column":1}},"30":{"start":{"line":31,"column":0},"end":{"line":31,"column":52}},"31":{"start":{"line":32,"column":0},"end":{"line":32,"column":35}},"32":{"start":{"line":33,"column":0},"end":{"line":33,"column":1}},"35":{"start":{"line":36,"column":0},"end":{"line":36,"column":54}},"36":{"start":{"line":37,"column":0},"end":{"line":37,"column":36}},"37":{"start":{"line":38,"column":0},"end":{"line":38,"column":1}},"40":{"start":{"line":41,"column":0},"end":{"line":41,"column":85}},"41":{"start":{"line":42,"column":0},"end":{"line":42,"column":42}},"42":{"start":{"line":43,"column":0},"end":{"line":43,"column":68}},"43":{"start":{"line":44,"column":0},"end":{"line":44,"column":31}},"44":{"start":{"line":45,"column":0},"end":{"line":45,"column":1}},"47":{"start":{"line":48,"column":0},"end":{"line":48,"column":35}},"48":{"start":{"line":49,"column":0},"end":{"line":49,"column":19}},"49":{"start":{"line":50,"column":0},"end":{"line":50,"column":34}},"50":{"start":{"line":51,"column":0},"end":{"line":51,"column":52}},"51":{"start":{"line":52,"column":0},"end":{"line":52,"column":24}},"52":{"start":{"line":53,"column":0},"end":{"line":53,"column":16}},"53":{"start":{"line":54,"column":0},"end":{"line":54,"column":12}},"54":{"start":{"line":55,"column":0},"end":{"line":55,"column":20}},"55":{"start":{"line":56,"column":0},"end":{"line":56,"column":22}},"56":{"start":{"line":57,"column":0},"end":{"line":57,"column":24}},"57":{"start":{"line":58,"column":0},"end":{"line":58,"column":6}},"58":{"start":{"line":59,"column":0},"end":{"line":59,"column":10}},"59":{"start":{"line":60,"column":0},"end":{"line":60,"column":12}},"60":{"start":{"line":61,"column":0},"end":{"line":61,"column":21}},"61":{"start":{"line":62,"column":0},"end":{"line":62,"column":22}},"62":{"start":{"line":63,"column":0},"end":{"line":63,"column":13}},"63":{"start":{"line":64,"column":0},"end":{"line":64,"column":29}},"64":{"start":{"line":65,"column":0},"end":{"line":65,"column":3}},"65":{"start":{"line":66,"column":0},"end":{"line":66,"column":1}},"72":{"start":{"line":73,"column":0},"end":{"line":73,"column":78}},"73":{"start":{"line":74,"column":0},"end":{"line":74,"column":8}},"74":{"start":{"line":75,"column":0},"end":{"line":75,"column":38}},"75":{"start":{"line":76,"column":0},"end":{"line":76,"column":37}},"77":{"start":{"line":78,"column":0},"end":{"line":78,"column":10}},"78":{"start":{"line":79,"column":0},"end":{"line":79,"column":28}},"79":{"start":{"line":80,"column":0},"end":{"line":80,"column":27}},"81":{"start":{"line":82,"column":0},"end":{"line":82,"column":2}},"84":{"start":{"line":85,"column":0},"end":{"line":85,"column":64}},"85":{"start":{"line":86,"column":0},"end":{"line":86,"column":8}},"86":{"start":{"line":87,"column":0},"end":{"line":87,"column":31}},"87":{"start":{"line":88,"column":0},"end":{"line":88,"column":37}},"89":{"start":{"line":90,"column":0},"end":{"line":90,"column":10}},"90":{"start":{"line":91,"column":0},"end":{"line":91,"column":33}},"91":{"start":{"line":92,"column":0},"end":{"line":92,"column":33}},"92":{"start":{"line":93,"column":0},"end":{"line":93,"column":33}},"93":{"start":{"line":94,"column":0},"end":{"line":94,"column":36}},"94":{"start":{"line":95,"column":0},"end":{"line":95,"column":38}},"95":{"start":{"line":96,"column":0},"end":{"line":96,"column":35}},"96":{"start":{"line":97,"column":0},"end":{"line":97,"column":50}},"97":{"start":{"line":98,"column":0},"end":{"line":98,"column":35}},"98":{"start":{"line":99,"column":0},"end":{"line":99,"column":33}},"99":{"start":{"line":100,"column":0},"end":{"line":100,"column":31}},"100":{"start":{"line":101,"column":0},"end":{"line":101,"column":31}},"101":{"start":{"line":102,"column":0},"end":{"line":102,"column":29}},"102":{"start":{"line":103,"column":0},"end":{"line":103,"column":35}},"103":{"start":{"line":104,"column":0},"end":{"line":104,"column":33}},"104":{"start":{"line":105,"column":0},"end":{"line":105,"column":37}},"105":{"start":{"line":106,"column":0},"end":{"line":106,"column":40}},"106":{"start":{"line":107,"column":0},"end":{"line":107,"column":37}},"108":{"start":{"line":109,"column":0},"end":{"line":109,"column":2}},"111":{"start":{"line":112,"column":0},"end":{"line":112,"column":70}},"112":{"start":{"line":113,"column":0},"end":{"line":113,"column":8}},"113":{"start":{"line":114,"column":0},"end":{"line":114,"column":34}},"114":{"start":{"line":115,"column":0},"end":{"line":115,"column":37}},"116":{"start":{"line":117,"column":0},"end":{"line":117,"column":10}},"117":{"start":{"line":118,"column":0},"end":{"line":118,"column":28}},"118":{"start":{"line":119,"column":0},"end":{"line":119,"column":30}},"119":{"start":{"line":120,"column":0},"end":{"line":120,"column":33}},"120":{"start":{"line":121,"column":0},"end":{"line":121,"column":35}},"121":{"start":{"line":122,"column":0},"end":{"line":122,"column":33}},"122":{"start":{"line":123,"column":0},"end":{"line":123,"column":40}},"123":{"start":{"line":124,"column":0},"end":{"line":124,"column":36}},"124":{"start":{"line":125,"column":0},"end":{"line":125,"column":38}},"126":{"start":{"line":127,"column":0},"end":{"line":127,"column":2}},"129":{"start":{"line":130,"column":0},"end":{"line":130,"column":66}},"130":{"start":{"line":131,"column":0},"end":{"line":131,"column":8}},"131":{"start":{"line":132,"column":0},"end":{"line":132,"column":32}},"132":{"start":{"line":133,"column":0},"end":{"line":133,"column":37}},"134":{"start":{"line":135,"column":0},"end":{"line":135,"column":10}},"135":{"start":{"line":136,"column":0},"end":{"line":136,"column":28}},"136":{"start":{"line":137,"column":0},"end":{"line":137,"column":30}},"137":{"start":{"line":138,"column":0},"end":{"line":138,"column":37}},"138":{"start":{"line":139,"column":0},"end":{"line":139,"column":30}},"139":{"start":{"line":140,"column":0},"end":{"line":140,"column":31}},"140":{"start":{"line":141,"column":0},"end":{"line":141,"column":32}},"141":{"start":{"line":142,"column":0},"end":{"line":142,"column":31}},"142":{"start":{"line":143,"column":0},"end":{"line":143,"column":32}},"143":{"start":{"line":144,"column":0},"end":{"line":144,"column":37}},"144":{"start":{"line":145,"column":0},"end":{"line":145,"column":27}},"145":{"start":{"line":146,"column":0},"end":{"line":146,"column":27}},"146":{"start":{"line":147,"column":0},"end":{"line":147,"column":41}},"147":{"start":{"line":148,"column":0},"end":{"line":148,"column":56}},"148":{"start":{"line":149,"column":0},"end":{"line":149,"column":42}},"149":{"start":{"line":150,"column":0},"end":{"line":150,"column":57}},"150":{"start":{"line":151,"column":0},"end":{"line":151,"column":42}},"151":{"start":{"line":152,"column":0},"end":{"line":152,"column":31}},"152":{"start":{"line":153,"column":0},"end":{"line":153,"column":35}},"153":{"start":{"line":154,"column":0},"end":{"line":154,"column":34}},"154":{"start":{"line":155,"column":0},"end":{"line":155,"column":37}},"155":{"start":{"line":156,"column":0},"end":{"line":156,"column":30}},"156":{"start":{"line":157,"column":0},"end":{"line":157,"column":45}},"157":{"start":{"line":158,"column":0},"end":{"line":158,"column":58}},"159":{"start":{"line":160,"column":0},"end":{"line":160,"column":2}},"162":{"start":{"line":163,"column":0},"end":{"line":163,"column":62}},"163":{"start":{"line":164,"column":0},"end":{"line":164,"column":8}},"164":{"start":{"line":165,"column":0},"end":{"line":165,"column":30}},"165":{"start":{"line":166,"column":0},"end":{"line":166,"column":37}},"167":{"start":{"line":168,"column":0},"end":{"line":168,"column":10}},"168":{"start":{"line":169,"column":0},"end":{"line":169,"column":31}},"169":{"start":{"line":170,"column":0},"end":{"line":170,"column":31}},"171":{"start":{"line":172,"column":0},"end":{"line":172,"column":2}},"178":{"start":{"line":179,"column":0},"end":{"line":179,"column":93}},"179":{"start":{"line":180,"column":0},"end":{"line":180,"column":30}},"181":{"start":{"line":182,"column":0},"end":{"line":182,"column":25}},"182":{"start":{"line":183,"column":0},"end":{"line":183,"column":81}},"183":{"start":{"line":184,"column":0},"end":{"line":184,"column":3}},"185":{"start":{"line":186,"column":0},"end":{"line":186,"column":75}},"186":{"start":{"line":187,"column":0},"end":{"line":187,"column":75}},"187":{"start":{"line":188,"column":0},"end":{"line":188,"column":75}},"188":{"start":{"line":189,"column":0},"end":{"line":189,"column":86}},"189":{"start":{"line":190,"column":0},"end":{"line":190,"column":90}},"191":{"start":{"line":192,"column":0},"end":{"line":192,"column":38}},"192":{"start":{"line":193,"column":0},"end":{"line":193,"column":47}},"193":{"start":{"line":194,"column":0},"end":{"line":194,"column":60}},"194":{"start":{"line":195,"column":0},"end":{"line":195,"column":67}},"195":{"start":{"line":196,"column":0},"end":{"line":196,"column":3}},"197":{"start":{"line":198,"column":0},"end":{"line":198,"column":79}},"198":{"start":{"line":199,"column":0},"end":{"line":199,"column":75}},"199":{"start":{"line":200,"column":0},"end":{"line":200,"column":71}},"200":{"start":{"line":201,"column":0},"end":{"line":201,"column":71}},"201":{"start":{"line":202,"column":0},"end":{"line":202,"column":67}},"202":{"start":{"line":203,"column":0},"end":{"line":203,"column":79}},"203":{"start":{"line":204,"column":0},"end":{"line":204,"column":75}},"204":{"start":{"line":205,"column":0},"end":{"line":205,"column":83}},"205":{"start":{"line":206,"column":0},"end":{"line":206,"column":89}},"206":{"start":{"line":207,"column":0},"end":{"line":207,"column":89}},"208":{"start":{"line":209,"column":0},"end":{"line":209,"column":26}},"209":{"start":{"line":210,"column":0},"end":{"line":210,"column":60}},"210":{"start":{"line":211,"column":0},"end":{"line":211,"column":3}},"212":{"start":{"line":213,"column":0},"end":{"line":213,"column":74}},"213":{"start":{"line":214,"column":0},"end":{"line":214,"column":2}},"216":{"start":{"line":217,"column":0},"end":{"line":217,"column":99}},"217":{"start":{"line":218,"column":0},"end":{"line":218,"column":30}},"219":{"start":{"line":220,"column":0},"end":{"line":220,"column":25}},"220":{"start":{"line":221,"column":0},"end":{"line":221,"column":81}},"221":{"start":{"line":222,"column":0},"end":{"line":222,"column":3}},"223":{"start":{"line":224,"column":0},"end":{"line":224,"column":65}},"224":{"start":{"line":225,"column":0},"end":{"line":225,"column":69}},"225":{"start":{"line":226,"column":0},"end":{"line":226,"column":75}},"226":{"start":{"line":227,"column":0},"end":{"line":227,"column":79}},"227":{"start":{"line":228,"column":0},"end":{"line":228,"column":75}},"228":{"start":{"line":229,"column":0},"end":{"line":229,"column":89}},"229":{"start":{"line":230,"column":0},"end":{"line":230,"column":81}},"230":{"start":{"line":231,"column":0},"end":{"line":231,"column":91}},"232":{"start":{"line":233,"column":0},"end":{"line":233,"column":26}},"233":{"start":{"line":234,"column":0},"end":{"line":234,"column":60}},"234":{"start":{"line":235,"column":0},"end":{"line":235,"column":3}},"236":{"start":{"line":237,"column":0},"end":{"line":237,"column":77}},"237":{"start":{"line":238,"column":0},"end":{"line":238,"column":2}},"240":{"start":{"line":241,"column":0},"end":{"line":241,"column":95}},"241":{"start":{"line":242,"column":0},"end":{"line":242,"column":30}},"243":{"start":{"line":244,"column":0},"end":{"line":244,"column":25}},"244":{"start":{"line":245,"column":0},"end":{"line":245,"column":81}},"245":{"start":{"line":246,"column":0},"end":{"line":246,"column":3}},"247":{"start":{"line":248,"column":0},"end":{"line":248,"column":65}},"248":{"start":{"line":249,"column":0},"end":{"line":249,"column":69}},"249":{"start":{"line":250,"column":0},"end":{"line":250,"column":83}},"250":{"start":{"line":251,"column":0},"end":{"line":251,"column":69}},"251":{"start":{"line":252,"column":0},"end":{"line":252,"column":71}},"252":{"start":{"line":253,"column":0},"end":{"line":253,"column":73}},"253":{"start":{"line":254,"column":0},"end":{"line":254,"column":71}},"254":{"start":{"line":255,"column":0},"end":{"line":255,"column":73}},"255":{"start":{"line":256,"column":0},"end":{"line":256,"column":83}},"256":{"start":{"line":257,"column":0},"end":{"line":257,"column":63}},"257":{"start":{"line":258,"column":0},"end":{"line":258,"column":63}},"259":{"start":{"line":260,"column":0},"end":{"line":260,"column":44}},"260":{"start":{"line":261,"column":0},"end":{"line":261,"column":53}},"261":{"start":{"line":262,"column":0},"end":{"line":262,"column":66}},"262":{"start":{"line":263,"column":0},"end":{"line":263,"column":73}},"263":{"start":{"line":264,"column":0},"end":{"line":264,"column":3}},"265":{"start":{"line":266,"column":0},"end":{"line":266,"column":45}},"266":{"start":{"line":267,"column":0},"end":{"line":267,"column":54}},"267":{"start":{"line":268,"column":0},"end":{"line":268,"column":67}},"268":{"start":{"line":269,"column":0},"end":{"line":269,"column":74}},"269":{"start":{"line":270,"column":0},"end":{"line":270,"column":3}},"271":{"start":{"line":272,"column":0},"end":{"line":272,"column":98}},"272":{"start":{"line":273,"column":0},"end":{"line":273,"column":71}},"273":{"start":{"line":274,"column":0},"end":{"line":274,"column":79}},"274":{"start":{"line":275,"column":0},"end":{"line":275,"column":77}},"275":{"start":{"line":276,"column":0},"end":{"line":276,"column":83}},"276":{"start":{"line":277,"column":0},"end":{"line":277,"column":69}},"278":{"start":{"line":279,"column":0},"end":{"line":279,"column":48}},"279":{"start":{"line":280,"column":0},"end":{"line":280,"column":51}},"280":{"start":{"line":281,"column":0},"end":{"line":281,"column":71}},"281":{"start":{"line":282,"column":0},"end":{"line":282,"column":62}},"282":{"start":{"line":283,"column":0},"end":{"line":283,"column":3}},"284":{"start":{"line":285,"column":0},"end":{"line":285,"column":26}},"285":{"start":{"line":286,"column":0},"end":{"line":286,"column":60}},"286":{"start":{"line":287,"column":0},"end":{"line":287,"column":3}},"288":{"start":{"line":289,"column":0},"end":{"line":289,"column":75}},"289":{"start":{"line":290,"column":0},"end":{"line":290,"column":2}},"292":{"start":{"line":293,"column":0},"end":{"line":293,"column":109}},"293":{"start":{"line":294,"column":0},"end":{"line":294,"column":30}},"294":{"start":{"line":295,"column":0},"end":{"line":295,"column":80}},"295":{"start":{"line":296,"column":0},"end":{"line":296,"column":3}},"297":{"start":{"line":298,"column":0},"end":{"line":298,"column":30}},"298":{"start":{"line":299,"column":0},"end":{"line":299,"column":48}},"300":{"start":{"line":301,"column":0},"end":{"line":301,"column":42}},"301":{"start":{"line":302,"column":0},"end":{"line":302,"column":52}},"302":{"start":{"line":303,"column":0},"end":{"line":303,"column":26}},"303":{"start":{"line":304,"column":0},"end":{"line":304,"column":72}},"304":{"start":{"line":305,"column":0},"end":{"line":305,"column":29}},"305":{"start":{"line":306,"column":0},"end":{"line":306,"column":41}},"306":{"start":{"line":307,"column":0},"end":{"line":307,"column":5}},"307":{"start":{"line":308,"column":0},"end":{"line":308,"column":3}},"309":{"start":{"line":310,"column":0},"end":{"line":310,"column":26}},"310":{"start":{"line":311,"column":0},"end":{"line":311,"column":60}},"311":{"start":{"line":312,"column":0},"end":{"line":312,"column":3}},"313":{"start":{"line":314,"column":0},"end":{"line":314,"column":85}},"314":{"start":{"line":315,"column":0},"end":{"line":315,"column":2}},"317":{"start":{"line":318,"column":0},"end":{"line":318,"column":115}},"318":{"start":{"line":319,"column":0},"end":{"line":319,"column":30}},"319":{"start":{"line":320,"column":0},"end":{"line":320,"column":80}},"320":{"start":{"line":321,"column":0},"end":{"line":321,"column":3}},"322":{"start":{"line":323,"column":0},"end":{"line":323,"column":30}},"323":{"start":{"line":324,"column":0},"end":{"line":324,"column":54}},"325":{"start":{"line":326,"column":0},"end":{"line":326,"column":42}},"326":{"start":{"line":327,"column":0},"end":{"line":327,"column":55}},"327":{"start":{"line":328,"column":0},"end":{"line":328,"column":26}},"328":{"start":{"line":329,"column":0},"end":{"line":329,"column":75}},"329":{"start":{"line":330,"column":0},"end":{"line":330,"column":29}},"330":{"start":{"line":331,"column":0},"end":{"line":331,"column":44}},"331":{"start":{"line":332,"column":0},"end":{"line":332,"column":5}},"332":{"start":{"line":333,"column":0},"end":{"line":333,"column":3}},"334":{"start":{"line":335,"column":0},"end":{"line":335,"column":26}},"335":{"start":{"line":336,"column":0},"end":{"line":336,"column":60}},"336":{"start":{"line":337,"column":0},"end":{"line":337,"column":3}},"338":{"start":{"line":339,"column":0},"end":{"line":339,"column":91}},"339":{"start":{"line":340,"column":0},"end":{"line":340,"column":2}},"342":{"start":{"line":343,"column":0},"end":{"line":343,"column":111}},"343":{"start":{"line":344,"column":0},"end":{"line":344,"column":30}},"344":{"start":{"line":345,"column":0},"end":{"line":345,"column":80}},"345":{"start":{"line":346,"column":0},"end":{"line":346,"column":3}},"347":{"start":{"line":348,"column":0},"end":{"line":348,"column":30}},"348":{"start":{"line":349,"column":0},"end":{"line":349,"column":50}},"350":{"start":{"line":351,"column":0},"end":{"line":351,"column":42}},"351":{"start":{"line":352,"column":0},"end":{"line":352,"column":53}},"352":{"start":{"line":353,"column":0},"end":{"line":353,"column":26}},"353":{"start":{"line":354,"column":0},"end":{"line":354,"column":73}},"354":{"start":{"line":355,"column":0},"end":{"line":355,"column":29}},"355":{"start":{"line":356,"column":0},"end":{"line":356,"column":42}},"356":{"start":{"line":357,"column":0},"end":{"line":357,"column":5}},"357":{"start":{"line":358,"column":0},"end":{"line":358,"column":3}},"359":{"start":{"line":360,"column":0},"end":{"line":360,"column":26}},"360":{"start":{"line":361,"column":0},"end":{"line":361,"column":60}},"361":{"start":{"line":362,"column":0},"end":{"line":362,"column":3}},"363":{"start":{"line":364,"column":0},"end":{"line":364,"column":87}},"364":{"start":{"line":365,"column":0},"end":{"line":365,"column":2}}},"s":{"20":24,"21":24,"22":24,"25":58,"26":58,"27":58,"30":40,"31":40,"32":40,"35":26,"36":26,"37":26,"40":8,"41":8,"42":8,"43":6,"44":6,"47":4,"48":4,"49":4,"50":4,"51":4,"52":4,"53":3,"54":3,"55":3,"56":3,"57":3,"58":4,"59":1,"60":1,"61":1,"62":1,"63":1,"64":1,"65":4,"72":1,"73":6,"74":6,"75":6,"77":6,"78":6,"79":6,"81":6,"84":1,"85":3,"86":3,"87":3,"89":2,"90":2,"91":1,"92":1,"93":1,"94":1,"95":1,"96":1,"97":1,"98":1,"99":1,"100":1,"101":1,"102":1,"103":1,"104":1,"105":1,"106":1,"108":3,"111":1,"112":2,"113":2,"114":2,"116":2,"117":2,"118":1,"119":1,"120":1,"121":1,"122":1,"123":1,"124":1,"126":2,"129":1,"130":2,"131":2,"132":2,"134":2,"135":2,"136":1,"137":1,"138":1,"139":1,"140":1,"141":1,"142":1,"143":1,"144":1,"145":1,"146":1,"147":1,"148":1,"149":1,"150":1,"151":1,"152":1,"153":1,"154":1,"155":1,"156":1,"157":1,"159":2,"162":1,"163":0,"164":0,"165":0,"167":0,"168":0,"169":0,"171":0,"178":1,"179":2,"181":2,"182":0,"183":0,"185":2,"186":2,"187":2,"188":2,"189":2,"191":2,"192":1,"193":1,"194":0,"195":0,"197":2,"198":2,"199":2,"200":2,"201":2,"202":2,"203":2,"204":2,"205":2,"206":2,"208":2,"209":1,"210":1,"212":1,"213":1,"216":1,"217":1,"219":1,"220":0,"221":0,"223":1,"224":1,"225":1,"226":1,"227":1,"228":1,"229":1,"230":1,"232":1,"233":0,"234":0,"236":1,"237":1,"240":1,"241":1,"243":1,"244":0,"245":0,"247":1,"248":1,"249":1,"250":1,"251":1,"252":1,"253":1,"254":1,"255":1,"256":1,"257":1,"259":1,"260":0,"261":1,"262":0,"263":0,"265":1,"266":0,"267":1,"268":0,"269":0,"271":1,"272":1,"273":1,"274":1,"275":1,"276":1,"278":1,"279":0,"280":1,"281":0,"282":0,"284":1,"285":0,"286":0,"288":1,"289":1,"292":1,"293":0,"294":0,"295":0,"297":0,"298":0,"300":0,"301":0,"302":0,"303":0,"304":0,"305":0,"306":0,"307":0,"309":0,"310":0,"311":0,"313":0,"314":0,"317":1,"318":0,"319":0,"320":0,"322":0,"323":0,"325":0,"326":0,"327":0,"328":0,"329":0,"330":0,"331":0,"332":0,"334":0,"335":0,"336":0,"338":0,"339":0,"342":1,"343":0,"344":0,"345":0,"347":0,"348":0,"350":0,"351":0,"352":0,"353":0,"354":0,"355":0,"356":0,"357":0,"359":0,"360":0,"361":0,"363":0,"364":0},"branchMap":{"0":{"type":"branch","line":21,"loc":{"start":{"line":21,"column":0},"end":{"line":23,"column":1}},"locations":[{"start":{"line":21,"column":0},"end":{"line":23,"column":1}}]},"1":{"type":"branch","line":22,"loc":{"start":{"line":22,"column":26},"end":{"line":22,"column":56}},"locations":[{"start":{"line":22,"column":26},"end":{"line":22,"column":56}}]},"2":{"type":"branch","line":22,"loc":{"start":{"line":22,"column":48},"end":{"line":22,"column":78}},"locations":[{"start":{"line":22,"column":48},"end":{"line":22,"column":78}}]},"3":{"type":"branch","line":26,"loc":{"start":{"line":26,"column":0},"end":{"line":28,"column":1}},"locations":[{"start":{"line":26,"column":0},"end":{"line":28,"column":1}}]},"4":{"type":"branch","line":27,"loc":{"start":{"line":27,"column":26},"end":{"line":27,"column":61}},"locations":[{"start":{"line":27,"column":26},"end":{"line":27,"column":61}}]},"5":{"type":"branch","line":31,"loc":{"start":{"line":31,"column":0},"end":{"line":33,"column":1}},"locations":[{"start":{"line":31,"column":0},"end":{"line":33,"column":1}}]},"6":{"type":"branch","line":36,"loc":{"start":{"line":36,"column":0},"end":{"line":38,"column":1}},"locations":[{"start":{"line":36,"column":0},"end":{"line":38,"column":1}}]},"7":{"type":"branch","line":41,"loc":{"start":{"line":41,"column":0},"end":{"line":45,"column":1}},"locations":[{"start":{"line":41,"column":0},"end":{"line":45,"column":1}}]},"8":{"type":"branch","line":42,"loc":{"start":{"line":42,"column":29},"end":{"line":42,"column":42}},"locations":[{"start":{"line":42,"column":29},"end":{"line":42,"column":42}}]},"9":{"type":"branch","line":42,"loc":{"start":{"line":42,"column":36},"end":{"line":43,"column":55}},"locations":[{"start":{"line":42,"column":36},"end":{"line":43,"column":55}}]},"10":{"type":"branch","line":43,"loc":{"start":{"line":43,"column":55},"end":{"line":43,"column":68}},"locations":[{"start":{"line":43,"column":55},"end":{"line":43,"column":68}}]},"11":{"type":"branch","line":43,"loc":{"start":{"line":43,"column":62},"end":{"line":45,"column":1}},"locations":[{"start":{"line":43,"column":62},"end":{"line":45,"column":1}}]},"12":{"type":"branch","line":48,"loc":{"start":{"line":48,"column":0},"end":{"line":66,"column":1}},"locations":[{"start":{"line":48,"column":0},"end":{"line":66,"column":1}}]},"13":{"type":"branch","line":53,"loc":{"start":{"line":53,"column":15},"end":{"line":59,"column":9}},"locations":[{"start":{"line":53,"column":15},"end":{"line":59,"column":9}}]},"14":{"type":"branch","line":59,"loc":{"start":{"line":59,"column":2},"end":{"line":65,"column":3}},"locations":[{"start":{"line":59,"column":2},"end":{"line":65,"column":3}}]},"15":{"type":"branch","line":73,"loc":{"start":{"line":73,"column":77},"end":{"line":82,"column":2}},"locations":[{"start":{"line":73,"column":77},"end":{"line":82,"column":2}}]},"16":{"type":"branch","line":76,"loc":{"start":{"line":76,"column":24},"end":{"line":76,"column":37}},"locations":[{"start":{"line":76,"column":24},"end":{"line":76,"column":37}}]},"17":{"type":"branch","line":85,"loc":{"start":{"line":85,"column":63},"end":{"line":109,"column":2}},"locations":[{"start":{"line":85,"column":63},"end":{"line":109,"column":2}}]},"18":{"type":"branch","line":88,"loc":{"start":{"line":88,"column":24},"end":{"line":88,"column":37}},"locations":[{"start":{"line":88,"column":24},"end":{"line":88,"column":37}}]},"19":{"type":"branch","line":88,"loc":{"start":{"line":88,"column":31},"end":{"line":91,"column":33}},"locations":[{"start":{"line":88,"column":31},"end":{"line":91,"column":33}}]},"20":{"type":"branch","line":91,"loc":{"start":{"line":91,"column":29},"end":{"line":92,"column":33}},"locations":[{"start":{"line":91,"column":29},"end":{"line":92,"column":33}}]},"21":{"type":"branch","line":92,"loc":{"start":{"line":92,"column":29},"end":{"line":93,"column":33}},"locations":[{"start":{"line":92,"column":29},"end":{"line":93,"column":33}}]},"22":{"type":"branch","line":93,"loc":{"start":{"line":93,"column":29},"end":{"line":94,"column":36}},"locations":[{"start":{"line":93,"column":29},"end":{"line":94,"column":36}}]},"23":{"type":"branch","line":94,"loc":{"start":{"line":94,"column":32},"end":{"line":95,"column":38}},"locations":[{"start":{"line":94,"column":32},"end":{"line":95,"column":38}}]},"24":{"type":"branch","line":95,"loc":{"start":{"line":95,"column":34},"end":{"line":96,"column":35}},"locations":[{"start":{"line":95,"column":34},"end":{"line":96,"column":35}}]},"25":{"type":"branch","line":96,"loc":{"start":{"line":96,"column":31},"end":{"line":97,"column":50}},"locations":[{"start":{"line":96,"column":31},"end":{"line":97,"column":50}}]},"26":{"type":"branch","line":97,"loc":{"start":{"line":97,"column":46},"end":{"line":98,"column":35}},"locations":[{"start":{"line":97,"column":46},"end":{"line":98,"column":35}}]},"27":{"type":"branch","line":98,"loc":{"start":{"line":98,"column":31},"end":{"line":99,"column":33}},"locations":[{"start":{"line":98,"column":31},"end":{"line":99,"column":33}}]},"28":{"type":"branch","line":99,"loc":{"start":{"line":99,"column":29},"end":{"line":100,"column":31}},"locations":[{"start":{"line":99,"column":29},"end":{"line":100,"column":31}}]},"29":{"type":"branch","line":100,"loc":{"start":{"line":100,"column":27},"end":{"line":101,"column":31}},"locations":[{"start":{"line":100,"column":27},"end":{"line":101,"column":31}}]},"30":{"type":"branch","line":101,"loc":{"start":{"line":101,"column":27},"end":{"line":102,"column":29}},"locations":[{"start":{"line":101,"column":27},"end":{"line":102,"column":29}}]},"31":{"type":"branch","line":102,"loc":{"start":{"line":102,"column":25},"end":{"line":103,"column":35}},"locations":[{"start":{"line":102,"column":25},"end":{"line":103,"column":35}}]},"32":{"type":"branch","line":103,"loc":{"start":{"line":103,"column":31},"end":{"line":104,"column":33}},"locations":[{"start":{"line":103,"column":31},"end":{"line":104,"column":33}}]},"33":{"type":"branch","line":104,"loc":{"start":{"line":104,"column":29},"end":{"line":105,"column":37}},"locations":[{"start":{"line":104,"column":29},"end":{"line":105,"column":37}}]},"34":{"type":"branch","line":105,"loc":{"start":{"line":105,"column":33},"end":{"line":106,"column":40}},"locations":[{"start":{"line":105,"column":33},"end":{"line":106,"column":40}}]},"35":{"type":"branch","line":106,"loc":{"start":{"line":106,"column":36},"end":{"line":107,"column":37}},"locations":[{"start":{"line":106,"column":36},"end":{"line":107,"column":37}}]},"36":{"type":"branch","line":112,"loc":{"start":{"line":112,"column":69},"end":{"line":127,"column":2}},"locations":[{"start":{"line":112,"column":69},"end":{"line":127,"column":2}}]},"37":{"type":"branch","line":115,"loc":{"start":{"line":115,"column":24},"end":{"line":115,"column":37}},"locations":[{"start":{"line":115,"column":24},"end":{"line":115,"column":37}}]},"38":{"type":"branch","line":118,"loc":{"start":{"line":118,"column":24},"end":{"line":119,"column":30}},"locations":[{"start":{"line":118,"column":24},"end":{"line":119,"column":30}}]},"39":{"type":"branch","line":119,"loc":{"start":{"line":119,"column":26},"end":{"line":120,"column":33}},"locations":[{"start":{"line":119,"column":26},"end":{"line":120,"column":33}}]},"40":{"type":"branch","line":120,"loc":{"start":{"line":120,"column":29},"end":{"line":121,"column":35}},"locations":[{"start":{"line":120,"column":29},"end":{"line":121,"column":35}}]},"41":{"type":"branch","line":121,"loc":{"start":{"line":121,"column":31},"end":{"line":122,"column":33}},"locations":[{"start":{"line":121,"column":31},"end":{"line":122,"column":33}}]},"42":{"type":"branch","line":122,"loc":{"start":{"line":122,"column":29},"end":{"line":123,"column":40}},"locations":[{"start":{"line":122,"column":29},"end":{"line":123,"column":40}}]},"43":{"type":"branch","line":123,"loc":{"start":{"line":123,"column":36},"end":{"line":124,"column":36}},"locations":[{"start":{"line":123,"column":36},"end":{"line":124,"column":36}}]},"44":{"type":"branch","line":124,"loc":{"start":{"line":124,"column":32},"end":{"line":125,"column":38}},"locations":[{"start":{"line":124,"column":32},"end":{"line":125,"column":38}}]},"45":{"type":"branch","line":130,"loc":{"start":{"line":130,"column":65},"end":{"line":160,"column":2}},"locations":[{"start":{"line":130,"column":65},"end":{"line":160,"column":2}}]},"46":{"type":"branch","line":133,"loc":{"start":{"line":133,"column":24},"end":{"line":133,"column":37}},"locations":[{"start":{"line":133,"column":24},"end":{"line":133,"column":37}}]},"47":{"type":"branch","line":136,"loc":{"start":{"line":136,"column":24},"end":{"line":137,"column":30}},"locations":[{"start":{"line":136,"column":24},"end":{"line":137,"column":30}}]},"48":{"type":"branch","line":137,"loc":{"start":{"line":137,"column":26},"end":{"line":138,"column":37}},"locations":[{"start":{"line":137,"column":26},"end":{"line":138,"column":37}}]},"49":{"type":"branch","line":138,"loc":{"start":{"line":138,"column":33},"end":{"line":139,"column":30}},"locations":[{"start":{"line":138,"column":33},"end":{"line":139,"column":30}}]},"50":{"type":"branch","line":139,"loc":{"start":{"line":139,"column":26},"end":{"line":140,"column":31}},"locations":[{"start":{"line":139,"column":26},"end":{"line":140,"column":31}}]},"51":{"type":"branch","line":140,"loc":{"start":{"line":140,"column":27},"end":{"line":141,"column":32}},"locations":[{"start":{"line":140,"column":27},"end":{"line":141,"column":32}}]},"52":{"type":"branch","line":141,"loc":{"start":{"line":141,"column":28},"end":{"line":142,"column":31}},"locations":[{"start":{"line":141,"column":28},"end":{"line":142,"column":31}}]},"53":{"type":"branch","line":142,"loc":{"start":{"line":142,"column":27},"end":{"line":143,"column":32}},"locations":[{"start":{"line":142,"column":27},"end":{"line":143,"column":32}}]},"54":{"type":"branch","line":143,"loc":{"start":{"line":143,"column":28},"end":{"line":144,"column":37}},"locations":[{"start":{"line":143,"column":28},"end":{"line":144,"column":37}}]},"55":{"type":"branch","line":144,"loc":{"start":{"line":144,"column":33},"end":{"line":145,"column":27}},"locations":[{"start":{"line":144,"column":33},"end":{"line":145,"column":27}}]},"56":{"type":"branch","line":145,"loc":{"start":{"line":145,"column":23},"end":{"line":146,"column":27}},"locations":[{"start":{"line":145,"column":23},"end":{"line":146,"column":27}}]},"57":{"type":"branch","line":146,"loc":{"start":{"line":146,"column":23},"end":{"line":147,"column":41}},"locations":[{"start":{"line":146,"column":23},"end":{"line":147,"column":41}}]},"58":{"type":"branch","line":147,"loc":{"start":{"line":147,"column":37},"end":{"line":148,"column":56}},"locations":[{"start":{"line":147,"column":37},"end":{"line":148,"column":56}}]},"59":{"type":"branch","line":148,"loc":{"start":{"line":148,"column":52},"end":{"line":149,"column":42}},"locations":[{"start":{"line":148,"column":52},"end":{"line":149,"column":42}}]},"60":{"type":"branch","line":149,"loc":{"start":{"line":149,"column":38},"end":{"line":150,"column":57}},"locations":[{"start":{"line":149,"column":38},"end":{"line":150,"column":57}}]},"61":{"type":"branch","line":150,"loc":{"start":{"line":150,"column":53},"end":{"line":151,"column":42}},"locations":[{"start":{"line":150,"column":53},"end":{"line":151,"column":42}}]},"62":{"type":"branch","line":151,"loc":{"start":{"line":151,"column":38},"end":{"line":152,"column":31}},"locations":[{"start":{"line":151,"column":38},"end":{"line":152,"column":31}}]},"63":{"type":"branch","line":152,"loc":{"start":{"line":152,"column":27},"end":{"line":153,"column":35}},"locations":[{"start":{"line":152,"column":27},"end":{"line":153,"column":35}}]},"64":{"type":"branch","line":153,"loc":{"start":{"line":153,"column":31},"end":{"line":154,"column":34}},"locations":[{"start":{"line":153,"column":31},"end":{"line":154,"column":34}}]},"65":{"type":"branch","line":154,"loc":{"start":{"line":154,"column":30},"end":{"line":155,"column":37}},"locations":[{"start":{"line":154,"column":30},"end":{"line":155,"column":37}}]},"66":{"type":"branch","line":155,"loc":{"start":{"line":155,"column":33},"end":{"line":156,"column":30}},"locations":[{"start":{"line":155,"column":33},"end":{"line":156,"column":30}}]},"67":{"type":"branch","line":156,"loc":{"start":{"line":156,"column":26},"end":{"line":157,"column":45}},"locations":[{"start":{"line":156,"column":26},"end":{"line":157,"column":45}}]},"68":{"type":"branch","line":157,"loc":{"start":{"line":157,"column":41},"end":{"line":158,"column":58}},"locations":[{"start":{"line":157,"column":41},"end":{"line":158,"column":58}}]},"69":{"type":"branch","line":179,"loc":{"start":{"line":179,"column":38},"end":{"line":214,"column":2}},"locations":[{"start":{"line":179,"column":38},"end":{"line":214,"column":2}}]},"70":{"type":"branch","line":182,"loc":{"start":{"line":182,"column":24},"end":{"line":184,"column":3}},"locations":[{"start":{"line":182,"column":24},"end":{"line":184,"column":3}}]},"71":{"type":"branch","line":186,"loc":{"start":{"line":186,"column":35},"end":{"line":186,"column":75}},"locations":[{"start":{"line":186,"column":35},"end":{"line":186,"column":75}}]},"72":{"type":"branch","line":187,"loc":{"start":{"line":187,"column":35},"end":{"line":187,"column":75}},"locations":[{"start":{"line":187,"column":35},"end":{"line":187,"column":75}}]},"73":{"type":"branch","line":188,"loc":{"start":{"line":188,"column":35},"end":{"line":188,"column":75}},"locations":[{"start":{"line":188,"column":35},"end":{"line":188,"column":75}}]},"74":{"type":"branch","line":189,"loc":{"start":{"line":189,"column":38},"end":{"line":189,"column":86}},"locations":[{"start":{"line":189,"column":38},"end":{"line":189,"column":86}}]},"75":{"type":"branch","line":190,"loc":{"start":{"line":190,"column":40},"end":{"line":190,"column":90}},"locations":[{"start":{"line":190,"column":40},"end":{"line":190,"column":90}}]},"76":{"type":"branch","line":192,"loc":{"start":{"line":192,"column":37},"end":{"line":196,"column":3}},"locations":[{"start":{"line":192,"column":37},"end":{"line":196,"column":3}}]},"77":{"type":"branch","line":194,"loc":{"start":{"line":194,"column":59},"end":{"line":196,"column":3}},"locations":[{"start":{"line":194,"column":59},"end":{"line":196,"column":3}}]},"78":{"type":"branch","line":198,"loc":{"start":{"line":198,"column":37},"end":{"line":198,"column":79}},"locations":[{"start":{"line":198,"column":37},"end":{"line":198,"column":79}}]},"79":{"type":"branch","line":199,"loc":{"start":{"line":199,"column":35},"end":{"line":199,"column":75}},"locations":[{"start":{"line":199,"column":35},"end":{"line":199,"column":75}}]},"80":{"type":"branch","line":200,"loc":{"start":{"line":200,"column":33},"end":{"line":200,"column":71}},"locations":[{"start":{"line":200,"column":33},"end":{"line":200,"column":71}}]},"81":{"type":"branch","line":201,"loc":{"start":{"line":201,"column":33},"end":{"line":201,"column":71}},"locations":[{"start":{"line":201,"column":33},"end":{"line":201,"column":71}}]},"82":{"type":"branch","line":202,"loc":{"start":{"line":202,"column":31},"end":{"line":202,"column":67}},"locations":[{"start":{"line":202,"column":31},"end":{"line":202,"column":67}}]},"83":{"type":"branch","line":203,"loc":{"start":{"line":203,"column":37},"end":{"line":203,"column":79}},"locations":[{"start":{"line":203,"column":37},"end":{"line":203,"column":79}}]},"84":{"type":"branch","line":204,"loc":{"start":{"line":204,"column":35},"end":{"line":204,"column":75}},"locations":[{"start":{"line":204,"column":35},"end":{"line":204,"column":75}}]},"85":{"type":"branch","line":205,"loc":{"start":{"line":205,"column":39},"end":{"line":205,"column":83}},"locations":[{"start":{"line":205,"column":39},"end":{"line":205,"column":83}}]},"86":{"type":"branch","line":206,"loc":{"start":{"line":206,"column":42},"end":{"line":206,"column":89}},"locations":[{"start":{"line":206,"column":42},"end":{"line":206,"column":89}}]},"87":{"type":"branch","line":207,"loc":{"start":{"line":207,"column":42},"end":{"line":207,"column":89}},"locations":[{"start":{"line":207,"column":42},"end":{"line":207,"column":89}}]},"88":{"type":"branch","line":209,"loc":{"start":{"line":209,"column":25},"end":{"line":214,"column":2}},"locations":[{"start":{"line":209,"column":25},"end":{"line":214,"column":2}}]},"89":{"type":"branch","line":217,"loc":{"start":{"line":217,"column":41},"end":{"line":238,"column":2}},"locations":[{"start":{"line":217,"column":41},"end":{"line":238,"column":2}}]},"90":{"type":"branch","line":220,"loc":{"start":{"line":220,"column":24},"end":{"line":222,"column":3}},"locations":[{"start":{"line":220,"column":24},"end":{"line":222,"column":3}}]},"91":{"type":"branch","line":224,"loc":{"start":{"line":224,"column":30},"end":{"line":224,"column":65}},"locations":[{"start":{"line":224,"column":30},"end":{"line":224,"column":65}}]},"92":{"type":"branch","line":225,"loc":{"start":{"line":225,"column":32},"end":{"line":225,"column":69}},"locations":[{"start":{"line":225,"column":32},"end":{"line":225,"column":69}}]},"93":{"type":"branch","line":226,"loc":{"start":{"line":226,"column":35},"end":{"line":226,"column":75}},"locations":[{"start":{"line":226,"column":35},"end":{"line":226,"column":75}}]},"94":{"type":"branch","line":227,"loc":{"start":{"line":227,"column":37},"end":{"line":227,"column":79}},"locations":[{"start":{"line":227,"column":37},"end":{"line":227,"column":79}}]},"95":{"type":"branch","line":228,"loc":{"start":{"line":228,"column":35},"end":{"line":228,"column":75}},"locations":[{"start":{"line":228,"column":35},"end":{"line":228,"column":75}}]},"96":{"type":"branch","line":229,"loc":{"start":{"line":229,"column":42},"end":{"line":229,"column":89}},"locations":[{"start":{"line":229,"column":42},"end":{"line":229,"column":89}}]},"97":{"type":"branch","line":230,"loc":{"start":{"line":230,"column":38},"end":{"line":230,"column":81}},"locations":[{"start":{"line":230,"column":38},"end":{"line":230,"column":81}}]},"98":{"type":"branch","line":231,"loc":{"start":{"line":231,"column":43},"end":{"line":231,"column":91}},"locations":[{"start":{"line":231,"column":43},"end":{"line":231,"column":91}}]},"99":{"type":"branch","line":233,"loc":{"start":{"line":233,"column":25},"end":{"line":235,"column":3}},"locations":[{"start":{"line":233,"column":25},"end":{"line":235,"column":3}}]},"100":{"type":"branch","line":241,"loc":{"start":{"line":241,"column":39},"end":{"line":290,"column":2}},"locations":[{"start":{"line":241,"column":39},"end":{"line":290,"column":2}}]},"101":{"type":"branch","line":244,"loc":{"start":{"line":244,"column":24},"end":{"line":246,"column":3}},"locations":[{"start":{"line":244,"column":24},"end":{"line":246,"column":3}}]},"102":{"type":"branch","line":248,"loc":{"start":{"line":248,"column":30},"end":{"line":248,"column":65}},"locations":[{"start":{"line":248,"column":30},"end":{"line":248,"column":65}}]},"103":{"type":"branch","line":249,"loc":{"start":{"line":249,"column":32},"end":{"line":249,"column":69}},"locations":[{"start":{"line":249,"column":32},"end":{"line":249,"column":69}}]},"104":{"type":"branch","line":250,"loc":{"start":{"line":250,"column":39},"end":{"line":250,"column":83}},"locations":[{"start":{"line":250,"column":39},"end":{"line":250,"column":83}}]},"105":{"type":"branch","line":251,"loc":{"start":{"line":251,"column":32},"end":{"line":251,"column":69}},"locations":[{"start":{"line":251,"column":32},"end":{"line":251,"column":69}}]},"106":{"type":"branch","line":252,"loc":{"start":{"line":252,"column":33},"end":{"line":252,"column":71}},"locations":[{"start":{"line":252,"column":33},"end":{"line":252,"column":71}}]},"107":{"type":"branch","line":253,"loc":{"start":{"line":253,"column":34},"end":{"line":253,"column":73}},"locations":[{"start":{"line":253,"column":34},"end":{"line":253,"column":73}}]},"108":{"type":"branch","line":254,"loc":{"start":{"line":254,"column":33},"end":{"line":254,"column":71}},"locations":[{"start":{"line":254,"column":33},"end":{"line":254,"column":71}}]},"109":{"type":"branch","line":255,"loc":{"start":{"line":255,"column":34},"end":{"line":255,"column":73}},"locations":[{"start":{"line":255,"column":34},"end":{"line":255,"column":73}}]},"110":{"type":"branch","line":256,"loc":{"start":{"line":256,"column":39},"end":{"line":256,"column":83}},"locations":[{"start":{"line":256,"column":39},"end":{"line":256,"column":83}}]},"111":{"type":"branch","line":257,"loc":{"start":{"line":257,"column":29},"end":{"line":257,"column":63}},"locations":[{"start":{"line":257,"column":29},"end":{"line":257,"column":63}}]},"112":{"type":"branch","line":258,"loc":{"start":{"line":258,"column":29},"end":{"line":258,"column":63}},"locations":[{"start":{"line":258,"column":29},"end":{"line":258,"column":63}}]},"113":{"type":"branch","line":260,"loc":{"start":{"line":260,"column":43},"end":{"line":262,"column":13}},"locations":[{"start":{"line":260,"column":43},"end":{"line":262,"column":13}}]},"114":{"type":"branch","line":262,"loc":{"start":{"line":262,"column":65},"end":{"line":264,"column":3}},"locations":[{"start":{"line":262,"column":65},"end":{"line":264,"column":3}}]},"115":{"type":"branch","line":266,"loc":{"start":{"line":266,"column":44},"end":{"line":268,"column":13}},"locations":[{"start":{"line":266,"column":44},"end":{"line":268,"column":13}}]},"116":{"type":"branch","line":268,"loc":{"start":{"line":268,"column":66},"end":{"line":270,"column":3}},"locations":[{"start":{"line":268,"column":66},"end":{"line":270,"column":3}}]},"117":{"type":"branch","line":272,"loc":{"start":{"line":272,"column":44},"end":{"line":272,"column":98}},"locations":[{"start":{"line":272,"column":44},"end":{"line":272,"column":98}}]},"118":{"type":"branch","line":273,"loc":{"start":{"line":273,"column":33},"end":{"line":273,"column":71}},"locations":[{"start":{"line":273,"column":33},"end":{"line":273,"column":71}}]},"119":{"type":"branch","line":274,"loc":{"start":{"line":274,"column":37},"end":{"line":274,"column":79}},"locations":[{"start":{"line":274,"column":37},"end":{"line":274,"column":79}}]},"120":{"type":"branch","line":275,"loc":{"start":{"line":275,"column":36},"end":{"line":275,"column":77}},"locations":[{"start":{"line":275,"column":36},"end":{"line":275,"column":77}}]},"121":{"type":"branch","line":276,"loc":{"start":{"line":276,"column":39},"end":{"line":276,"column":83}},"locations":[{"start":{"line":276,"column":39},"end":{"line":276,"column":83}}]},"122":{"type":"branch","line":277,"loc":{"start":{"line":277,"column":32},"end":{"line":277,"column":69}},"locations":[{"start":{"line":277,"column":32},"end":{"line":277,"column":69}}]},"123":{"type":"branch","line":279,"loc":{"start":{"line":279,"column":47},"end":{"line":281,"column":13}},"locations":[{"start":{"line":279,"column":47},"end":{"line":281,"column":13}}]},"124":{"type":"branch","line":281,"loc":{"start":{"line":281,"column":70},"end":{"line":283,"column":3}},"locations":[{"start":{"line":281,"column":70},"end":{"line":283,"column":3}}]},"125":{"type":"branch","line":285,"loc":{"start":{"line":285,"column":25},"end":{"line":287,"column":3}},"locations":[{"start":{"line":285,"column":25},"end":{"line":287,"column":3}}]}},"b":{"0":[24],"1":[23],"2":[22],"3":[58],"4":[52],"5":[40],"6":[26],"7":[8],"8":[2],"9":[6],"10":[0],"11":[6],"12":[4],"13":[3],"14":[1],"15":[6],"16":[0],"17":[3],"18":[1],"19":[2],"20":[1],"21":[1],"22":[1],"23":[1],"24":[1],"25":[1],"26":[1],"27":[1],"28":[1],"29":[1],"30":[1],"31":[1],"32":[1],"33":[1],"34":[1],"35":[1],"36":[2],"37":[0],"38":[1],"39":[1],"40":[1],"41":[1],"42":[1],"43":[1],"44":[1],"45":[2],"46":[0],"47":[1],"48":[1],"49":[1],"50":[1],"51":[1],"52":[1],"53":[1],"54":[1],"55":[1],"56":[1],"57":[1],"58":[1],"59":[1],"60":[1],"61":[1],"62":[1],"63":[1],"64":[1],"65":[1],"66":[1],"67":[1],"68":[1],"69":[2],"70":[0],"71":[1],"72":[1],"73":[1],"74":[1],"75":[1],"76":[1],"77":[0],"78":[1],"79":[1],"80":[1],"81":[1],"82":[1],"83":[1],"84":[1],"85":[1],"86":[1],"87":[1],"88":[1],"89":[1],"90":[0],"91":[0],"92":[0],"93":[0],"94":[0],"95":[0],"96":[0],"97":[0],"98":[0],"99":[0],"100":[1],"101":[0],"102":[0],"103":[0],"104":[0],"105":[0],"106":[0],"107":[0],"108":[0],"109":[0],"110":[0],"111":[0],"112":[0],"113":[0],"114":[0],"115":[0],"116":[0],"117":[0],"118":[0],"119":[0],"120":[0],"121":[0],"122":[0],"123":[0],"124":[0],"125":[0]},"fnMap":{"0":{"name":"isObject","decl":{"start":{"line":21,"column":0},"end":{"line":23,"column":1}},"loc":{"start":{"line":21,"column":0},"end":{"line":23,"column":1}},"line":21},"1":{"name":"isNumber","decl":{"start":{"line":26,"column":0},"end":{"line":28,"column":1}},"loc":{"start":{"line":26,"column":0},"end":{"line":28,"column":1}},"line":26},"2":{"name":"isString","decl":{"start":{"line":31,"column":0},"end":{"line":33,"column":1}},"loc":{"start":{"line":31,"column":0},"end":{"line":33,"column":1}},"line":31},"3":{"name":"isBoolean","decl":{"start":{"line":36,"column":0},"end":{"line":38,"column":1}},"loc":{"start":{"line":36,"column":0},"end":{"line":38,"column":1}},"line":36},"4":{"name":"isNumberArray","decl":{"start":{"line":41,"column":0},"end":{"line":45,"column":1}},"loc":{"start":{"line":41,"column":0},"end":{"line":45,"column":1}},"line":41},"5":{"name":"createValidationResult","decl":{"start":{"line":48,"column":0},"end":{"line":66,"column":1}},"loc":{"start":{"line":48,"column":0},"end":{"line":66,"column":1}},"line":48},"6":{"name":"isHyprlandWorkspaceInfo","decl":{"start":{"line":73,"column":77},"end":{"line":82,"column":2}},"loc":{"start":{"line":73,"column":77},"end":{"line":82,"column":2}},"line":73},"7":{"name":"isHyprlandWindow","decl":{"start":{"line":85,"column":63},"end":{"line":109,"column":2}},"loc":{"start":{"line":85,"column":63},"end":{"line":109,"column":2}},"line":85},"8":{"name":"isHyprlandWorkspace","decl":{"start":{"line":112,"column":69},"end":{"line":127,"column":2}},"loc":{"start":{"line":112,"column":69},"end":{"line":127,"column":2}},"line":112},"9":{"name":"isHyprlandMonitor","decl":{"start":{"line":130,"column":65},"end":{"line":160,"column":2}},"loc":{"start":{"line":130,"column":65},"end":{"line":160,"column":2}},"line":130},"10":{"name":"isHyprlandEvent","decl":{"start":{"line":163,"column":61},"end":{"line":172,"column":2}},"loc":{"start":{"line":163,"column":61},"end":{"line":172,"column":2}},"line":163},"11":{"name":"validateHyprlandWindow","decl":{"start":{"line":179,"column":38},"end":{"line":214,"column":2}},"loc":{"start":{"line":179,"column":38},"end":{"line":214,"column":2}},"line":179},"12":{"name":"validateHyprlandWorkspace","decl":{"start":{"line":217,"column":41},"end":{"line":238,"column":2}},"loc":{"start":{"line":217,"column":41},"end":{"line":238,"column":2}},"line":217},"13":{"name":"validateHyprlandMonitor","decl":{"start":{"line":241,"column":39},"end":{"line":290,"column":2}},"loc":{"start":{"line":241,"column":39},"end":{"line":290,"column":2}},"line":241},"14":{"name":"validateHyprlandWindowArray","decl":{"start":{"line":293,"column":43},"end":{"line":315,"column":2}},"loc":{"start":{"line":293,"column":43},"end":{"line":315,"column":2}},"line":293},"15":{"name":"validateHyprlandWorkspaceArray","decl":{"start":{"line":318,"column":46},"end":{"line":340,"column":2}},"loc":{"start":{"line":318,"column":46},"end":{"line":340,"column":2}},"line":318},"16":{"name":"validateHyprlandMonitorArray","decl":{"start":{"line":343,"column":44},"end":{"line":365,"column":2}},"loc":{"start":{"line":343,"column":44},"end":{"line":365,"column":2}},"line":343}},"f":{"0":24,"1":58,"2":40,"3":26,"4":8,"5":4,"6":6,"7":3,"8":2,"9":2,"10":0,"11":2,"12":1,"13":1,"14":0,"15":0,"16":0}}
}
