TN:
SF:src/index.ts
FN:1,(empty-report)
FNF:1
FNH:1
FNDA:1,(empty-report)
DA:7,0
DA:10,0
LF:2
LH:0
BRDA:1,0,0,1
BRF:1
BRH:1
end_of_record
TN:
SF:src/types.ts
FN:1,(empty-report)
FNF:1
FNH:1
FNDA:1,(empty-report)
LF:0
LH:0
BRDA:1,0,0,1
BRF:1
BRH:1
end_of_record
TN:
SF:src/validation.ts
FN:21,isObject
FN:26,isNumber
FN:31,isString
FN:36,isBoolean
FN:41,isNumberArray
FN:48,createValidationResult
FN:73,isHyprlandWorkspaceInfo
FN:85,isHyprlandWindow
FN:112,isHyprlandWorkspace
FN:130,isHyprlandMonitor
FN:163,isHyprlandEvent
FN:179,validateHyprlandWindow
FN:217,validateHyprlandWorkspace
FN:241,validateHyprlandMonitor
FN:293,validateHyprlandWindowArray
FN:318,validateHyprlandWorkspaceArray
FN:343,validateHyprlandMonitorArray
FNF:17
FNH:13
FNDA:24,isObject
FNDA:58,isNumber
FNDA:40,isString
FNDA:26,isBoolean
FNDA:8,isNumberArray
FNDA:4,createValidationResult
FNDA:6,isHyprlandWorkspaceInfo
FNDA:3,isHyprlandWindow
FNDA:2,isHyprlandWorkspace
FNDA:2,isHyprlandMonitor
FNDA:0,isHyprlandEvent
FNDA:2,validateHyprlandWindow
FNDA:1,validateHyprlandWorkspace
FNDA:1,validateHyprlandMonitor
FNDA:0,validateHyprlandWindowArray
FNDA:0,validateHyprlandWorkspaceArray
FNDA:0,validateHyprlandMonitorArray
DA:21,24
DA:22,24
DA:23,24
DA:26,58
DA:27,58
DA:28,58
DA:31,40
DA:32,40
DA:33,40
DA:36,26
DA:37,26
DA:38,26
DA:41,8
DA:42,8
DA:43,8
DA:44,6
DA:45,6
DA:48,4
DA:49,4
DA:50,4
DA:51,4
DA:52,4
DA:53,4
DA:54,3
DA:55,3
DA:56,3
DA:57,3
DA:58,3
DA:59,4
DA:60,1
DA:61,1
DA:62,1
DA:63,1
DA:64,1
DA:65,1
DA:66,4
DA:73,1
DA:74,6
DA:75,6
DA:76,6
DA:78,6
DA:79,6
DA:80,6
DA:82,6
DA:85,1
DA:86,3
DA:87,3
DA:88,3
DA:90,2
DA:91,2
DA:92,1
DA:93,1
DA:94,1
DA:95,1
DA:96,1
DA:97,1
DA:98,1
DA:99,1
DA:100,1
DA:101,1
DA:102,1
DA:103,1
DA:104,1
DA:105,1
DA:106,1
DA:107,1
DA:109,3
DA:112,1
DA:113,2
DA:114,2
DA:115,2
DA:117,2
DA:118,2
DA:119,1
DA:120,1
DA:121,1
DA:122,1
DA:123,1
DA:124,1
DA:125,1
DA:127,2
DA:130,1
DA:131,2
DA:132,2
DA:133,2
DA:135,2
DA:136,2
DA:137,1
DA:138,1
DA:139,1
DA:140,1
DA:141,1
DA:142,1
DA:143,1
DA:144,1
DA:145,1
DA:146,1
DA:147,1
DA:148,1
DA:149,1
DA:150,1
DA:151,1
DA:152,1
DA:153,1
DA:154,1
DA:155,1
DA:156,1
DA:157,1
DA:158,1
DA:160,2
DA:163,1
DA:164,0
DA:165,0
DA:166,0
DA:168,0
DA:169,0
DA:170,0
DA:172,0
DA:179,1
DA:180,2
DA:182,2
DA:183,0
DA:184,0
DA:186,2
DA:187,2
DA:188,2
DA:189,2
DA:190,2
DA:192,2
DA:193,1
DA:194,1
DA:195,0
DA:196,0
DA:198,2
DA:199,2
DA:200,2
DA:201,2
DA:202,2
DA:203,2
DA:204,2
DA:205,2
DA:206,2
DA:207,2
DA:209,2
DA:210,1
DA:211,1
DA:213,1
DA:214,1
DA:217,1
DA:218,1
DA:220,1
DA:221,0
DA:222,0
DA:224,1
DA:225,1
DA:226,1
DA:227,1
DA:228,1
DA:229,1
DA:230,1
DA:231,1
DA:233,1
DA:234,0
DA:235,0
DA:237,1
DA:238,1
DA:241,1
DA:242,1
DA:244,1
DA:245,0
DA:246,0
DA:248,1
DA:249,1
DA:250,1
DA:251,1
DA:252,1
DA:253,1
DA:254,1
DA:255,1
DA:256,1
DA:257,1
DA:258,1
DA:260,1
DA:261,0
DA:262,1
DA:263,0
DA:264,0
DA:266,1
DA:267,0
DA:268,1
DA:269,0
DA:270,0
DA:272,1
DA:273,1
DA:274,1
DA:275,1
DA:276,1
DA:277,1
DA:279,1
DA:280,0
DA:281,1
DA:282,0
DA:283,0
DA:285,1
DA:286,0
DA:287,0
DA:289,1
DA:290,1
DA:293,1
DA:294,0
DA:295,0
DA:296,0
DA:298,0
DA:299,0
DA:301,0
DA:302,0
DA:303,0
DA:304,0
DA:305,0
DA:306,0
DA:307,0
DA:308,0
DA:310,0
DA:311,0
DA:312,0
DA:314,0
DA:315,0
DA:318,1
DA:319,0
DA:320,0
DA:321,0
DA:323,0
DA:324,0
DA:326,0
DA:327,0
DA:328,0
DA:329,0
DA:330,0
DA:331,0
DA:332,0
DA:333,0
DA:335,0
DA:336,0
DA:337,0
DA:339,0
DA:340,0
DA:343,1
DA:344,0
DA:345,0
DA:346,0
DA:348,0
DA:349,0
DA:351,0
DA:352,0
DA:353,0
DA:354,0
DA:355,0
DA:356,0
DA:357,0
DA:358,0
DA:360,0
DA:361,0
DA:362,0
DA:364,0
DA:365,0
LF:265
LH:183
BRDA:21,0,0,24
BRDA:22,1,0,23
BRDA:22,2,0,22
BRDA:26,3,0,58
BRDA:27,4,0,52
BRDA:31,5,0,40
BRDA:36,6,0,26
BRDA:41,7,0,8
BRDA:42,8,0,2
BRDA:42,9,0,6
BRDA:43,10,0,0
BRDA:43,11,0,6
BRDA:48,12,0,4
BRDA:53,13,0,3
BRDA:59,14,0,1
BRDA:73,15,0,6
BRDA:76,16,0,0
BRDA:85,17,0,3
BRDA:88,18,0,1
BRDA:88,19,0,2
BRDA:91,20,0,1
BRDA:92,21,0,1
BRDA:93,22,0,1
BRDA:94,23,0,1
BRDA:95,24,0,1
BRDA:96,25,0,1
BRDA:97,26,0,1
BRDA:98,27,0,1
BRDA:99,28,0,1
BRDA:100,29,0,1
BRDA:101,30,0,1
BRDA:102,31,0,1
BRDA:103,32,0,1
BRDA:104,33,0,1
BRDA:105,34,0,1
BRDA:106,35,0,1
BRDA:112,36,0,2
BRDA:115,37,0,0
BRDA:118,38,0,1
BRDA:119,39,0,1
BRDA:120,40,0,1
BRDA:121,41,0,1
BRDA:122,42,0,1
BRDA:123,43,0,1
BRDA:124,44,0,1
BRDA:130,45,0,2
BRDA:133,46,0,0
BRDA:136,47,0,1
BRDA:137,48,0,1
BRDA:138,49,0,1
BRDA:139,50,0,1
BRDA:140,51,0,1
BRDA:141,52,0,1
BRDA:142,53,0,1
BRDA:143,54,0,1
BRDA:144,55,0,1
BRDA:145,56,0,1
BRDA:146,57,0,1
BRDA:147,58,0,1
BRDA:148,59,0,1
BRDA:149,60,0,1
BRDA:150,61,0,1
BRDA:151,62,0,1
BRDA:152,63,0,1
BRDA:153,64,0,1
BRDA:154,65,0,1
BRDA:155,66,0,1
BRDA:156,67,0,1
BRDA:157,68,0,1
BRDA:179,69,0,2
BRDA:182,70,0,0
BRDA:186,71,0,1
BRDA:187,72,0,1
BRDA:188,73,0,1
BRDA:189,74,0,1
BRDA:190,75,0,1
BRDA:192,76,0,1
BRDA:194,77,0,0
BRDA:198,78,0,1
BRDA:199,79,0,1
BRDA:200,80,0,1
BRDA:201,81,0,1
BRDA:202,82,0,1
BRDA:203,83,0,1
BRDA:204,84,0,1
BRDA:205,85,0,1
BRDA:206,86,0,1
BRDA:207,87,0,1
BRDA:209,88,0,1
BRDA:217,89,0,1
BRDA:220,90,0,0
BRDA:224,91,0,0
BRDA:225,92,0,0
BRDA:226,93,0,0
BRDA:227,94,0,0
BRDA:228,95,0,0
BRDA:229,96,0,0
BRDA:230,97,0,0
BRDA:231,98,0,0
BRDA:233,99,0,0
BRDA:241,100,0,1
BRDA:244,101,0,0
BRDA:248,102,0,0
BRDA:249,103,0,0
BRDA:250,104,0,0
BRDA:251,105,0,0
BRDA:252,106,0,0
BRDA:253,107,0,0
BRDA:254,108,0,0
BRDA:255,109,0,0
BRDA:256,110,0,0
BRDA:257,111,0,0
BRDA:258,112,0,0
BRDA:260,113,0,0
BRDA:262,114,0,0
BRDA:266,115,0,0
BRDA:268,116,0,0
BRDA:272,117,0,0
BRDA:273,118,0,0
BRDA:274,119,0,0
BRDA:275,120,0,0
BRDA:276,121,0,0
BRDA:277,122,0,0
BRDA:279,123,0,0
BRDA:281,124,0,0
BRDA:285,125,0,0
BRF:126
BRH:85
end_of_record
